#
# There is insufficient memory for the Java Runtime Environment to continue.
# Native memory allocation (mmap) failed to map 436207616 bytes for G1 virtual space
# Possible reasons:
#   The system is out of physical RAM or swap space
#   The process is running with CompressedOops enabled, and the Java Heap may be blocking the growth of the native heap
# Possible solutions:
#   Reduce memory load on the system
#   Increase physical memory or swap space
#   Check if swap backing store is full
#   Decrease Java heap size (-Xmx/-Xms)
#   Decrease number of Java threads
#   Decrease Java thread stack sizes (-Xss)
#   Set larger code cache with -XX:ReservedCodeCacheSize=
#   JVM is running with Unscaled Compressed Oops mode in which the Java heap is
#     placed in the first 4GB address space. The Java Heap base address is the
#     maximum limit for the native heap growth. Please use -XX:HeapBaseMinAddress
#     to set the Java Heap base and to place the Java Heap above 4GB virtual address.
# This output file may be truncated or incomplete.
#
#  Out of Memory Error (os_windows.cpp:3769), pid=9136, tid=5380
#
# JRE version: OpenJDK Runtime Environment (17.0.6) (build 17.0.6+0-b2043.56-9586694)
# Java VM: OpenJDK 64-Bit Server VM (17.0.6+0-b2043.56-9586694, mixed mode, tiered, compressed oops, compressed class ptrs, g1 gc, windows-amd64)
# No core dump will be written. Minidumps are not enabled by default on client versions of Windows
#

---------------  S U M M A R Y ------------

Command Line: --add-opens=java.base/java.util=ALL-UNNAMED --add-opens=java.base/java.lang=ALL-UNNAMED --add-opens=java.base/java.lang.invoke=ALL-UNNAMED --add-opens=java.prefs/java.util.prefs=ALL-UNNAMED --add-opens=java.base/java.nio.charset=ALL-UNNAMED --add-opens=java.base/java.net=ALL-UNNAMED --add-opens=java.base/java.util.concurrent.atomic=ALL-UNNAMED -Xmx2048m -Dfile.encoding=UTF-8 -Duser.country=ZA -Duser.language=en -Duser.variant org.gradle.launcher.daemon.bootstrap.GradleDaemon 8.0

Host: Intel(R) Core(TM) i5-9300H CPU @ 2.40GHz, 8 cores, 7G,  Windows 11 , 64 bit Build 22621 (10.0.22621.1635)
Time: Fri May 19 00:16:56 2023 South Africa Standard Time elapsed time: 14.714627 seconds (0d 0h 0m 14s)

---------------  T H R E A D  ---------------

Current thread (0x0000021565013330):  VMThread "VM Thread" [stack: 0x000000a57a400000,0x000000a57a500000] [id=5380]

Stack: [0x000000a57a400000,0x000000a57a500000]
Native frames: (J=compiled Java code, j=interpreted, Vv=VM code, C=native code)
V  [jvm.dll+0x683b4a]
V  [jvm.dll+0x842654]
V  [jvm.dll+0x843dfe]
V  [jvm.dll+0x844463]
V  [jvm.dll+0x249b75]
V  [jvm.dll+0x680a19]
V  [jvm.dll+0x674f0a]
V  [jvm.dll+0x309acb]
V  [jvm.dll+0x310f86]
V  [jvm.dll+0x3608ee]
V  [jvm.dll+0x360b1f]
V  [jvm.dll+0x2dfbf8]
V  [jvm.dll+0x2ddec4]
V  [jvm.dll+0x2dd4cc]
V  [jvm.dll+0x321f3b]
V  [jvm.dll+0x84893b]
V  [jvm.dll+0x849674]
V  [jvm.dll+0x849b8d]
V  [jvm.dll+0x849f64]
V  [jvm.dll+0x84a030]
V  [jvm.dll+0x7f25fa]
V  [jvm.dll+0x682985]
C  [ucrtbase.dll+0x29363]
C  [KERNEL32.DLL+0x126ad]
C  [ntdll.dll+0x5a9f8]

VM_Operation (0x000000a5030f3720): G1CollectForAllocation, mode: safepoint, requested by thread 0x000002156a0d5020


---------------  P R O C E S S  ---------------

Threads class SMR info:
_java_thread_list=0x000002156e870390, length=152, elements={
0x000002154a7a0420, 0x000002156461b250, 0x000002156461de10, 0x0000021564606780,
0x0000021564607330, 0x0000021564608cf0, 0x0000021565037410, 0x000002156503b500,
0x0000021565043fb0, 0x000002156504f180, 0x00000215651fea30, 0x00000215651fd6f0,
0x00000215651fe090, 0x00000215651fe560, 0x00000215651fdbc0, 0x00000215651fc880,
0x00000215651fcd50, 0x00000215651fb070, 0x00000215651fc3b0, 0x00000215651fbee0,
0x00000215651fb540, 0x00000215651fba10, 0x0000021565fa1ac0, 0x0000021565f9f910,
0x0000021565fa0780, 0x0000021565fa0c50, 0x0000021565f9e5d0, 0x0000021565f9e100,
0x0000021565f9fde0, 0x0000021565fa15f0, 0x0000021565fa02b0, 0x0000021565fa1120,
0x0000021565f9eaa0, 0x0000021565f9ef70, 0x0000021565f9f440, 0x0000021567549e50,
0x000002156754e680, 0x000002156754c4d0, 0x0000021567548b10, 0x0000021567548170,
0x0000021567548640, 0x0000021567549980, 0x000002156754e1b0, 0x000002156754d340,
0x000002156754a320, 0x000002156754c9a0, 0x000002156754ce70, 0x000002156754a7f0,
0x000002156754eb50, 0x000002156754d810, 0x000002156754f9c0, 0x000002156754dce0,
0x000002156754bb30, 0x000002156754acc0, 0x000002156754b190, 0x000002156754f020,
0x000002156754b660, 0x000002156754f4f0, 0x0000021569cef060, 0x0000021569cf2080,
0x0000021569cf33c0, 0x0000021569cf1210, 0x0000021569cf63e0, 0x0000021569cf50a0,
0x0000021569cf3d60, 0x0000021569cf2550, 0x0000021569cf4700, 0x0000021569cf1bb0,
0x0000021569cf68b0, 0x0000021569cefed0, 0x0000021569cef530, 0x0000021569cefa00,
0x0000021569cf03a0, 0x0000021569cf4bd0, 0x0000021569cf0870, 0x0000021569cf5570,
0x0000021569cf0d40, 0x0000021569cf5f10, 0x0000021569cf16e0, 0x0000021569cf5a40,
0x0000021569cf2a20, 0x0000021569cf2ef0, 0x0000021569cf3890, 0x0000021569cf4230,
0x000002156a117100, 0x000002156a11aac0, 0x000002156a116290, 0x000002156a11b460,
0x000002156a11b930, 0x000002156a11be00, 0x000002156a1158f0, 0x000002156a118910,
0x000002156a11c2d0, 0x000002156a116760, 0x000002156a1175d0, 0x000002156a1192b0,
0x000002156a118de0, 0x000002156a114a80, 0x000002156a119c50, 0x000002156a115dc0,
0x000002156a114f50, 0x000002156a119780, 0x000002156a115420, 0x000002156a11af90,
0x000002156a116c30, 0x000002156a117aa0, 0x000002156a117f70, 0x000002156a118440,
0x000002156a11a120, 0x000002156a11a5f0, 0x000002156a0d6830, 0x000002156a0d9850,
0x000002156a0d6d00, 0x000002156a0d89e0, 0x000002156a0da6c0, 0x000002156a0d8040,
0x000002156a0d8eb0, 0x000002156a0d7b70, 0x000002156a0d8510, 0x000002156a0d6360,
0x000002156a0db060, 0x000002156a0d76a0, 0x000002156a0d3ce0, 0x000002156a0d3810,
0x000002156a0d9380, 0x000002156a0d59c0, 0x000002156a0d4680, 0x000002156a0d9d20,
0x000002156a0d4b50, 0x000002156a0da1f0, 0x000002156a0d5020, 0x000002156a0dab90,
0x000002156a0d54f0, 0x000002156a0d5e90, 0x000002156e547570, 0x000002156e547a40,
0x000002156e5488b0, 0x000002156e547f10, 0x000002156e5470a0, 0x000002156e5483e0,
0x00000215662e21b0, 0x00000215662e1ce0, 0x00000215662e34f0, 0x0000021567e477a0,
0x0000021567e46e00, 0x000002156e5c4a40, 0x000002156e5c4f10, 0x0000021567e26e40,
0x000002156e5c58b0, 0x000002156e5c5d80, 0x000002156e5c6bf0, 0x000002156e5c6720
}

Java Threads: ( => current thread )
  0x000002154a7a0420 JavaThread "main" [_thread_blocked, id=15168, stack(0x000000a579e00000,0x000000a579f00000)]
  0x000002156461b250 JavaThread "Reference Handler" daemon [_thread_blocked, id=12928, stack(0x000000a57a500000,0x000000a57a600000)]
  0x000002156461de10 JavaThread "Finalizer" daemon [_thread_blocked, id=17212, stack(0x000000a57a600000,0x000000a57a700000)]
  0x0000021564606780 JavaThread "Signal Dispatcher" daemon [_thread_blocked, id=17572, stack(0x000000a57a700000,0x000000a57a800000)]
  0x0000021564607330 JavaThread "Attach Listener" daemon [_thread_blocked, id=1168, stack(0x000000a57a800000,0x000000a57a900000)]
  0x0000021564608cf0 JavaThread "Service Thread" daemon [_thread_blocked, id=5524, stack(0x000000a57a900000,0x000000a57aa00000)]
  0x0000021565037410 JavaThread "Monitor Deflation Thread" daemon [_thread_blocked, id=9096, stack(0x000000a57aa00000,0x000000a57ab00000)]
  0x000002156503b500 JavaThread "C2 CompilerThread0" daemon [_thread_blocked, id=12892, stack(0x000000a57ab00000,0x000000a57ac00000)]
  0x0000021565043fb0 JavaThread "C1 CompilerThread0" daemon [_thread_blocked, id=11328, stack(0x000000a57ac00000,0x000000a57ad00000)]
  0x000002156504f180 JavaThread "Sweeper thread" daemon [_thread_blocked, id=6228, stack(0x000000a57ad00000,0x000000a57ae00000)]
  0x00000215651fea30 JavaThread "Common-Cleaner" daemon [_thread_blocked, id=15224, stack(0x000000a57ae00000,0x000000a57af00000)]
  0x00000215651fd6f0 JavaThread "Notification Thread" daemon [_thread_blocked, id=16704, stack(0x000000a57af00000,0x000000a57b000000)]
  0x00000215651fe090 JavaThread "Daemon health stats" [_thread_blocked, id=8568, stack(0x000000a57b500000,0x000000a57b600000)]
  0x00000215651fe560 JavaThread "Incoming local TCP Connector on port 52120" [_thread_in_native, id=7032, stack(0x000000a57b600000,0x000000a57b700000)]
  0x00000215651fdbc0 JavaThread "Daemon periodic checks" [_thread_blocked, id=9184, stack(0x000000a57b700000,0x000000a57b800000)]
  0x00000215651fc880 JavaThread "Daemon" [_thread_blocked, id=5528, stack(0x000000a57b800000,0x000000a57b900000)]
  0x00000215651fcd50 JavaThread "Handler for socket connection from /127.0.0.1:52120 to /127.0.0.1:52121" [_thread_in_native, id=1352, stack(0x000000a57b900000,0x000000a57ba00000)]
  0x00000215651fb070 JavaThread "Cancel handler" [_thread_blocked, id=17268, stack(0x000000a57ba00000,0x000000a57bb00000)]
  0x00000215651fc3b0 JavaThread "Daemon worker" [_thread_blocked, id=6332, stack(0x000000a57bb00000,0x000000a57bc00000)]
  0x00000215651fbee0 JavaThread "Asynchronous log dispatcher for DefaultDaemonConnection: socket connection from /127.0.0.1:52120 to /127.0.0.1:52121" [_thread_blocked, id=8944, stack(0x000000a57bc00000,0x000000a57bd00000)]
  0x00000215651fb540 JavaThread "Stdin handler" [_thread_blocked, id=9368, stack(0x000000a57bd00000,0x000000a57be00000)]
  0x00000215651fba10 JavaThread "Daemon client event forwarder" [_thread_blocked, id=17744, stack(0x000000a57be00000,0x000000a57bf00000)]
  0x0000021565fa1ac0 JavaThread "Cache worker for journal cache (C:\Users\micha\.gradle\caches\journal-1)" [_thread_blocked, id=13760, stack(0x000000a57c300000,0x000000a57c400000)]
  0x0000021565f9f910 JavaThread "File lock request listener" [_thread_in_native, id=10584, stack(0x000000a57c400000,0x000000a57c500000)]
  0x0000021565fa0780 JavaThread "Cache worker for file hash cache (C:\Users\micha\.gradle\caches\8.0\fileHashes)" [_thread_blocked, id=10680, stack(0x000000a57c500000,0x000000a57c600000)]
  0x0000021565fa0c50 JavaThread "File watcher server" daemon [_thread_blocked, id=15652, stack(0x000000a57c600000,0x000000a57c700000)]
  0x0000021565f9e5d0 JavaThread "File watcher consumer" daemon [_thread_blocked, id=16520, stack(0x000000a57c700000,0x000000a57c800000)]
  0x0000021565f9e100 JavaThread "Cache worker for checksums cache (C:\Users\micha\AndroidStudioProjects\theone\.gradle\8.0\checksums)" [_thread_blocked, id=16128, stack(0x000000a57c800000,0x000000a57c900000)]
  0x0000021565f9fde0 JavaThread "Cache worker for cache directory md-rule (C:\Users\micha\.gradle\caches\8.0\md-rule)" [_thread_blocked, id=16156, stack(0x000000a57c900000,0x000000a57ca00000)]
  0x0000021565fa15f0 JavaThread "Cache worker for file content cache (C:\Users\micha\.gradle\caches\8.0\fileContent)" [_thread_blocked, id=16140, stack(0x000000a57ca00000,0x000000a57cb00000)]
  0x0000021565fa02b0 JavaThread "Cache worker for file hash cache (C:\Users\micha\AndroidStudioProjects\theone\.gradle\8.0\fileHashes)" [_thread_blocked, id=16144, stack(0x000000a57cb00000,0x000000a57cc00000)]
  0x0000021565fa1120 JavaThread "Cache worker for cache directory md-supplier (C:\Users\micha\.gradle\caches\8.0\md-supplier)" [_thread_blocked, id=16160, stack(0x000000a57cc00000,0x000000a57cd00000)]
  0x0000021565f9eaa0 JavaThread "Cache worker for execution history cache (C:\Users\micha\.gradle\caches\8.0\executionHistory)" [_thread_blocked, id=16136, stack(0x000000a57cd00000,0x000000a57ce00000)]
  0x0000021565f9ef70 JavaThread "jar transforms" [_thread_blocked, id=16172, stack(0x000000a57ce00000,0x000000a57cf00000)]
  0x0000021565f9f440 JavaThread "jar transforms Thread 2" [_thread_blocked, id=16176, stack(0x000000a57cf00000,0x000000a57d000000)]
  0x0000021567549e50 JavaThread "jar transforms Thread 3" [_thread_blocked, id=16168, stack(0x000000a57d100000,0x000000a57d200000)]
  0x000002156754e680 JavaThread "jar transforms Thread 4" [_thread_blocked, id=16180, stack(0x000000a57d200000,0x000000a57d300000)]
  0x000002156754c4d0 JavaThread "Cache worker for dependencies-accessors (C:\Users\micha\AndroidStudioProjects\theone\.gradle\8.0\dependencies-accessors)" [_thread_blocked, id=16132, stack(0x000000a57d300000,0x000000a57d400000)]
  0x0000021567548b10 JavaThread "jar transforms Thread 5" [_thread_blocked, id=16188, stack(0x000000a57d400000,0x000000a57d500000)]
  0x0000021567548170 JavaThread "Cache worker for Build Output Cleanup Cache (C:\Users\micha\AndroidStudioProjects\theone\.gradle\buildOutputCleanup)" [_thread_blocked, id=16184, stack(0x000000a57d500000,0x000000a57d600000)]
  0x0000021567548640 JavaThread "Unconstrained build operations" [_thread_blocked, id=16040, stack(0x000000a57d600000,0x000000a57d700000)]
  0x0000021567549980 JavaThread "Unconstrained build operations Thread 2" [_thread_blocked, id=15940, stack(0x000000a57d700000,0x000000a57d800000)]
  0x000002156754e1b0 JavaThread "Unconstrained build operations Thread 3" [_thread_blocked, id=15444, stack(0x000000a57d800000,0x000000a57d900000)]
  0x000002156754d340 JavaThread "Unconstrained build operations Thread 4" [_thread_blocked, id=7712, stack(0x000000a57d900000,0x000000a57da00000)]
  0x000002156754a320 JavaThread "Unconstrained build operations Thread 5" [_thread_blocked, id=16036, stack(0x000000a57da00000,0x000000a57db00000)]
  0x000002156754c9a0 JavaThread "Unconstrained build operations Thread 6" [_thread_blocked, id=14272, stack(0x000000a57db00000,0x000000a57dc00000)]
  0x000002156754ce70 JavaThread "Unconstrained build operations Thread 7" [_thread_blocked, id=11828, stack(0x000000a57dc00000,0x000000a57dd00000)]
  0x000002156754a7f0 JavaThread "Unconstrained build operations Thread 8" [_thread_blocked, id=9288, stack(0x000000a57dd00000,0x000000a57de00000)]
  0x000002156754eb50 JavaThread "Unconstrained build operations Thread 9" [_thread_blocked, id=16500, stack(0x000000a57de00000,0x000000a57df00000)]
  0x000002156754d810 JavaThread "Unconstrained build operations Thread 10" [_thread_blocked, id=17208, stack(0x000000a57df00000,0x000000a57e000000)]
  0x000002156754f9c0 JavaThread "Unconstrained build operations Thread 11" [_thread_blocked, id=496, stack(0x000000a57e000000,0x000000a57e100000)]
  0x000002156754dce0 JavaThread "Unconstrained build operations Thread 12" [_thread_blocked, id=15560, stack(0x000000a57e100000,0x000000a57e200000)]
  0x000002156754bb30 JavaThread "Unconstrained build operations Thread 13" [_thread_blocked, id=14792, stack(0x000000a57e200000,0x000000a57e300000)]
  0x000002156754acc0 JavaThread "Unconstrained build operations Thread 14" [_thread_blocked, id=16124, stack(0x000000a57e300000,0x000000a57e400000)]
  0x000002156754b190 JavaThread "Unconstrained build operations Thread 15" [_thread_blocked, id=15992, stack(0x000000a57e400000,0x000000a57e500000)]
  0x000002156754f020 JavaThread "Unconstrained build operations Thread 16" [_thread_blocked, id=17724, stack(0x000000a57e500000,0x000000a57e600000)]
  0x000002156754b660 JavaThread "Unconstrained build operations Thread 17" [_thread_blocked, id=6240, stack(0x000000a57e600000,0x000000a57e700000)]
  0x000002156754f4f0 JavaThread "Unconstrained build operations Thread 18" [_thread_blocked, id=16080, stack(0x000000a57e700000,0x000000a57e800000)]
  0x0000021569cef060 JavaThread "Unconstrained build operations Thread 19" [_thread_blocked, id=9600, stack(0x000000a57e800000,0x000000a57e900000)]
  0x0000021569cf2080 JavaThread "Unconstrained build operations Thread 20" [_thread_blocked, id=1900, stack(0x000000a57e900000,0x000000a57ea00000)]
  0x0000021569cf33c0 JavaThread "Unconstrained build operations Thread 21" [_thread_blocked, id=17656, stack(0x000000a57ea00000,0x000000a57eb00000)]
  0x0000021569cf1210 JavaThread "Unconstrained build operations Thread 22" [_thread_blocked, id=1084, stack(0x000000a57eb00000,0x000000a57ec00000)]
  0x0000021569cf63e0 JavaThread "Unconstrained build operations Thread 23" [_thread_blocked, id=18116, stack(0x000000a57ec00000,0x000000a57ed00000)]
  0x0000021569cf50a0 JavaThread "Unconstrained build operations Thread 24" [_thread_blocked, id=2236, stack(0x000000a57ed00000,0x000000a57ee00000)]
  0x0000021569cf3d60 JavaThread "Unconstrained build operations Thread 25" [_thread_blocked, id=2756, stack(0x000000a57ee00000,0x000000a57ef00000)]
  0x0000021569cf2550 JavaThread "Unconstrained build operations Thread 26" [_thread_blocked, id=17132, stack(0x000000a57ef00000,0x000000a57f000000)]
  0x0000021569cf4700 JavaThread "Unconstrained build operations Thread 27" [_thread_blocked, id=16308, stack(0x000000a57f000000,0x000000a57f100000)]
  0x0000021569cf1bb0 JavaThread "Unconstrained build operations Thread 28" [_thread_blocked, id=2152, stack(0x000000a57f100000,0x000000a57f200000)]
  0x0000021569cf68b0 JavaThread "Unconstrained build operations Thread 29" [_thread_blocked, id=16084, stack(0x000000a57f200000,0x000000a57f300000)]
  0x0000021569cefed0 JavaThread "Unconstrained build operations Thread 30" [_thread_blocked, id=4136, stack(0x000000a57f300000,0x000000a57f400000)]
  0x0000021569cef530 JavaThread "Unconstrained build operations Thread 31" [_thread_blocked, id=10248, stack(0x000000a57f400000,0x000000a57f500000)]
  0x0000021569cefa00 JavaThread "Unconstrained build operations Thread 32" [_thread_blocked, id=17200, stack(0x000000a57f500000,0x000000a57f600000)]
  0x0000021569cf03a0 JavaThread "Unconstrained build operations Thread 33" [_thread_blocked, id=3464, stack(0x000000a57f600000,0x000000a57f700000)]
  0x0000021569cf4bd0 JavaThread "Unconstrained build operations Thread 34" [_thread_blocked, id=3848, stack(0x000000a57f700000,0x000000a57f800000)]
  0x0000021569cf0870 JavaThread "Unconstrained build operations Thread 35" [_thread_blocked, id=15012, stack(0x000000a57f800000,0x000000a57f900000)]
  0x0000021569cf5570 JavaThread "Unconstrained build operations Thread 36" [_thread_blocked, id=1616, stack(0x000000a57f900000,0x000000a57fa00000)]
  0x0000021569cf0d40 JavaThread "Unconstrained build operations Thread 37" [_thread_blocked, id=17272, stack(0x000000a57fa00000,0x000000a57fb00000)]
  0x0000021569cf5f10 JavaThread "Unconstrained build operations Thread 38" [_thread_blocked, id=9604, stack(0x000000a57fb00000,0x000000a57fc00000)]
  0x0000021569cf16e0 JavaThread "Unconstrained build operations Thread 39" [_thread_blocked, id=13572, stack(0x000000a57fc00000,0x000000a57fd00000)]
  0x0000021569cf5a40 JavaThread "Unconstrained build operations Thread 40" [_thread_blocked, id=12260, stack(0x000000a57fd00000,0x000000a57fe00000)]
  0x0000021569cf2a20 JavaThread "Unconstrained build operations Thread 41" [_thread_blocked, id=15332, stack(0x000000a57fe00000,0x000000a57ff00000)]
  0x0000021569cf2ef0 JavaThread "Unconstrained build operations Thread 42" [_thread_blocked, id=3596, stack(0x000000a57ff00000,0x000000a580000000)]
  0x0000021569cf3890 JavaThread "Unconstrained build operations Thread 43" [_thread_blocked, id=9148, stack(0x000000a500000000,0x000000a500100000)]
  0x0000021569cf4230 JavaThread "Unconstrained build operations Thread 44" [_thread_blocked, id=1624, stack(0x000000a500100000,0x000000a500200000)]
  0x000002156a117100 JavaThread "Unconstrained build operations Thread 45" [_thread_blocked, id=8388, stack(0x000000a500200000,0x000000a500300000)]
  0x000002156a11aac0 JavaThread "Unconstrained build operations Thread 46" [_thread_blocked, id=6592, stack(0x000000a500300000,0x000000a500400000)]
  0x000002156a116290 JavaThread "Unconstrained build operations Thread 47" [_thread_blocked, id=1408, stack(0x000000a500400000,0x000000a500500000)]
  0x000002156a11b460 JavaThread "Unconstrained build operations Thread 48" [_thread_blocked, id=12460, stack(0x000000a500500000,0x000000a500600000)]
  0x000002156a11b930 JavaThread "Unconstrained build operations Thread 49" [_thread_blocked, id=11336, stack(0x000000a500600000,0x000000a500700000)]
  0x000002156a11be00 JavaThread "Unconstrained build operations Thread 50" [_thread_blocked, id=15584, stack(0x000000a500700000,0x000000a500800000)]
  0x000002156a1158f0 JavaThread "Unconstrained build operations Thread 51" [_thread_blocked, id=9960, stack(0x000000a500800000,0x000000a500900000)]
  0x000002156a118910 JavaThread "Unconstrained build operations Thread 52" [_thread_blocked, id=3832, stack(0x000000a500900000,0x000000a500a00000)]
  0x000002156a11c2d0 JavaThread "Unconstrained build operations Thread 53" [_thread_blocked, id=5280, stack(0x000000a500a00000,0x000000a500b00000)]
  0x000002156a116760 JavaThread "Unconstrained build operations Thread 54" [_thread_blocked, id=1100, stack(0x000000a500b00000,0x000000a500c00000)]
  0x000002156a1175d0 JavaThread "Unconstrained build operations Thread 55" [_thread_blocked, id=8364, stack(0x000000a500c00000,0x000000a500d00000)]
  0x000002156a1192b0 JavaThread "Unconstrained build operations Thread 56" [_thread_blocked, id=9344, stack(0x000000a500d00000,0x000000a500e00000)]
  0x000002156a118de0 JavaThread "Unconstrained build operations Thread 57" [_thread_blocked, id=3824, stack(0x000000a500e00000,0x000000a500f00000)]
  0x000002156a114a80 JavaThread "Unconstrained build operations Thread 58" [_thread_blocked, id=6716, stack(0x000000a500f00000,0x000000a501000000)]
  0x000002156a119c50 JavaThread "Unconstrained build operations Thread 59" [_thread_blocked, id=1972, stack(0x000000a501000000,0x000000a501100000)]
  0x000002156a115dc0 JavaThread "Unconstrained build operations Thread 60" [_thread_blocked, id=16292, stack(0x000000a501100000,0x000000a501200000)]
  0x000002156a114f50 JavaThread "Unconstrained build operations Thread 61" [_thread_blocked, id=9972, stack(0x000000a501200000,0x000000a501300000)]
  0x000002156a119780 JavaThread "Unconstrained build operations Thread 62" [_thread_blocked, id=2992, stack(0x000000a501300000,0x000000a501400000)]
  0x000002156a115420 JavaThread "Unconstrained build operations Thread 63" [_thread_blocked, id=3224, stack(0x000000a501400000,0x000000a501500000)]
  0x000002156a11af90 JavaThread "Unconstrained build operations Thread 64" [_thread_blocked, id=8516, stack(0x000000a501500000,0x000000a501600000)]
  0x000002156a116c30 JavaThread "Unconstrained build operations Thread 65" [_thread_blocked, id=1680, stack(0x000000a501600000,0x000000a501700000)]
  0x000002156a117aa0 JavaThread "Unconstrained build operations Thread 66" [_thread_blocked, id=10544, stack(0x000000a501700000,0x000000a501800000)]
  0x000002156a117f70 JavaThread "Unconstrained build operations Thread 67" [_thread_blocked, id=11856, stack(0x000000a501800000,0x000000a501900000)]
  0x000002156a118440 JavaThread "Unconstrained build operations Thread 68" [_thread_blocked, id=17868, stack(0x000000a501900000,0x000000a501a00000)]
  0x000002156a11a120 JavaThread "Unconstrained build operations Thread 69" [_thread_blocked, id=12224, stack(0x000000a501a00000,0x000000a501b00000)]
  0x000002156a11a5f0 JavaThread "Unconstrained build operations Thread 70" [_thread_blocked, id=7500, stack(0x000000a501b00000,0x000000a501c00000)]
  0x000002156a0d6830 JavaThread "Unconstrained build operations Thread 71" [_thread_blocked, id=7160, stack(0x000000a501c00000,0x000000a501d00000)]
  0x000002156a0d9850 JavaThread "Unconstrained build operations Thread 72" [_thread_blocked, id=2156, stack(0x000000a501d00000,0x000000a501e00000)]
  0x000002156a0d6d00 JavaThread "Unconstrained build operations Thread 73" [_thread_blocked, id=5400, stack(0x000000a501e00000,0x000000a501f00000)]
  0x000002156a0d89e0 JavaThread "Unconstrained build operations Thread 74" [_thread_blocked, id=7232, stack(0x000000a501f00000,0x000000a502000000)]
  0x000002156a0da6c0 JavaThread "Unconstrained build operations Thread 75" [_thread_blocked, id=1212, stack(0x000000a502000000,0x000000a502100000)]
  0x000002156a0d8040 JavaThread "Unconstrained build operations Thread 76" [_thread_blocked, id=3496, stack(0x000000a502100000,0x000000a502200000)]
  0x000002156a0d8eb0 JavaThread "Unconstrained build operations Thread 77" [_thread_blocked, id=7964, stack(0x000000a502200000,0x000000a502300000)]
  0x000002156a0d7b70 JavaThread "Unconstrained build operations Thread 78" [_thread_blocked, id=14864, stack(0x000000a502300000,0x000000a502400000)]
  0x000002156a0d8510 JavaThread "Unconstrained build operations Thread 79" [_thread_blocked, id=6840, stack(0x000000a502400000,0x000000a502500000)]
  0x000002156a0d6360 JavaThread "Unconstrained build operations Thread 80" [_thread_blocked, id=11556, stack(0x000000a502500000,0x000000a502600000)]
  0x000002156a0db060 JavaThread "jar transforms Thread 6" [_thread_blocked, id=6764, stack(0x000000a502600000,0x000000a502700000)]
  0x000002156a0d76a0 JavaThread "jar transforms Thread 7" [_thread_blocked, id=3992, stack(0x000000a502700000,0x000000a502800000)]
  0x000002156a0d3ce0 JavaThread "jar transforms Thread 8" [_thread_blocked, id=15008, stack(0x000000a502800000,0x000000a502900000)]
  0x000002156a0d3810 JavaThread "build event listener" [_thread_blocked, id=18160, stack(0x000000a502900000,0x000000a502a00000)]
  0x000002156a0d9380 JavaThread "Memory manager" [_thread_blocked, id=7376, stack(0x000000a502a00000,0x000000a502b00000)]
  0x000002156a0d59c0 JavaThread "included builds" [_thread_blocked, id=18240, stack(0x000000a502b00000,0x000000a502c00000)]
  0x000002156a0d4680 JavaThread "Execution worker" [_thread_blocked, id=2892, stack(0x000000a502c00000,0x000000a502d00000)]
  0x000002156a0d9d20 JavaThread "Execution worker Thread 2" [_thread_blocked, id=2352, stack(0x000000a502d00000,0x000000a502e00000)]
  0x000002156a0d4b50 JavaThread "Execution worker Thread 3" [_thread_blocked, id=13144, stack(0x000000a502e00000,0x000000a502f00000)]
  0x000002156a0da1f0 JavaThread "Execution worker Thread 4" [_thread_blocked, id=8012, stack(0x000000a502f00000,0x000000a503000000)]
  0x000002156a0d5020 JavaThread "Execution worker Thread 5" [_thread_blocked, id=4224, stack(0x000000a503000000,0x000000a503100000)]
  0x000002156a0dab90 JavaThread "Execution worker Thread 6" [_thread_blocked, id=13744, stack(0x000000a503100000,0x000000a503200000)]
  0x000002156a0d54f0 JavaThread "Execution worker Thread 7" [_thread_blocked, id=2696, stack(0x000000a503200000,0x000000a503300000)]
  0x000002156a0d5e90 JavaThread "Cache worker for execution history cache (C:\Users\micha\AndroidStudioProjects\theone\.gradle\8.0\executionHistory)" [_thread_blocked, id=15052, stack(0x000000a503300000,0x000000a503400000)]
  0x000002156e547570 JavaThread "Cache worker for Java compile cache (C:\Users\micha\.gradle\caches\8.0\javaCompile)" [_thread_blocked, id=12672, stack(0x000000a503400000,0x000000a503500000)]
  0x000002156e547a40 JavaThread "Build operations" [_thread_blocked, id=2100, stack(0x000000a503500000,0x000000a503600000)]
  0x000002156e5488b0 JavaThread "Build operations Thread 2" [_thread_blocked, id=17776, stack(0x000000a503600000,0x000000a503700000)]
  0x000002156e547f10 JavaThread "Build operations Thread 3" [_thread_blocked, id=5708, stack(0x000000a503700000,0x000000a503800000)]
  0x000002156e5470a0 JavaThread "Build operations Thread 4" [_thread_blocked, id=3036, stack(0x000000a503800000,0x000000a503900000)]
  0x000002156e5483e0 JavaThread "Build operations Thread 5" [_thread_blocked, id=2856, stack(0x000000a503900000,0x000000a503a00000)]
  0x00000215662e21b0 JavaThread "Build operations Thread 6" [_thread_blocked, id=10324, stack(0x000000a503a00000,0x000000a503b00000)]
  0x00000215662e1ce0 JavaThread "Build operations Thread 7" [_thread_blocked, id=17192, stack(0x000000a503b00000,0x000000a503c00000)]
  0x00000215662e34f0 JavaThread "Build operations Thread 8" [_thread_blocked, id=3008, stack(0x000000a503c00000,0x000000a503d00000)]
  0x0000021567e477a0 JavaThread "WorkerExecutor Queue" [_thread_blocked, id=12236, stack(0x000000a503d00000,0x000000a503e00000)]
  0x0000021567e46e00 JavaThread "WorkerExecutor Queue Thread 2" [_thread_blocked, id=8000, stack(0x000000a503e00000,0x000000a503f00000)]
  0x000002156e5c4a40 JavaThread "WorkerExecutor Queue Thread 3" [_thread_blocked, id=5344, stack(0x000000a503f00000,0x000000a504000000)]
  0x000002156e5c4f10 JavaThread "WorkerExecutor Queue Thread 4" [_thread_blocked, id=324, stack(0x000000a504000000,0x000000a504100000)]
  0x0000021567e26e40 JavaThread "WorkerExecutor Queue Thread 5" [_thread_blocked, id=636, stack(0x000000a504100000,0x000000a504200000)]
  0x000002156e5c58b0 JavaThread "WorkerExecutor Queue Thread 6" [_thread_blocked, id=10724, stack(0x000000a504200000,0x000000a504300000)]
  0x000002156e5c5d80 JavaThread "WorkerExecutor Queue Thread 7" [_thread_blocked, id=2420, stack(0x000000a504300000,0x000000a504400000)]
  0x000002156e5c6bf0 JavaThread "WorkerExecutor Queue Thread 8" [_thread_blocked, id=17424, stack(0x000000a504400000,0x000000a504500000)]
  0x000002156e5c6720 JavaThread "WorkerExecutor Queue Thread 9" [_thread_blocked, id=7452, stack(0x000000a504500000,0x000000a504600000)]

Other Threads:
=>0x0000021565013330 VMThread "VM Thread" [stack: 0x000000a57a400000,0x000000a57a500000] [id=5380]
  0x00000215651d41d0 WatcherThread [stack: 0x000000a57b000000,0x000000a57b100000] [id=2708]
  0x000002154a7fe370 GCTaskThread "GC Thread#0" [stack: 0x000000a579f00000,0x000000a57a000000] [id=10796]
  0x000002156621d180 GCTaskThread "GC Thread#1" [stack: 0x000000a57b100000,0x000000a57b200000] [id=12668]
  0x000002156621d430 GCTaskThread "GC Thread#2" [stack: 0x000000a57b200000,0x000000a57b300000] [id=7944]
  0x0000021565c0c9a0 GCTaskThread "GC Thread#3" [stack: 0x000000a57b300000,0x000000a57b400000] [id=16380]
  0x0000021566795840 GCTaskThread "GC Thread#4" [stack: 0x000000a57b400000,0x000000a57b500000] [id=3148]
  0x00000215674fb150 GCTaskThread "GC Thread#5" [stack: 0x000000a57bf00000,0x000000a57c000000] [id=14580]
  0x00000215674fb400 GCTaskThread "GC Thread#6" [stack: 0x000000a57c000000,0x000000a57c100000] [id=2068]
  0x00000215674fbcc0 GCTaskThread "GC Thread#7" [stack: 0x000000a57c100000,0x000000a57c200000] [id=15280]
  0x000002154a80f410 ConcurrentGCThread "G1 Main Marker" [stack: 0x000000a57a000000,0x000000a57a100000] [id=17780]
  0x000002154a811470 ConcurrentGCThread "G1 Conc#0" [stack: 0x000000a57a100000,0x000000a57a200000] [id=2788]
  0x00000215675ae500 ConcurrentGCThread "G1 Conc#1" [stack: 0x000000a57c200000,0x000000a57c300000] [id=8008]
  0x000002154a85e9b0 ConcurrentGCThread "G1 Refine#0" [stack: 0x000000a57a200000,0x000000a57a300000] [id=14168]
  0x0000021569767030 ConcurrentGCThread "G1 Refine#1" [stack: 0x000000a57d000000,0x000000a57d100000] [id=16152]
  0x000002156445a4f0 ConcurrentGCThread "G1 Service" [stack: 0x000000a57a300000,0x000000a57a400000] [id=17400]

Threads with active compile tasks:
C2 CompilerThread0    14756 14428   !   4       jdk.internal.loader.URLClassPath$JarLoader::getResource (354 bytes)

VM state: at safepoint (normal execution)

VM Mutex/Monitor currently owned by a thread:  ([mutex/lock_event])
[0x000002154a79c580] Threads_lock - owner thread: 0x0000021565013330
[0x000002154a79c970] Heap_lock - owner thread: 0x000002156a0d5020

Heap address: 0x0000000080000000, size: 2048 MB, Compressed Oops mode: 32-bit

CDS archive(s) not mapped
Compressed class space mapped at: 0x0000000100000000-0x0000000140000000, reserved size: 1073741824
Narrow klass base: 0x0000000000000000, Narrow klass shift: 3, Narrow klass range: 0x140000000

GC Precious Log:
 CPUs: 8 total, 8 available
 Memory: 8072M
 Large Page Support: Disabled
 NUMA Support: Disabled
 Compressed Oops: Enabled (32-bit)
 Heap Region Size: 1M
 Heap Min Capacity: 8M
 Heap Initial Capacity: 128M
 Heap Max Capacity: 2G
 Pre-touch: Disabled
 Parallel Workers: 8
 Concurrent Workers: 2
 Concurrent Refinement Workers: 8
 Periodic GC: Disabled

Heap:
 garbage-first heap   total 232448K, used 125133K [0x0000000080000000, 0x0000000100000000)
  region size 1024K, 3 young (3072K), 3 survivors (3072K)
 Metaspace       used 119655K, committed 120448K, reserved 1155072K
  class space    used 16797K, committed 17152K, reserved 1048576K

Heap Regions: E=young(eden), S=young(survivor), O=old, HS=humongous(starts), HC=humongous(continues), CS=collection set, F=free, OA=open archive, CA=closed archive, TAMS=top-at-mark-start (previous, next)
|   0|0x0000000080000000, 0x0000000080100000, 0x0000000080100000|100%|HS|  |TAMS 0x0000000080100000, 0x0000000080000000| Complete 
|   1|0x0000000080100000, 0x0000000080200000, 0x0000000080200000|100%|HC|  |TAMS 0x0000000080200000, 0x0000000080100000| Complete 
|   2|0x0000000080200000, 0x0000000080300000, 0x0000000080300000|100%|HC|  |TAMS 0x0000000080300000, 0x0000000080200000| Complete 
|   3|0x0000000080300000, 0x0000000080400000, 0x0000000080400000|100%|HC|  |TAMS 0x0000000080400000, 0x0000000080300000| Complete 
|   4|0x0000000080400000, 0x0000000080500000, 0x0000000080500000|100%| O|  |TAMS 0x0000000080500000, 0x0000000080400000| Untracked 
|   5|0x0000000080500000, 0x0000000080600000, 0x0000000080600000|100%| O|  |TAMS 0x0000000080600000, 0x0000000080500000| Untracked 
|   6|0x0000000080600000, 0x0000000080700000, 0x0000000080700000|100%| O|  |TAMS 0x0000000080700000, 0x0000000080600000| Untracked 
|   7|0x0000000080700000, 0x0000000080800000, 0x0000000080800000|100%| O|  |TAMS 0x0000000080800000, 0x0000000080700000| Untracked 
|   8|0x0000000080800000, 0x0000000080900000, 0x0000000080900000|100%| O|  |TAMS 0x0000000080900000, 0x0000000080800000| Untracked 
|   9|0x0000000080900000, 0x0000000080a00000, 0x0000000080a00000|100%| O|  |TAMS 0x0000000080a00000, 0x0000000080900000| Untracked 
|  10|0x0000000080a00000, 0x0000000080b00000, 0x0000000080b00000|100%| O|  |TAMS 0x0000000080b00000, 0x0000000080a00000| Untracked 
|  11|0x0000000080b00000, 0x0000000080c00000, 0x0000000080c00000|100%| O|  |TAMS 0x0000000080c00000, 0x0000000080b00000| Untracked 
|  12|0x0000000080c00000, 0x0000000080d00000, 0x0000000080d00000|100%| O|  |TAMS 0x0000000080d00000, 0x0000000080c00000| Untracked 
|  13|0x0000000080d00000, 0x0000000080e00000, 0x0000000080e00000|100%| O|  |TAMS 0x0000000080e00000, 0x0000000080d00000| Untracked 
|  14|0x0000000080e00000, 0x0000000080f00000, 0x0000000080f00000|100%| O|  |TAMS 0x0000000080f00000, 0x0000000080e00000| Untracked 
|  15|0x0000000080f00000, 0x0000000081000000, 0x0000000081000000|100%| O|  |TAMS 0x0000000081000000, 0x0000000080f00000| Untracked 
|  16|0x0000000081000000, 0x0000000081100000, 0x0000000081100000|100%| O|  |TAMS 0x0000000081100000, 0x0000000081000000| Untracked 
|  17|0x0000000081100000, 0x0000000081200000, 0x0000000081200000|100%| O|  |TAMS 0x0000000081200000, 0x0000000081100000| Untracked 
|  18|0x0000000081200000, 0x0000000081300000, 0x0000000081300000|100%| O|  |TAMS 0x0000000081300000, 0x0000000081200000| Untracked 
|  19|0x0000000081300000, 0x0000000081400000, 0x0000000081400000|100%| O|  |TAMS 0x0000000081400000, 0x0000000081300000| Untracked 
|  20|0x0000000081400000, 0x0000000081500000, 0x0000000081500000|100%| O|  |TAMS 0x0000000081500000, 0x0000000081400000| Untracked 
|  21|0x0000000081500000, 0x0000000081600000, 0x0000000081600000|100%| O|  |TAMS 0x0000000081600000, 0x0000000081500000| Untracked 
|  22|0x0000000081600000, 0x0000000081700000, 0x0000000081700000|100%| O|  |TAMS 0x0000000081700000, 0x0000000081600000| Untracked 
|  23|0x0000000081700000, 0x0000000081800000, 0x0000000081800000|100%| O|  |TAMS 0x0000000081800000, 0x0000000081700000| Untracked 
|  24|0x0000000081800000, 0x0000000081900000, 0x0000000081900000|100%| O|  |TAMS 0x0000000081900000, 0x0000000081800000| Untracked 
|  25|0x0000000081900000, 0x0000000081a00000, 0x0000000081a00000|100%| O|  |TAMS 0x0000000081a00000, 0x0000000081900000| Untracked 
|  26|0x0000000081a00000, 0x0000000081b00000, 0x0000000081b00000|100%| O|  |TAMS 0x0000000081b00000, 0x0000000081a00000| Untracked 
|  27|0x0000000081b00000, 0x0000000081c00000, 0x0000000081c00000|100%| O|  |TAMS 0x0000000081c00000, 0x0000000081b00000| Untracked 
|  28|0x0000000081c00000, 0x0000000081d00000, 0x0000000081d00000|100%| O|  |TAMS 0x0000000081d00000, 0x0000000081c00000| Untracked 
|  29|0x0000000081d00000, 0x0000000081e00000, 0x0000000081e00000|100%| O|  |TAMS 0x0000000081e00000, 0x0000000081d00000| Untracked 
|  30|0x0000000081e00000, 0x0000000081f00000, 0x0000000081f00000|100%| O|  |TAMS 0x0000000081f00000, 0x0000000081e00000| Untracked 
|  31|0x0000000081f00000, 0x0000000082000000, 0x0000000082000000|100%| O|  |TAMS 0x0000000082000000, 0x0000000081f00000| Untracked 
|  32|0x0000000082000000, 0x0000000082100000, 0x0000000082100000|100%| O|  |TAMS 0x0000000082100000, 0x0000000082000000| Untracked 
|  33|0x0000000082100000, 0x0000000082200000, 0x0000000082200000|100%|HS|  |TAMS 0x0000000082200000, 0x0000000082100000| Complete 
|  34|0x0000000082200000, 0x0000000082300000, 0x0000000082300000|100%|HS|  |TAMS 0x0000000082300000, 0x0000000082200000| Complete 
|  35|0x0000000082300000, 0x0000000082400000, 0x0000000082400000|100%|HS|  |TAMS 0x0000000082400000, 0x0000000082300000| Complete 
|  36|0x0000000082400000, 0x0000000082500000, 0x0000000082500000|100%| O|  |TAMS 0x0000000082500000, 0x0000000082400000| Untracked 
|  37|0x0000000082500000, 0x0000000082600000, 0x0000000082600000|100%| O|  |TAMS 0x0000000082600000, 0x0000000082500000| Untracked 
|  38|0x0000000082600000, 0x0000000082700000, 0x0000000082700000|100%| O|  |TAMS 0x0000000082700000, 0x0000000082600000| Untracked 
|  39|0x0000000082700000, 0x0000000082800000, 0x0000000082800000|100%| O|  |TAMS 0x0000000082800000, 0x0000000082700000| Untracked 
|  40|0x0000000082800000, 0x0000000082900000, 0x0000000082900000|100%|HS|  |TAMS 0x0000000082900000, 0x0000000082800000| Complete 
|  41|0x0000000082900000, 0x0000000082a00000, 0x0000000082a00000|100%|HC|  |TAMS 0x0000000082a00000, 0x0000000082900000| Complete 
|  42|0x0000000082a00000, 0x0000000082b00000, 0x0000000082b00000|100%|HC|  |TAMS 0x0000000082b00000, 0x0000000082a00000| Complete 
|  43|0x0000000082b00000, 0x0000000082c00000, 0x0000000082c00000|100%|HC|  |TAMS 0x0000000082c00000, 0x0000000082b00000| Complete 
|  44|0x0000000082c00000, 0x0000000082d00000, 0x0000000082d00000|100%| O|  |TAMS 0x0000000082d00000, 0x0000000082c00000| Untracked 
|  45|0x0000000082d00000, 0x0000000082e00000, 0x0000000082e00000|100%| O|  |TAMS 0x0000000082e00000, 0x0000000082d00000| Untracked 
|  46|0x0000000082e00000, 0x0000000082f00000, 0x0000000082f00000|100%| O|  |TAMS 0x0000000082f00000, 0x0000000082e00000| Untracked 
|  47|0x0000000082f00000, 0x0000000083000000, 0x0000000083000000|100%| O|  |TAMS 0x0000000083000000, 0x0000000082f00000| Untracked 
|  48|0x0000000083000000, 0x0000000083100000, 0x0000000083100000|100%| O|  |TAMS 0x0000000083100000, 0x0000000083000000| Untracked 
|  49|0x0000000083100000, 0x0000000083200000, 0x0000000083200000|100%| O|  |TAMS 0x0000000083200000, 0x0000000083100000| Untracked 
|  50|0x0000000083200000, 0x0000000083300000, 0x0000000083300000|100%| O|  |TAMS 0x0000000083300000, 0x0000000083200000| Untracked 
|  51|0x0000000083300000, 0x0000000083400000, 0x0000000083400000|100%| O|  |TAMS 0x0000000083400000, 0x0000000083300000| Untracked 
|  52|0x0000000083400000, 0x0000000083500000, 0x0000000083500000|100%| O|  |TAMS 0x0000000083500000, 0x0000000083400000| Untracked 
|  53|0x0000000083500000, 0x0000000083600000, 0x0000000083600000|100%| O|  |TAMS 0x0000000083600000, 0x0000000083500000| Untracked 
|  54|0x0000000083600000, 0x0000000083700000, 0x0000000083700000|100%| O|  |TAMS 0x0000000083700000, 0x0000000083600000| Untracked 
|  55|0x0000000083700000, 0x0000000083800000, 0x0000000083800000|100%| O|  |TAMS 0x0000000083800000, 0x0000000083700000| Untracked 
|  56|0x0000000083800000, 0x0000000083900000, 0x0000000083900000|100%| O|  |TAMS 0x0000000083900000, 0x0000000083800000| Untracked 
|  57|0x0000000083900000, 0x0000000083a00000, 0x0000000083a00000|100%| O|  |TAMS 0x0000000083a00000, 0x0000000083900000| Untracked 
|  58|0x0000000083a00000, 0x0000000083b00000, 0x0000000083b00000|100%| O|  |TAMS 0x0000000083b00000, 0x0000000083a00000| Untracked 
|  59|0x0000000083b00000, 0x0000000083c00000, 0x0000000083c00000|100%| O|  |TAMS 0x0000000083c00000, 0x0000000083b00000| Untracked 
|  60|0x0000000083c00000, 0x0000000083d00000, 0x0000000083d00000|100%| O|  |TAMS 0x0000000083d00000, 0x0000000083c00000| Untracked 
|  61|0x0000000083d00000, 0x0000000083e00000, 0x0000000083e00000|100%| O|  |TAMS 0x0000000083e00000, 0x0000000083d00000| Untracked 
|  62|0x0000000083e00000, 0x0000000083f00000, 0x0000000083f00000|100%| O|  |TAMS 0x0000000083f00000, 0x0000000083e00000| Untracked 
|  63|0x0000000083f00000, 0x0000000084000000, 0x0000000084000000|100%| O|  |TAMS 0x0000000084000000, 0x0000000083f00000| Untracked 
|  64|0x0000000084000000, 0x0000000084100000, 0x0000000084100000|100%| O|  |TAMS 0x0000000084100000, 0x0000000084000000| Untracked 
|  65|0x0000000084100000, 0x0000000084200000, 0x0000000084200000|100%| O|  |TAMS 0x0000000084200000, 0x0000000084100000| Untracked 
|  66|0x0000000084200000, 0x0000000084300000, 0x0000000084300000|100%| O|  |TAMS 0x0000000084300000, 0x0000000084200000| Untracked 
|  67|0x0000000084300000, 0x0000000084400000, 0x0000000084400000|100%| O|  |TAMS 0x0000000084400000, 0x0000000084300000| Untracked 
|  68|0x0000000084400000, 0x0000000084500000, 0x0000000084500000|100%| O|  |TAMS 0x0000000084500000, 0x0000000084400000| Untracked 
|  69|0x0000000084500000, 0x0000000084600000, 0x0000000084600000|100%| O|  |TAMS 0x0000000084600000, 0x0000000084500000| Untracked 
|  70|0x0000000084600000, 0x0000000084700000, 0x0000000084700000|100%| O|  |TAMS 0x0000000084700000, 0x0000000084600000| Untracked 
|  71|0x0000000084700000, 0x0000000084800000, 0x0000000084800000|100%| O|  |TAMS 0x0000000084800000, 0x0000000084700000| Untracked 
|  72|0x0000000084800000, 0x0000000084900000, 0x0000000084900000|100%| O|  |TAMS 0x0000000084900000, 0x0000000084800000| Untracked 
|  73|0x0000000084900000, 0x0000000084a00000, 0x0000000084a00000|100%| O|  |TAMS 0x0000000084a00000, 0x0000000084900000| Untracked 
|  74|0x0000000084a00000, 0x0000000084b00000, 0x0000000084b00000|100%| O|  |TAMS 0x0000000084b00000, 0x0000000084a00000| Untracked 
|  75|0x0000000084b00000, 0x0000000084c00000, 0x0000000084c00000|100%| O|  |TAMS 0x0000000084c00000, 0x0000000084b00000| Untracked 
|  76|0x0000000084c00000, 0x0000000084d00000, 0x0000000084d00000|100%| O|  |TAMS 0x0000000084d00000, 0x0000000084c00000| Untracked 
|  77|0x0000000084d00000, 0x0000000084e00000, 0x0000000084e00000|100%| O|  |TAMS 0x0000000084e00000, 0x0000000084d00000| Untracked 
|  78|0x0000000084e00000, 0x0000000084f00000, 0x0000000084f00000|100%| O|  |TAMS 0x0000000084f00000, 0x0000000084e00000| Untracked 
|  79|0x0000000084f00000, 0x0000000085000000, 0x0000000085000000|100%| O|  |TAMS 0x0000000085000000, 0x0000000084f00000| Untracked 
|  80|0x0000000085000000, 0x0000000085100000, 0x0000000085100000|100%| O|  |TAMS 0x0000000085100000, 0x0000000085000000| Untracked 
|  81|0x0000000085100000, 0x0000000085200000, 0x0000000085200000|100%| O|  |TAMS 0x0000000085200000, 0x0000000085100000| Untracked 
|  82|0x0000000085200000, 0x0000000085300000, 0x0000000085300000|100%| O|  |TAMS 0x0000000085200000, 0x0000000085200000| Untracked 
|  83|0x0000000085300000, 0x0000000085400000, 0x0000000085400000|100%| O|  |TAMS 0x0000000085400000, 0x0000000085300000| Untracked 
|  84|0x0000000085400000, 0x0000000085500000, 0x0000000085500000|100%| O|  |TAMS 0x0000000085500000, 0x0000000085400000| Untracked 
|  85|0x0000000085500000, 0x0000000085600000, 0x0000000085600000|100%| O|  |TAMS 0x0000000085600000, 0x0000000085500000| Untracked 
|  86|0x0000000085600000, 0x0000000085700000, 0x0000000085700000|100%| O|  |TAMS 0x0000000085700000, 0x0000000085600000| Untracked 
|  87|0x0000000085700000, 0x0000000085800000, 0x0000000085800000|100%| O|  |TAMS 0x0000000085800000, 0x0000000085700000| Untracked 
|  88|0x0000000085800000, 0x0000000085900000, 0x0000000085900000|100%| O|  |TAMS 0x0000000085900000, 0x0000000085800000| Untracked 
|  89|0x0000000085900000, 0x0000000085a00000, 0x0000000085a00000|100%| O|  |TAMS 0x0000000085a00000, 0x0000000085900000| Untracked 
|  90|0x0000000085a00000, 0x0000000085b00000, 0x0000000085b00000|100%| O|  |TAMS 0x0000000085b00000, 0x0000000085a00000| Untracked 
|  91|0x0000000085b00000, 0x0000000085c00000, 0x0000000085c00000|100%| O|  |TAMS 0x0000000085c00000, 0x0000000085b00000| Untracked 
|  92|0x0000000085c00000, 0x0000000085d00000, 0x0000000085d00000|100%| O|  |TAMS 0x0000000085d00000, 0x0000000085c00000| Untracked 
|  93|0x0000000085d00000, 0x0000000085e00000, 0x0000000085e00000|100%| O|  |TAMS 0x0000000085e00000, 0x0000000085d00000| Untracked 
|  94|0x0000000085e00000, 0x0000000085f00000, 0x0000000085f00000|100%| O|  |TAMS 0x0000000085f00000, 0x0000000085e00000| Untracked 
|  95|0x0000000085f00000, 0x0000000086000000, 0x0000000086000000|100%| O|  |TAMS 0x0000000086000000, 0x0000000085f00000| Untracked 
|  96|0x0000000086000000, 0x0000000086100000, 0x0000000086100000|100%| O|  |TAMS 0x0000000086100000, 0x0000000086000000| Untracked 
|  97|0x0000000086100000, 0x0000000086200000, 0x0000000086200000|100%| O|  |TAMS 0x0000000086200000, 0x0000000086100000| Untracked 
|  98|0x0000000086200000, 0x0000000086300000, 0x0000000086300000|100%| O|  |TAMS 0x0000000086300000, 0x0000000086200000| Untracked 
|  99|0x0000000086300000, 0x0000000086400000, 0x0000000086400000|100%| O|  |TAMS 0x0000000086400000, 0x0000000086300000| Untracked 
| 100|0x0000000086400000, 0x0000000086500000, 0x0000000086500000|100%| O|  |TAMS 0x0000000086500000, 0x0000000086400000| Untracked 
| 101|0x0000000086500000, 0x0000000086600000, 0x0000000086600000|100%| O|  |TAMS 0x0000000086600000, 0x0000000086500000| Untracked 
| 102|0x0000000086600000, 0x0000000086700000, 0x0000000086700000|100%| O|  |TAMS 0x0000000086700000, 0x0000000086600000| Untracked 
| 103|0x0000000086700000, 0x0000000086800000, 0x0000000086800000|100%| O|  |TAMS 0x0000000086800000, 0x0000000086700000| Untracked 
| 104|0x0000000086800000, 0x0000000086900000, 0x0000000086900000|100%| O|  |TAMS 0x0000000086900000, 0x0000000086800000| Untracked 
| 105|0x0000000086900000, 0x0000000086a00000, 0x0000000086a00000|100%| O|  |TAMS 0x0000000086a00000, 0x0000000086900000| Untracked 
| 106|0x0000000086a00000, 0x0000000086b00000, 0x0000000086b00000|100%|HS|  |TAMS 0x0000000086b00000, 0x0000000086a00000| Complete 
| 107|0x0000000086b00000, 0x0000000086c00000, 0x0000000086c00000|100%|HC|  |TAMS 0x0000000086c00000, 0x0000000086b00000| Complete 
| 108|0x0000000086c00000, 0x0000000086d00000, 0x0000000086d00000|100%| O|  |TAMS 0x0000000086d00000, 0x0000000086c00000| Untracked 
| 109|0x0000000086d00000, 0x0000000086e00000, 0x0000000086e00000|100%| O|  |TAMS 0x0000000086e00000, 0x0000000086d00000| Untracked 
| 110|0x0000000086e00000, 0x0000000086f00000, 0x0000000086f00000|100%| O|  |TAMS 0x0000000086f00000, 0x0000000086e00000| Untracked 
| 111|0x0000000086f00000, 0x0000000086f00000, 0x0000000087000000|  0%| F|  |TAMS 0x0000000086f00000, 0x0000000086f00000| Untracked 
| 112|0x0000000087000000, 0x0000000087100000, 0x0000000087100000|100%| O|  |TAMS 0x0000000087100000, 0x0000000087000000| Untracked 
| 113|0x0000000087100000, 0x0000000087200000, 0x0000000087200000|100%| O|  |TAMS 0x0000000087200000, 0x0000000087100000| Untracked 
| 114|0x0000000087200000, 0x0000000087300000, 0x0000000087300000|100%| O|  |TAMS 0x0000000087219200, 0x0000000087200000| Untracked 
| 115|0x0000000087300000, 0x0000000087400000, 0x0000000087400000|100%| O|  |TAMS 0x0000000087300000, 0x0000000087300000| Untracked 
| 116|0x0000000087400000, 0x0000000087500000, 0x0000000087500000|100%| O|  |TAMS 0x0000000087400000, 0x0000000087400000| Untracked 
| 117|0x0000000087500000, 0x0000000087600000, 0x0000000087600000|100%| O|  |TAMS 0x0000000087500000, 0x0000000087500000| Untracked 
| 118|0x0000000087600000, 0x0000000087700000, 0x0000000087700000|100%| O|  |TAMS 0x0000000087600000, 0x0000000087600000| Untracked 
| 119|0x0000000087700000, 0x0000000087800000, 0x0000000087800000|100%| O|  |TAMS 0x0000000087700000, 0x0000000087700000| Untracked 
| 120|0x0000000087800000, 0x000000008786f800, 0x0000000087900000| 43%| O|  |TAMS 0x0000000087800000, 0x0000000087800000| Untracked 
| 121|0x0000000087900000, 0x0000000087900000, 0x0000000087a00000|  0%| F|  |TAMS 0x0000000087900000, 0x0000000087900000| Untracked 
| 122|0x0000000087a00000, 0x0000000087a00000, 0x0000000087b00000|  0%| F|  |TAMS 0x0000000087a00000, 0x0000000087a00000| Untracked 
| 123|0x0000000087b00000, 0x0000000087b00000, 0x0000000087c00000|  0%| F|  |TAMS 0x0000000087b00000, 0x0000000087b00000| Untracked 
| 124|0x0000000087c00000, 0x0000000087c00000, 0x0000000087d00000|  0%| F|  |TAMS 0x0000000087c00000, 0x0000000087c00000| Untracked 
| 125|0x0000000087d00000, 0x0000000087d00000, 0x0000000087e00000|  0%| F|  |TAMS 0x0000000087d00000, 0x0000000087d00000| Untracked 
| 126|0x0000000087e00000, 0x0000000087e00000, 0x0000000087f00000|  0%| F|  |TAMS 0x0000000087e00000, 0x0000000087e00000| Untracked 
| 127|0x0000000087f00000, 0x0000000087f00000, 0x0000000088000000|  0%| F|  |TAMS 0x0000000087f00000, 0x0000000087f00000| Untracked 
| 128|0x0000000088000000, 0x0000000088000000, 0x0000000088100000|  0%| F|  |TAMS 0x0000000088000000, 0x0000000088000000| Untracked 
| 129|0x0000000088100000, 0x0000000088100000, 0x0000000088200000|  0%| F|  |TAMS 0x0000000088100000, 0x0000000088100000| Untracked 
| 130|0x0000000088200000, 0x0000000088200000, 0x0000000088300000|  0%| F|  |TAMS 0x0000000088200000, 0x0000000088200000| Untracked 
| 131|0x0000000088300000, 0x0000000088300000, 0x0000000088400000|  0%| F|  |TAMS 0x0000000088300000, 0x0000000088300000| Untracked 
| 132|0x0000000088400000, 0x0000000088400000, 0x0000000088500000|  0%| F|  |TAMS 0x0000000088400000, 0x0000000088400000| Untracked 
| 133|0x0000000088500000, 0x0000000088500000, 0x0000000088600000|  0%| F|  |TAMS 0x0000000088500000, 0x0000000088500000| Untracked 
| 134|0x0000000088600000, 0x0000000088600000, 0x0000000088700000|  0%| F|  |TAMS 0x0000000088600000, 0x0000000088600000| Untracked 
| 135|0x0000000088700000, 0x0000000088700000, 0x0000000088800000|  0%| F|  |TAMS 0x0000000088700000, 0x0000000088700000| Untracked 
| 136|0x0000000088800000, 0x0000000088800000, 0x0000000088900000|  0%| F|  |TAMS 0x0000000088800000, 0x0000000088800000| Untracked 
| 137|0x0000000088900000, 0x0000000088900000, 0x0000000088a00000|  0%| F|  |TAMS 0x0000000088900000, 0x0000000088900000| Untracked 
| 138|0x0000000088a00000, 0x0000000088a00000, 0x0000000088b00000|  0%| F|  |TAMS 0x0000000088a00000, 0x0000000088a00000| Untracked 
| 139|0x0000000088b00000, 0x0000000088b00000, 0x0000000088c00000|  0%| F|  |TAMS 0x0000000088b00000, 0x0000000088b00000| Untracked 
| 140|0x0000000088c00000, 0x0000000088c00000, 0x0000000088d00000|  0%| F|  |TAMS 0x0000000088c00000, 0x0000000088c00000| Untracked 
| 141|0x0000000088d00000, 0x0000000088d00000, 0x0000000088e00000|  0%| F|  |TAMS 0x0000000088d00000, 0x0000000088d00000| Untracked 
| 142|0x0000000088e00000, 0x0000000088e00000, 0x0000000088f00000|  0%| F|  |TAMS 0x0000000088e00000, 0x0000000088e00000| Untracked 
| 143|0x0000000088f00000, 0x0000000088f00000, 0x0000000089000000|  0%| F|  |TAMS 0x0000000088f00000, 0x0000000088f00000| Untracked 
| 144|0x0000000089000000, 0x0000000089000000, 0x0000000089100000|  0%| F|  |TAMS 0x0000000089000000, 0x0000000089000000| Untracked 
| 145|0x0000000089100000, 0x0000000089100000, 0x0000000089200000|  0%| F|  |TAMS 0x0000000089100000, 0x0000000089100000| Untracked 
| 146|0x0000000089200000, 0x0000000089200000, 0x0000000089300000|  0%| F|  |TAMS 0x0000000089200000, 0x0000000089200000| Untracked 
| 147|0x0000000089300000, 0x0000000089300000, 0x0000000089400000|  0%| F|  |TAMS 0x0000000089300000, 0x0000000089300000| Untracked 
| 148|0x0000000089400000, 0x0000000089400000, 0x0000000089500000|  0%| F|  |TAMS 0x0000000089400000, 0x0000000089400000| Untracked 
| 149|0x0000000089500000, 0x0000000089500000, 0x0000000089600000|  0%| F|  |TAMS 0x0000000089500000, 0x0000000089500000| Untracked 
| 150|0x0000000089600000, 0x0000000089600000, 0x0000000089700000|  0%| F|  |TAMS 0x0000000089600000, 0x0000000089600000| Untracked 
| 151|0x0000000089700000, 0x0000000089700000, 0x0000000089800000|  0%| F|  |TAMS 0x0000000089700000, 0x0000000089700000| Untracked 
| 152|0x0000000089800000, 0x0000000089800000, 0x0000000089900000|  0%| F|  |TAMS 0x0000000089800000, 0x0000000089800000| Untracked 
| 153|0x0000000089900000, 0x0000000089900000, 0x0000000089a00000|  0%| F|  |TAMS 0x0000000089900000, 0x0000000089900000| Untracked 
| 154|0x0000000089a00000, 0x0000000089a00000, 0x0000000089b00000|  0%| F|  |TAMS 0x0000000089a00000, 0x0000000089a00000| Untracked 
| 155|0x0000000089b00000, 0x0000000089bc3c38, 0x0000000089c00000| 76%| S|CS|TAMS 0x0000000089b00000, 0x0000000089b00000| Complete 
| 156|0x0000000089c00000, 0x0000000089d00000, 0x0000000089d00000|100%| S|CS|TAMS 0x0000000089c00000, 0x0000000089c00000| Complete 
| 157|0x0000000089d00000, 0x0000000089e00000, 0x0000000089e00000|100%| S|CS|TAMS 0x0000000089d00000, 0x0000000089d00000| Complete 
| 158|0x0000000089e00000, 0x0000000089e00000, 0x0000000089f00000|  0%| F|  |TAMS 0x0000000089e00000, 0x0000000089e00000| Untracked 
| 159|0x0000000089f00000, 0x0000000089f00000, 0x000000008a000000|  0%| F|  |TAMS 0x0000000089f00000, 0x0000000089f00000| Untracked 
| 160|0x000000008a000000, 0x000000008a000000, 0x000000008a100000|  0%| F|  |TAMS 0x000000008a000000, 0x000000008a000000| Untracked 
| 161|0x000000008a100000, 0x000000008a100000, 0x000000008a200000|  0%| F|  |TAMS 0x000000008a100000, 0x000000008a100000| Untracked 
| 162|0x000000008a200000, 0x000000008a200000, 0x000000008a300000|  0%| F|  |TAMS 0x000000008a200000, 0x000000008a200000| Untracked 
| 163|0x000000008a300000, 0x000000008a300000, 0x000000008a400000|  0%| F|  |TAMS 0x000000008a300000, 0x000000008a300000| Untracked 
| 164|0x000000008a400000, 0x000000008a400000, 0x000000008a500000|  0%| F|  |TAMS 0x000000008a400000, 0x000000008a400000| Untracked 
| 165|0x000000008a500000, 0x000000008a500000, 0x000000008a600000|  0%| F|  |TAMS 0x000000008a500000, 0x000000008a500000| Untracked 
| 166|0x000000008a600000, 0x000000008a600000, 0x000000008a700000|  0%| F|  |TAMS 0x000000008a600000, 0x000000008a600000| Untracked 
| 167|0x000000008a700000, 0x000000008a700000, 0x000000008a800000|  0%| F|  |TAMS 0x000000008a700000, 0x000000008a700000| Untracked 
| 168|0x000000008a800000, 0x000000008a800000, 0x000000008a900000|  0%| F|  |TAMS 0x000000008a800000, 0x000000008a800000| Untracked 
| 169|0x000000008a900000, 0x000000008a900000, 0x000000008aa00000|  0%| F|  |TAMS 0x000000008a900000, 0x000000008a900000| Untracked 
| 170|0x000000008aa00000, 0x000000008aa00000, 0x000000008ab00000|  0%| F|  |TAMS 0x000000008aa00000, 0x000000008aa00000| Untracked 
| 171|0x000000008ab00000, 0x000000008ab00000, 0x000000008ac00000|  0%| F|  |TAMS 0x000000008ab00000, 0x000000008ab00000| Untracked 
| 172|0x000000008ac00000, 0x000000008ac00000, 0x000000008ad00000|  0%| F|  |TAMS 0x000000008ac00000, 0x000000008ac00000| Untracked 
| 173|0x000000008ad00000, 0x000000008ad00000, 0x000000008ae00000|  0%| F|  |TAMS 0x000000008ad00000, 0x000000008ad00000| Untracked 
| 174|0x000000008ae00000, 0x000000008ae00000, 0x000000008af00000|  0%| F|  |TAMS 0x000000008ae00000, 0x000000008ae00000| Untracked 
| 175|0x000000008af00000, 0x000000008af00000, 0x000000008b000000|  0%| F|  |TAMS 0x000000008af00000, 0x000000008af00000| Untracked 
| 176|0x000000008b000000, 0x000000008b000000, 0x000000008b100000|  0%| F|  |TAMS 0x000000008b000000, 0x000000008b000000| Untracked 
| 177|0x000000008b100000, 0x000000008b100000, 0x000000008b200000|  0%| F|  |TAMS 0x000000008b100000, 0x000000008b100000| Untracked 
| 178|0x000000008b200000, 0x000000008b200000, 0x000000008b300000|  0%| F|  |TAMS 0x000000008b200000, 0x000000008b200000| Untracked 
| 179|0x000000008b300000, 0x000000008b300000, 0x000000008b400000|  0%| F|  |TAMS 0x000000008b300000, 0x000000008b300000| Untracked 
| 180|0x000000008b400000, 0x000000008b400000, 0x000000008b500000|  0%| F|  |TAMS 0x000000008b400000, 0x000000008b400000| Untracked 
| 181|0x000000008b500000, 0x000000008b500000, 0x000000008b600000|  0%| F|  |TAMS 0x000000008b500000, 0x000000008b500000| Untracked 
| 182|0x000000008b600000, 0x000000008b600000, 0x000000008b700000|  0%| F|  |TAMS 0x000000008b600000, 0x000000008b600000| Untracked 
| 183|0x000000008b700000, 0x000000008b700000, 0x000000008b800000|  0%| F|  |TAMS 0x000000008b700000, 0x000000008b700000| Untracked 
| 184|0x000000008b800000, 0x000000008b800000, 0x000000008b900000|  0%| F|  |TAMS 0x000000008b800000, 0x000000008b800000| Untracked 
| 185|0x000000008b900000, 0x000000008b900000, 0x000000008ba00000|  0%| F|  |TAMS 0x000000008b900000, 0x000000008b900000| Untracked 
| 186|0x000000008ba00000, 0x000000008ba00000, 0x000000008bb00000|  0%| F|  |TAMS 0x000000008ba00000, 0x000000008ba00000| Untracked 
| 187|0x000000008bb00000, 0x000000008bb00000, 0x000000008bc00000|  0%| F|  |TAMS 0x000000008bb00000, 0x000000008bb00000| Untracked 
| 188|0x000000008bc00000, 0x000000008bc00000, 0x000000008bd00000|  0%| F|  |TAMS 0x000000008bc00000, 0x000000008bc00000| Untracked 
| 189|0x000000008bd00000, 0x000000008bd00000, 0x000000008be00000|  0%| F|  |TAMS 0x000000008bd00000, 0x000000008bd00000| Untracked 
| 190|0x000000008be00000, 0x000000008be00000, 0x000000008bf00000|  0%| F|  |TAMS 0x000000008be00000, 0x000000008be00000| Untracked 
| 191|0x000000008bf00000, 0x000000008bf00000, 0x000000008c000000|  0%| F|  |TAMS 0x000000008bf00000, 0x000000008bf00000| Untracked 
| 192|0x000000008c000000, 0x000000008c000000, 0x000000008c100000|  0%| F|  |TAMS 0x000000008c000000, 0x000000008c000000| Untracked 
| 193|0x000000008c100000, 0x000000008c100000, 0x000000008c200000|  0%| F|  |TAMS 0x000000008c100000, 0x000000008c100000| Untracked 
| 194|0x000000008c200000, 0x000000008c200000, 0x000000008c300000|  0%| F|  |TAMS 0x000000008c200000, 0x000000008c200000| Untracked 
| 195|0x000000008c300000, 0x000000008c300000, 0x000000008c400000|  0%| F|  |TAMS 0x000000008c300000, 0x000000008c300000| Untracked 
| 196|0x000000008c400000, 0x000000008c400000, 0x000000008c500000|  0%| F|  |TAMS 0x000000008c400000, 0x000000008c400000| Untracked 
| 197|0x000000008c500000, 0x000000008c500000, 0x000000008c600000|  0%| F|  |TAMS 0x000000008c500000, 0x000000008c500000| Untracked 
| 198|0x000000008c600000, 0x000000008c600000, 0x000000008c700000|  0%| F|  |TAMS 0x000000008c600000, 0x000000008c600000| Untracked 
| 199|0x000000008c700000, 0x000000008c700000, 0x000000008c800000|  0%| F|  |TAMS 0x000000008c700000, 0x000000008c700000| Untracked 
| 200|0x000000008c800000, 0x000000008c800000, 0x000000008c900000|  0%| F|  |TAMS 0x000000008c800000, 0x000000008c800000| Untracked 
| 201|0x000000008c900000, 0x000000008c900000, 0x000000008ca00000|  0%| F|  |TAMS 0x000000008c900000, 0x000000008c900000| Untracked 
| 202|0x000000008ca00000, 0x000000008ca00000, 0x000000008cb00000|  0%| F|  |TAMS 0x000000008ca00000, 0x000000008ca00000| Untracked 
| 203|0x000000008cb00000, 0x000000008cb00000, 0x000000008cc00000|  0%| F|  |TAMS 0x000000008cb00000, 0x000000008cb00000| Untracked 
| 204|0x000000008cc00000, 0x000000008cc00000, 0x000000008cd00000|  0%| F|  |TAMS 0x000000008cc00000, 0x000000008cc00000| Untracked 
| 205|0x000000008cd00000, 0x000000008cd00000, 0x000000008ce00000|  0%| F|  |TAMS 0x000000008cd00000, 0x000000008cd00000| Untracked 
| 206|0x000000008ce00000, 0x000000008ce00000, 0x000000008cf00000|  0%| F|  |TAMS 0x000000008ce00000, 0x000000008ce00000| Untracked 
| 207|0x000000008cf00000, 0x000000008cf00000, 0x000000008d000000|  0%| F|  |TAMS 0x000000008cf00000, 0x000000008cf00000| Untracked 
| 208|0x000000008d000000, 0x000000008d000000, 0x000000008d100000|  0%| F|  |TAMS 0x000000008d000000, 0x000000008d000000| Untracked 
| 209|0x000000008d100000, 0x000000008d100000, 0x000000008d200000|  0%| F|  |TAMS 0x000000008d100000, 0x000000008d100000| Untracked 
| 210|0x000000008d200000, 0x000000008d200000, 0x000000008d300000|  0%| F|  |TAMS 0x000000008d200000, 0x000000008d200000| Untracked 
| 211|0x000000008d300000, 0x000000008d300000, 0x000000008d400000|  0%| F|  |TAMS 0x000000008d300000, 0x000000008d300000| Untracked 
| 212|0x000000008d400000, 0x000000008d400000, 0x000000008d500000|  0%| F|  |TAMS 0x000000008d400000, 0x000000008d400000| Untracked 
| 213|0x000000008d500000, 0x000000008d500000, 0x000000008d600000|  0%| F|  |TAMS 0x000000008d500000, 0x000000008d500000| Untracked 
| 214|0x000000008d600000, 0x000000008d600000, 0x000000008d700000|  0%| F|  |TAMS 0x000000008d600000, 0x000000008d600000| Untracked 
| 215|0x000000008d700000, 0x000000008d700000, 0x000000008d800000|  0%| F|  |TAMS 0x000000008d700000, 0x000000008d700000| Untracked 
| 216|0x000000008d800000, 0x000000008d800000, 0x000000008d900000|  0%| F|  |TAMS 0x000000008d800000, 0x000000008d800000| Untracked 
| 217|0x000000008d900000, 0x000000008d900000, 0x000000008da00000|  0%| F|  |TAMS 0x000000008d900000, 0x000000008d900000| Untracked 
| 218|0x000000008da00000, 0x000000008da00000, 0x000000008db00000|  0%| F|  |TAMS 0x000000008da00000, 0x000000008da00000| Untracked 
| 219|0x000000008db00000, 0x000000008db00000, 0x000000008dc00000|  0%| F|  |TAMS 0x000000008db00000, 0x000000008db00000| Untracked 
| 220|0x000000008dc00000, 0x000000008dc00000, 0x000000008dd00000|  0%| F|  |TAMS 0x000000008dc00000, 0x000000008dc00000| Untracked 
| 221|0x000000008dd00000, 0x000000008dd00000, 0x000000008de00000|  0%| F|  |TAMS 0x000000008dd00000, 0x000000008dd00000| Untracked 
| 222|0x000000008de00000, 0x000000008de00000, 0x000000008df00000|  0%| F|  |TAMS 0x000000008de00000, 0x000000008de00000| Untracked 
| 223|0x000000008df00000, 0x000000008df00000, 0x000000008e000000|  0%| F|  |TAMS 0x000000008df00000, 0x000000008df00000| Untracked 
| 224|0x000000008e000000, 0x000000008e000000, 0x000000008e100000|  0%| F|  |TAMS 0x000000008e000000, 0x000000008e000000| Untracked 
| 225|0x000000008e100000, 0x000000008e100000, 0x000000008e200000|  0%| F|  |TAMS 0x000000008e100000, 0x000000008e100000| Untracked 
| 226|0x000000008e200000, 0x000000008e200000, 0x000000008e300000|  0%| F|  |TAMS 0x000000008e200000, 0x000000008e200000| Untracked 

Card table byte_map: [0x000002155d3a0000,0x000002155d7a0000] _byte_map_base: 0x000002155cfa0000

Marking Bits (Prev, Next): (CMBitMap*) 0x000002154a7fe9c0, (CMBitMap*) 0x000002154a7fe980
 Prev Bits: [0x000002155fba0000, 0x0000021561ba0000)
 Next Bits: [0x000002155dba0000, 0x000002155fba0000)

Polling page: 0x0000021549f60000

Metaspace:

Usage:
  Non-class:    100.45 MB used.
      Class:     16.40 MB used.
       Both:    116.85 MB used.

Virtual space:
  Non-class space:      104.00 MB reserved,     100.88 MB ( 97%) committed,  13 nodes.
      Class space:        1.00 GB reserved,      16.75 MB (  2%) committed,  1 nodes.
             Both:        1.10 GB reserved,     117.62 MB ( 10%) committed. 

Chunk freelists:
   Non-Class:  3.08 MB
       Class:  3.27 MB
        Both:  6.34 MB

MaxMetaspaceSize: unlimited
CompressedClassSpaceSize: 1.00 GB
Initial GC threshold: 21.00 MB
Current GC threshold: 166.38 MB
CDS: off
MetaspaceReclaimPolicy: balanced
 - commit_granule_bytes: 65536.
 - commit_granule_words: 8192.
 - virtual_space_node_default_size: 1048576.
 - enlarge_chunks_in_place: 1.
 - new_chunks_are_fully_committed: 0.
 - uncommit_free_chunks: 1.
 - use_allocation_guard: 0.
 - handle_deallocations: 1.


Internal statistics:

num_allocs_failed_limit: 12.
num_arena_births: 1136.
num_arena_deaths: 14.
num_vsnodes_births: 14.
num_vsnodes_deaths: 0.
num_space_committed: 1882.
num_space_uncommitted: 0.
num_chunks_returned_to_freelist: 29.
num_chunks_taken_from_freelist: 5653.
num_chunk_merges: 14.
num_chunk_splits: 3817.
num_chunks_enlarged: 2599.
num_purges: 2.
num_inconsistent_stats: 0.

CodeHeap 'non-profiled nmethods': size=120000Kb used=4430Kb max_used=4749Kb free=115569Kb
 bounds [0x0000021555730000, 0x0000021555be0000, 0x000002155cc60000]
CodeHeap 'profiled nmethods': size=120000Kb used=21659Kb max_used=22356Kb free=98341Kb
 bounds [0x000002154dc60000, 0x000002154f260000, 0x0000021555190000]
CodeHeap 'non-nmethods': size=5760Kb used=2419Kb max_used=2459Kb free=3341Kb
 bounds [0x0000021555190000, 0x0000021555400000, 0x0000021555730000]
 total_blobs=13406 nmethods=12449 adapters=869
 compilation: enabled
              stopped_count=0, restarted_count=0
 full_count=0

Compilation events (20 events):
Event: 14.611 Thread 0x0000021565043fb0 14430       3       kotlin.reflect.jvm.internal.ReflectProperties$Val::<init> (5 bytes)
Event: 14.612 Thread 0x0000021565043fb0 nmethod 14430 0x000002154de13e90 code [0x000002154de14020, 0x000002154de14178]
Event: 14.618 Thread 0x0000021565043fb0 14431       3       kotlin.internal.ProgressionUtilKt::mod (16 bytes)
Event: 14.618 Thread 0x0000021565043fb0 nmethod 14431 0x000002154e023590 code [0x000002154e023720, 0x000002154e023878]
Event: 14.636 Thread 0x0000021565043fb0 14434       3       sun.net.www.MessageHeader::grow (92 bytes)
Event: 14.636 Thread 0x0000021565043fb0 nmethod 14434 0x000002154e022d10 code [0x000002154e022ee0, 0x000002154e023478]
Event: 14.674 Thread 0x0000021565043fb0 14436       3       kotlin.reflect.jvm.internal.ReflectProperties::lazySoft (18 bytes)
Event: 14.674 Thread 0x0000021565043fb0 nmethod 14436 0x000002154e022790 code [0x000002154e022940, 0x000002154e022b38]
Event: 14.674 Thread 0x0000021565043fb0 14437       3       kotlin.reflect.jvm.internal.ReflectProperties$LazySoftVal::<init> (43 bytes)
Event: 14.675 Thread 0x0000021565043fb0 nmethod 14437 0x000002154e638990 code [0x000002154e638ba0, 0x000002154e639388]
Event: 14.675 Thread 0x0000021565043fb0 14438       1       kotlin.reflect.jvm.internal.KClassImpl::getJClass (5 bytes)
Event: 14.675 Thread 0x0000021565043fb0 nmethod 14438 0x0000021555abca10 code [0x0000021555abcba0, 0x0000021555abcc78]
Event: 14.684 Thread 0x0000021565043fb0 14439       3       kotlin.reflect.jvm.internal.impl.renderer.DescriptorRendererOptionsImpl::property (20 bytes)
Event: 14.684 Thread 0x0000021565043fb0 nmethod 14439 0x000002154e638390 code [0x000002154e638540, 0x000002154e638878]
Event: 14.684 Thread 0x0000021565043fb0 14440       3       kotlin.reflect.jvm.internal.impl.renderer.DescriptorRendererOptionsImpl$property$$inlined$vetoable$1::<init> (11 bytes)
Event: 14.684 Thread 0x0000021565043fb0 nmethod 14440 0x000002154e637c10 code [0x000002154e637dc0, 0x000002154e638038]
Event: 14.705 Thread 0x0000021565043fb0 14441       3       sun.net.www.protocol.file.FileURLConnection::<init> (38 bytes)
Event: 14.706 Thread 0x0000021565043fb0 nmethod 14441 0x000002154f00e010 code [0x000002154f00e1e0, 0x000002154f00e5d8]
Event: 14.706 Thread 0x0000021565043fb0 14442       3       java.lang.CharacterDataLatin1::isJavaIdentifierPart (20 bytes)
Event: 14.706 Thread 0x0000021565043fb0 nmethod 14442 0x000002154f00db10 code [0x000002154f00dcc0, 0x000002154f00ded8]

GC Heap History (20 events):
Event: 10.284 GC heap after
{Heap after GC invocations=31 (full 0):
 garbage-first heap   total 190464K, used 97029K [0x0000000080000000, 0x0000000100000000)
  region size 1024K, 4 young (4096K), 4 survivors (4096K)
 Metaspace       used 89527K, committed 90176K, reserved 1130496K
  class space    used 12278K, committed 12608K, reserved 1048576K
}
Event: 10.673 GC heap before
{Heap before GC invocations=31 (full 0):
 garbage-first heap   total 190464K, used 153349K [0x0000000080000000, 0x0000000100000000)
  region size 1024K, 60 young (61440K), 4 survivors (4096K)
 Metaspace       used 90191K, committed 90816K, reserved 1130496K
  class space    used 12345K, committed 12608K, reserved 1048576K
}
Event: 10.679 GC heap after
{Heap after GC invocations=32 (full 0):
 garbage-first heap   total 229376K, used 101195K [0x0000000080000000, 0x0000000100000000)
  region size 1024K, 8 young (8192K), 8 survivors (8192K)
 Metaspace       used 90191K, committed 90816K, reserved 1130496K
  class space    used 12345K, committed 12608K, reserved 1048576K
}
Event: 11.184 GC heap before
{Heap before GC invocations=33 (full 0):
 garbage-first heap   total 229376K, used 181067K [0x0000000080000000, 0x0000000100000000)
  region size 1024K, 87 young (89088K), 8 survivors (8192K)
 Metaspace       used 91699K, committed 92352K, reserved 1130496K
  class space    used 12489K, committed 12800K, reserved 1048576K
}
Event: 11.195 GC heap after
{Heap after GC invocations=34 (full 0):
 garbage-first heap   total 229376K, used 107896K [0x0000000080000000, 0x0000000100000000)
  region size 1024K, 11 young (11264K), 11 survivors (11264K)
 Metaspace       used 91699K, committed 92352K, reserved 1130496K
  class space    used 12489K, committed 12800K, reserved 1048576K
}
Event: 11.197 GC heap before
{Heap before GC invocations=34 (full 0):
 garbage-first heap   total 229376K, used 108920K [0x0000000080000000, 0x0000000100000000)
  region size 1024K, 12 young (12288K), 11 survivors (11264K)
 Metaspace       used 91699K, committed 92352K, reserved 1130496K
  class space    used 12489K, committed 12800K, reserved 1048576K
}
Event: 11.206 GC heap after
{Heap after GC invocations=35 (full 0):
 garbage-first heap   total 229376K, used 109043K [0x0000000080000000, 0x0000000100000000)
  region size 1024K, 2 young (2048K), 2 survivors (2048K)
 Metaspace       used 91699K, committed 92352K, reserved 1130496K
  class space    used 12489K, committed 12800K, reserved 1048576K
}
Event: 11.981 GC heap before
{Heap before GC invocations=35 (full 0):
 garbage-first heap   total 229376K, used 162291K [0x0000000080000000, 0x0000000100000000)
  region size 1024K, 56 young (57344K), 2 survivors (2048K)
 Metaspace       used 98656K, committed 99456K, reserved 1138688K
  class space    used 13390K, committed 13760K, reserved 1048576K
}
Event: 11.989 GC heap after
{Heap after GC invocations=36 (full 0):
 garbage-first heap   total 229376K, used 116188K [0x0000000080000000, 0x0000000100000000)
  region size 1024K, 9 young (9216K), 9 survivors (9216K)
 Metaspace       used 98656K, committed 99456K, reserved 1138688K
  class space    used 13390K, committed 13760K, reserved 1048576K
}
Event: 12.891 GC heap before
{Heap before GC invocations=37 (full 0):
 garbage-first heap   total 229376K, used 183772K [0x0000000080000000, 0x0000000100000000)
  region size 1024K, 74 young (75776K), 9 survivors (9216K)
 Metaspace       used 101165K, committed 101952K, reserved 1138688K
  class space    used 13705K, committed 14080K, reserved 1048576K
}
Event: 12.898 GC heap after
{Heap after GC invocations=38 (full 0):
 garbage-first heap   total 229376K, used 118508K [0x0000000080000000, 0x0000000100000000)
  region size 1024K, 4 young (4096K), 4 survivors (4096K)
 Metaspace       used 101165K, committed 101952K, reserved 1138688K
  class space    used 13705K, committed 14080K, reserved 1048576K
}
Event: 12.930 GC heap before
{Heap before GC invocations=38 (full 0):
 garbage-first heap   total 229376K, used 124652K [0x0000000080000000, 0x0000000100000000)
  region size 1024K, 11 young (11264K), 4 survivors (4096K)
 Metaspace       used 101186K, committed 101952K, reserved 1138688K
  class space    used 13708K, committed 14080K, reserved 1048576K
}
Event: 12.933 GC heap after
{Heap after GC invocations=39 (full 0):
 garbage-first heap   total 229376K, used 116598K [0x0000000080000000, 0x0000000100000000)
  region size 1024K, 1 young (1024K), 1 survivors (1024K)
 Metaspace       used 101186K, committed 101952K, reserved 1138688K
  class space    used 13708K, committed 14080K, reserved 1048576K
}
Event: 13.163 GC heap before
{Heap before GC invocations=39 (full 0):
 garbage-first heap   total 229376K, used 184182K [0x0000000080000000, 0x0000000100000000)
  region size 1024K, 68 young (69632K), 1 survivors (1024K)
 Metaspace       used 101227K, committed 102016K, reserved 1138688K
  class space    used 13710K, committed 14080K, reserved 1048576K
}
Event: 13.168 GC heap after
{Heap after GC invocations=40 (full 0):
 garbage-first heap   total 229376K, used 119851K [0x0000000080000000, 0x0000000100000000)
  region size 1024K, 4 young (4096K), 4 survivors (4096K)
 Metaspace       used 101227K, committed 102016K, reserved 1138688K
  class space    used 13710K, committed 14080K, reserved 1048576K
}
Event: 13.992 GC heap before
{Heap before GC invocations=41 (full 0):
 garbage-first heap   total 232448K, used 186411K [0x0000000080000000, 0x0000000100000000)
  region size 1024K, 70 young (71680K), 4 survivors (4096K)
 Metaspace       used 111724K, committed 112512K, reserved 1146880K
  class space    used 15449K, committed 15808K, reserved 1048576K
}
Event: 13.999 GC heap after
{Heap after GC invocations=42 (full 0):
 garbage-first heap   total 232448K, used 123552K [0x0000000080000000, 0x0000000100000000)
  region size 1024K, 8 young (8192K), 8 survivors (8192K)
 Metaspace       used 111724K, committed 112512K, reserved 1146880K
  class space    used 15449K, committed 15808K, reserved 1048576K
}
Event: 14.030 GC heap before
{Heap before GC invocations=42 (full 0):
 garbage-first heap   total 232448K, used 125600K [0x0000000080000000, 0x0000000100000000)
  region size 1024K, 11 young (11264K), 8 survivors (8192K)
 Metaspace       used 112382K, committed 113216K, reserved 1146880K
  class space    used 15543K, committed 15936K, reserved 1048576K
}
Event: 14.035 GC heap after
{Heap after GC invocations=43 (full 0):
 garbage-first heap   total 232448K, used 123480K [0x0000000080000000, 0x0000000100000000)
  region size 1024K, 2 young (2048K), 2 survivors (2048K)
 Metaspace       used 112382K, committed 113216K, reserved 1146880K
  class space    used 15543K, committed 15936K, reserved 1048576K
}
Event: 14.709 GC heap before
{Heap before GC invocations=43 (full 0):
 garbage-first heap   total 232448K, used 191064K [0x0000000080000000, 0x0000000100000000)
  region size 1024K, 69 young (70656K), 2 survivors (2048K)
 Metaspace       used 119655K, committed 120448K, reserved 1155072K
  class space    used 16797K, committed 17152K, reserved 1048576K
}

Dll operation events (2 events):
Event: 0.011 Loaded shared library C:\Program Files\Android\Android Studio\jbr\bin\java.dll
Event: 0.344 Loaded shared library C:\Program Files\Android\Android Studio\jbr\bin\verify.dll

Deoptimization events (20 events):
Event: 14.432 Thread 0x000002156e5c5d80 DEOPT PACKING pc=0x0000021555a4c5e8 sp=0x000000a5043fd5e0
Event: 14.432 Thread 0x000002156e5c5d80 DEOPT UNPACKING pc=0x00000215551e69a3 sp=0x000000a5043fd378 mode 2
Event: 14.432 Thread 0x000002156e5c5d80 Uncommon trap: trap_request=0xffffff45 fr.pc=0x0000021555a4c978 relative=0x0000000000000078
Event: 14.432 Thread 0x000002156e5c5d80 Uncommon trap: reason=unstable_if action=reinterpret pc=0x0000021555a4c978 method=jdk.internal.misc.Unsafe.convEndian(ZS)S @ 4 c2
Event: 14.432 Thread 0x000002156e5c5d80 DEOPT PACKING pc=0x0000021555a4c978 sp=0x000000a5043fd4c0
Event: 14.433 Thread 0x000002156e5c5d80 DEOPT UNPACKING pc=0x00000215551e69a3 sp=0x000000a5043fd3c8 mode 2
Event: 14.502 Thread 0x000002156a0d5020 Uncommon trap: trap_request=0xffffff45 fr.pc=0x0000021555bb5f48 relative=0x0000000000000b28
Event: 14.502 Thread 0x000002156a0d5020 Uncommon trap: reason=unstable_if action=reinterpret pc=0x0000021555bb5f48 method=org.gradle.internal.snapshot.VfsRelativePath.lengthOfCommonPrefix(Ljava/lang/String;Lorg/gradle/internal/snapshot/CaseSensitivity;)I @ 117 c2
Event: 14.502 Thread 0x000002156a0d5020 DEOPT PACKING pc=0x0000021555bb5f48 sp=0x000000a5030fab60
Event: 14.503 Thread 0x000002156a0d5020 DEOPT UNPACKING pc=0x00000215551e69a3 sp=0x000000a5030faae8 mode 2
Event: 14.528 Thread 0x000002156a0d5020 DEOPT PACKING pc=0x000002154e455c94 sp=0x000000a5030fa350
Event: 14.528 Thread 0x000002156a0d5020 DEOPT UNPACKING pc=0x00000215551e7143 sp=0x000000a5030f9728 mode 0
Event: 14.528 Thread 0x000002156a0d5020 DEOPT PACKING pc=0x000002154e455c94 sp=0x000000a5030fa740
Event: 14.528 Thread 0x000002156a0d5020 DEOPT UNPACKING pc=0x00000215551e7143 sp=0x000000a5030f9b18 mode 0
Event: 14.528 Thread 0x000002156a0d5020 DEOPT PACKING pc=0x000002154e455c94 sp=0x000000a5030fab30
Event: 14.528 Thread 0x000002156a0d5020 DEOPT UNPACKING pc=0x00000215551e7143 sp=0x000000a5030f9f08 mode 0
Event: 14.528 Thread 0x000002156a0d5020 DEOPT PACKING pc=0x000002154e455c94 sp=0x000000a5030faf20
Event: 14.528 Thread 0x000002156a0d5020 DEOPT UNPACKING pc=0x00000215551e7143 sp=0x000000a5030fa2f8 mode 0
Event: 14.528 Thread 0x000002156a0d5020 DEOPT PACKING pc=0x000002154e455c94 sp=0x000000a5030fb310
Event: 14.528 Thread 0x000002156a0d5020 DEOPT UNPACKING pc=0x00000215551e7143 sp=0x000000a5030fa6e8 mode 0

Classes unloaded (7 events):
Event: 10.769 Thread 0x0000021565013330 Unloading class 0x0000000100c3dc00 'java/lang/invoke/LambdaForm$DMH+0x0000000100c3dc00'
Event: 10.769 Thread 0x0000021565013330 Unloading class 0x0000000100c3d800 'java/lang/invoke/LambdaForm$DMH+0x0000000100c3d800'
Event: 10.769 Thread 0x0000021565013330 Unloading class 0x0000000100c3d400 'java/lang/invoke/LambdaForm$DMH+0x0000000100c3d400'
Event: 10.769 Thread 0x0000021565013330 Unloading class 0x0000000100c3c800 'java/lang/invoke/LambdaForm$DMH+0x0000000100c3c800'
Event: 10.769 Thread 0x0000021565013330 Unloading class 0x0000000100c3d000 'java/lang/invoke/LambdaForm$DMH+0x0000000100c3d000'
Event: 10.769 Thread 0x0000021565013330 Unloading class 0x0000000100c3cc00 'java/lang/invoke/LambdaForm$DMH+0x0000000100c3cc00'
Event: 10.769 Thread 0x0000021565013330 Unloading class 0x0000000100c3c400 'java/lang/invoke/LambdaForm$DMH+0x0000000100c3c400'

Classes redefined (0 events):
No events

Internal exceptions (20 events):
Event: 14.280 Thread 0x0000021567e46e00 Exception <a 'sun/nio/fs/WindowsException'{0x000000008c8b36f0}> (0x000000008c8b36f0) 
thrown [s\src\hotspot\share\prims\jni.cpp, line 517]
Event: 14.280 Thread 0x0000021567e477a0 Exception <a 'sun/nio/fs/WindowsException'{0x000000008c8615f0}> (0x000000008c8615f0) 
thrown [s\src\hotspot\share\prims\jni.cpp, line 517]
Event: 14.280 Thread 0x000002156e5c4f10 Exception <a 'sun/nio/fs/WindowsException'{0x000000008c8e2958}> (0x000000008c8e2958) 
thrown [s\src\hotspot\share\prims\jni.cpp, line 517]
Event: 14.283 Thread 0x000002156e5c4f10 Exception <a 'sun/nio/fs/WindowsException'{0x000000008c8e84a0}> (0x000000008c8e84a0) 
thrown [s\src\hotspot\share\prims\jni.cpp, line 517]
Event: 14.283 Thread 0x0000021567e477a0 Exception <a 'sun/nio/fs/WindowsException'{0x000000008c7ca900}> (0x000000008c7ca900) 
thrown [s\src\hotspot\share\prims\jni.cpp, line 517]
Event: 14.284 Thread 0x000002156e5c4a40 Exception <a 'sun/nio/fs/WindowsException'{0x000000008c8cb1a8}> (0x000000008c8cb1a8) 
thrown [s\src\hotspot\share\prims\jni.cpp, line 517]
Event: 14.285 Thread 0x000002156e5c4f10 Exception <a 'sun/nio/fs/WindowsException'{0x000000008c8ed828}> (0x000000008c8ed828) 
thrown [s\src\hotspot\share\prims\jni.cpp, line 517]
Event: 14.285 Thread 0x000002156e5c4a40 Exception <a 'sun/nio/fs/WindowsException'{0x000000008c8cfe70}> (0x000000008c8cfe70) 
thrown [s\src\hotspot\share\prims\jni.cpp, line 517]
Event: 14.286 Thread 0x0000021567e477a0 Exception <a 'sun/nio/fs/WindowsException'{0x000000008c7d29c8}> (0x000000008c7d29c8) 
thrown [s\src\hotspot\share\prims\jni.cpp, line 517]
Event: 14.287 Thread 0x0000021567e477a0 Exception <a 'sun/nio/fs/WindowsException'{0x000000008c7d9238}> (0x000000008c7d9238) 
thrown [s\src\hotspot\share\prims\jni.cpp, line 517]
Event: 14.288 Thread 0x000002156e5c4a40 Exception <a 'sun/nio/fs/WindowsException'{0x000000008c8d6b08}> (0x000000008c8d6b08) 
thrown [s\src\hotspot\share\prims\jni.cpp, line 517]
Event: 14.288 Thread 0x000002156e5c4f10 Exception <a 'sun/nio/fs/WindowsException'{0x000000008c8f5358}> (0x000000008c8f5358) 
thrown [s\src\hotspot\share\prims\jni.cpp, line 517]
Event: 14.319 Thread 0x000002156a0d5020 Exception <a 'java/lang/NoSuchMethodError'{0x000000008c3a0820}: static Lkotlin/InitializedLazyImpl;.<clinit>()V> (0x000000008c3a0820) 
thrown [s\src\hotspot\share\prims\jni.cpp, line 1108]
Event: 14.327 Thread 0x000002156a0d9d20 Exception <a 'sun/nio/fs/WindowsException'{0x000000008c61e0e0}> (0x000000008c61e0e0) 
thrown [s\src\hotspot\share\prims\jni.cpp, line 517]
Event: 14.355 Thread 0x0000021567e26e40 Exception <a 'sun/nio/fs/WindowsException'{0x000000008bc48908}> (0x000000008bc48908) 
thrown [s\src\hotspot\share\prims\jni.cpp, line 517]
Event: 14.355 Thread 0x0000021567e26e40 Exception <a 'sun/nio/fs/WindowsException'{0x000000008bc48ce0}> (0x000000008bc48ce0) 
thrown [s\src\hotspot\share\prims\jni.cpp, line 517]
Event: 14.395 Thread 0x000002156a0d9d20 Exception <a 'sun/nio/fs/WindowsException'{0x000000008b77e5f8}> (0x000000008b77e5f8) 
thrown [s\src\hotspot\share\prims\jni.cpp, line 517]
Event: 14.399 Thread 0x000002156e5c5d80 Exception <a 'sun/nio/fs/WindowsException'{0x000000008b081f28}> (0x000000008b081f28) 
thrown [s\src\hotspot\share\prims\jni.cpp, line 517]
Event: 14.467 Thread 0x000002156e5c5d80 Exception <a 'java/lang/NoSuchMethodError'{0x000000008ab0a650}: 'long java.lang.invoke.DirectMethodHandle$Holder.invokeStatic(java.lang.Object, java.lang.Object, java.lang.Object)'> (0x000000008ab0a650) 
thrown [s\src\hotspot\share\interpreter\linkResolver.cpp, line 771]
Event: 14.489 Thread 0x000002156e5c5d80 Exception <a 'sun/nio/fs/WindowsException'{0x000000008aa5b0d0}> (0x000000008aa5b0d0) 
thrown [s\src\hotspot\share\prims\jni.cpp, line 517]

VM Operations (20 events):
Event: 14.035 Executing VM operation: G1CollectForAllocation done
Event: 14.083 Executing VM operation: HandshakeAllThreads
Event: 14.083 Executing VM operation: HandshakeAllThreads done
Event: 14.085 Executing VM operation: HandshakeAllThreads
Event: 14.085 Executing VM operation: HandshakeAllThreads done
Event: 14.089 Executing VM operation: HandshakeAllThreads
Event: 14.089 Executing VM operation: HandshakeAllThreads done
Event: 14.191 Executing VM operation: ICBufferFull
Event: 14.192 Executing VM operation: ICBufferFull done
Event: 14.226 Executing VM operation: HandshakeAllThreads
Event: 14.226 Executing VM operation: HandshakeAllThreads done
Event: 14.376 Executing VM operation: ICBufferFull
Event: 14.377 Executing VM operation: ICBufferFull done
Event: 14.428 Executing VM operation: HandshakeAllThreads
Event: 14.429 Executing VM operation: HandshakeAllThreads done
Event: 14.465 Executing VM operation: HandshakeAllThreads
Event: 14.466 Executing VM operation: HandshakeAllThreads done
Event: 14.527 Executing VM operation: HandshakeAllThreads
Event: 14.527 Executing VM operation: HandshakeAllThreads done
Event: 14.708 Executing VM operation: G1CollectForAllocation

Events (20 events):
Event: 14.262 loading class java/nio/ByteBufferAsShortBufferL
Event: 14.262 loading class java/nio/ByteBufferAsShortBufferL done
Event: 14.278 loading class java/util/zip/Adler32
Event: 14.278 loading class java/util/zip/Adler32 done
Event: 14.339 loading class java/io/PushbackInputStream
Event: 14.339 loading class java/io/PushbackInputStream done
Event: 14.429 loading class java/nio/BufferUnderflowException
Event: 14.429 loading class java/nio/BufferUnderflowException done
Event: 14.464 loading class java/nio/HeapShortBuffer
Event: 14.464 loading class java/nio/HeapShortBuffer done
Event: 14.514 loading class com/sun/org/apache/xerces/internal/util/URI
Event: 14.515 loading class com/sun/org/apache/xerces/internal/util/URI done
Event: 14.515 loading class java/net/HttpURLConnection
Event: 14.516 loading class java/net/HttpURLConnection done
Event: 14.516 loading class sun/net/ProgressMonitor
Event: 14.516 loading class sun/net/ProgressMonitor done
Event: 14.516 loading class sun/net/DefaultProgressMeteringPolicy
Event: 14.516 loading class sun/net/ProgressMeteringPolicy
Event: 14.516 loading class sun/net/ProgressMeteringPolicy done
Event: 14.516 loading class sun/net/DefaultProgressMeteringPolicy done


Dynamic libraries:
0x00007ff707890000 - 0x00007ff70789a000 	C:\Program Files\Android\Android Studio\jbr\bin\java.exe
0x00007ffb33730000 - 0x00007ffb33944000 	C:\WINDOWS\SYSTEM32\ntdll.dll
0x00007ffad4820000 - 0x00007ffad4839000 	C:\Program Files\Avast Software\Avast\aswhook.dll
0x00007ffb31d50000 - 0x00007ffb31e12000 	C:\WINDOWS\System32\KERNEL32.DLL
0x00007ffb30ea0000 - 0x00007ffb31243000 	C:\WINDOWS\System32\KERNELBASE.dll
0x00007ffb312f0000 - 0x00007ffb31401000 	C:\WINDOWS\System32\ucrtbase.dll
0x00007ffb03ce0000 - 0x00007ffb03cfb000 	C:\Program Files\Android\Android Studio\jbr\bin\VCRUNTIME140.dll
0x00007ffb03d30000 - 0x00007ffb03d47000 	C:\Program Files\Android\Android Studio\jbr\bin\jli.dll
0x00007ffb31530000 - 0x00007ffb316db000 	C:\WINDOWS\System32\USER32.dll
0x00007ffb30e70000 - 0x00007ffb30e96000 	C:\WINDOWS\System32\win32u.dll
0x00007ffb13130000 - 0x00007ffb133be000 	C:\WINDOWS\WinSxS\amd64_microsoft.windows.common-controls_6595b64144ccf1df_6.0.22621.1635_none_270f70857386168e\COMCTL32.dll
0x00007ffb328b0000 - 0x00007ffb328d9000 	C:\WINDOWS\System32\GDI32.dll
0x00007ffb33640000 - 0x00007ffb336e7000 	C:\WINDOWS\System32\msvcrt.dll
0x00007ffb31410000 - 0x00007ffb31528000 	C:\WINDOWS\System32\gdi32full.dll
0x00007ffb31250000 - 0x00007ffb312ea000 	C:\WINDOWS\System32\msvcp_win.dll
0x00007ffb33600000 - 0x00007ffb33631000 	C:\WINDOWS\System32\IMM32.DLL
0x00007ffb10570000 - 0x00007ffb1057c000 	C:\Program Files\Android\Android Studio\jbr\bin\vcruntime140_1.dll
0x00007ffadc6c0000 - 0x00007ffadc74d000 	C:\Program Files\Android\Android Studio\jbr\bin\msvcp140.dll
0x00007ffa97830000 - 0x00007ffa9849d000 	C:\Program Files\Android\Android Studio\jbr\bin\server\jvm.dll
0x00007ffb31b80000 - 0x00007ffb31c2e000 	C:\WINDOWS\System32\ADVAPI32.dll
0x00007ffb32270000 - 0x00007ffb32314000 	C:\WINDOWS\System32\sechost.dll
0x00007ffb329e0000 - 0x00007ffb32af7000 	C:\WINDOWS\System32\RPCRT4.dll
0x00007ffb2a110000 - 0x00007ffb2a144000 	C:\WINDOWS\SYSTEM32\WINMM.dll
0x00007ffb1aff0000 - 0x00007ffb1aff9000 	C:\WINDOWS\SYSTEM32\WSOCK32.dll
0x00007ffb29040000 - 0x00007ffb2904a000 	C:\WINDOWS\SYSTEM32\VERSION.dll
0x00007ffb32830000 - 0x00007ffb328a1000 	C:\WINDOWS\System32\WS2_32.dll
0x00007ffb2fba0000 - 0x00007ffb2fbb8000 	C:\WINDOWS\SYSTEM32\kernel.appcore.dll
0x00007ffb10f30000 - 0x00007ffb10f3a000 	C:\Program Files\Android\Android Studio\jbr\bin\jimage.dll
0x00007ffb2e580000 - 0x00007ffb2e7ae000 	C:\WINDOWS\SYSTEM32\DBGHELP.DLL
0x00007ffb31ee0000 - 0x00007ffb32269000 	C:\WINDOWS\System32\combase.dll
0x00007ffb32be0000 - 0x00007ffb32cb7000 	C:\WINDOWS\System32\OLEAUT32.dll
0x00007ffb24e30000 - 0x00007ffb24e62000 	C:\WINDOWS\SYSTEM32\dbgcore.DLL
0x00007ffb30c80000 - 0x00007ffb30cfb000 	C:\WINDOWS\System32\bcryptPrimitives.dll
0x00007ffa9d8c0000 - 0x00007ffa9d8e5000 	C:\Program Files\Android\Android Studio\jbr\bin\java.dll
0x00007ffa9dc00000 - 0x00007ffa9dc18000 	C:\Program Files\Android\Android Studio\jbr\bin\zip.dll
0x00007ffb32e00000 - 0x00007ffb335fa000 	C:\WINDOWS\System32\SHELL32.dll
0x00007ffb2eb50000 - 0x00007ffb2f41e000 	C:\WINDOWS\SYSTEM32\windows.storage.dll
0x00007ffb2ea10000 - 0x00007ffb2eb4e000 	C:\WINDOWS\SYSTEM32\wintypes.dll
0x00007ffb326d0000 - 0x00007ffb327c1000 	C:\WINDOWS\System32\SHCORE.dll
0x00007ffb31e70000 - 0x00007ffb31ece000 	C:\WINDOWS\System32\shlwapi.dll
0x00007ffb30a80000 - 0x00007ffb30aa1000 	C:\WINDOWS\SYSTEM32\profapi.dll
0x00007ffa9d8a0000 - 0x00007ffa9d8b9000 	C:\Program Files\Android\Android Studio\jbr\bin\net.dll
0x00007ffb29960000 - 0x00007ffb29a97000 	C:\WINDOWS\SYSTEM32\WINHTTP.dll
0x00007ffb30010000 - 0x00007ffb30079000 	C:\WINDOWS\system32\mswsock.dll
0x00007ffa9d880000 - 0x00007ffa9d896000 	C:\Program Files\Android\Android Studio\jbr\bin\nio.dll
0x00007ffb2d6f0000 - 0x00007ffb2d700000 	C:\Program Files\Android\Android Studio\jbr\bin\verify.dll
0x00007ffb2cf40000 - 0x00007ffb2cf67000 	C:\Users\micha\.gradle\native\68d5fa5c4cc2d200863cafc0d521ce42e7d3e7ee720ec0a83991735586a16f82\windows-amd64\native-platform.dll
0x00007ffa9deb0000 - 0x00007ffa9dff4000 	C:\Users\micha\.gradle\native\e376f236ea51e6404a007f0833ffe2c6e607c4080706a723a18a27aeea778392\windows-amd64\native-platform-file-events.dll
0x00007ffb2cf10000 - 0x00007ffb2cf19000 	C:\Program Files\Android\Android Studio\jbr\bin\management.dll
0x00007ffb2cf00000 - 0x00007ffb2cf0b000 	C:\Program Files\Android\Android Studio\jbr\bin\management_ext.dll
0x00007ffb31ed0000 - 0x00007ffb31ed8000 	C:\WINDOWS\System32\PSAPI.DLL
0x00007ffb30270000 - 0x00007ffb3028b000 	C:\WINDOWS\SYSTEM32\CRYPTSP.dll
0x00007ffb2fb10000 - 0x00007ffb2fb45000 	C:\WINDOWS\system32\rsaenh.dll
0x00007ffb30110000 - 0x00007ffb30138000 	C:\WINDOWS\SYSTEM32\USERENV.dll
0x00007ffb30410000 - 0x00007ffb30438000 	C:\WINDOWS\SYSTEM32\bcrypt.dll
0x00007ffb30290000 - 0x00007ffb3029c000 	C:\WINDOWS\SYSTEM32\CRYPTBASE.dll
0x00007ffb2f6c0000 - 0x00007ffb2f6ed000 	C:\WINDOWS\SYSTEM32\IPHLPAPI.DLL
0x00007ffb32680000 - 0x00007ffb32689000 	C:\WINDOWS\System32\NSI.dll
0x00007ffb2a0f0000 - 0x00007ffb2a109000 	C:\WINDOWS\SYSTEM32\dhcpcsvc6.DLL
0x00007ffb2a0d0000 - 0x00007ffb2a0ef000 	C:\WINDOWS\SYSTEM32\dhcpcsvc.DLL
0x00007ffb2f6f0000 - 0x00007ffb2f7e3000 	C:\WINDOWS\SYSTEM32\DNSAPI.dll
0x00007ffb2a1b0000 - 0x00007ffb2a1b8000 	C:\WINDOWS\system32\wshunix.dll

dbghelp: loaded successfully - version: 4.0.5 - missing functions: none
symbol engine: initialized successfully - sym options: 0x614 - pdb path: .;C:\Program Files\Android\Android Studio\jbr\bin;C:\WINDOWS\SYSTEM32;C:\Program Files\Avast Software\Avast;C:\WINDOWS\WinSxS\amd64_microsoft.windows.common-controls_6595b64144ccf1df_6.0.22621.1635_none_270f70857386168e;C:\Program Files\Android\Android Studio\jbr\bin\server;C:\Users\micha\.gradle\native\68d5fa5c4cc2d200863cafc0d521ce42e7d3e7ee720ec0a83991735586a16f82\windows-amd64;C:\Users\micha\.gradle\native\e376f236ea51e6404a007f0833ffe2c6e607c4080706a723a18a27aeea778392\windows-amd64

VM Arguments:
jvm_args: --add-opens=java.base/java.util=ALL-UNNAMED --add-opens=java.base/java.lang=ALL-UNNAMED --add-opens=java.base/java.lang.invoke=ALL-UNNAMED --add-opens=java.prefs/java.util.prefs=ALL-UNNAMED --add-opens=java.base/java.nio.charset=ALL-UNNAMED --add-opens=java.base/java.net=ALL-UNNAMED --add-opens=java.base/java.util.concurrent.atomic=ALL-UNNAMED -Xmx2048m -Dfile.encoding=UTF-8 -Duser.country=ZA -Duser.language=en -Duser.variant 
java_command: org.gradle.launcher.daemon.bootstrap.GradleDaemon 8.0
java_class_path (initial): C:\Users\micha\.gradle\wrapper\dists\gradle-8.0-bin\ca5e32bp14vu59qr306oxotwh\gradle-8.0\lib\gradle-launcher-8.0.jar
Launcher Type: SUN_STANDARD

[Global flags]
     intx CICompilerCount                          = 4                                         {product} {ergonomic}
     uint ConcGCThreads                            = 2                                         {product} {ergonomic}
     uint G1ConcRefinementThreads                  = 8                                         {product} {ergonomic}
   size_t G1HeapRegionSize                         = 1048576                                   {product} {ergonomic}
    uintx GCDrainStackTargetSize                   = 64                                        {product} {ergonomic}
   size_t InitialHeapSize                          = 134217728                                 {product} {ergonomic}
   size_t MarkStackSize                            = 4194304                                   {product} {ergonomic}
   size_t MaxHeapSize                              = 2147483648                                {product} {command line}
   size_t MaxNewSize                               = 1287651328                                {product} {ergonomic}
   size_t MinHeapDeltaBytes                        = 1048576                                   {product} {ergonomic}
   size_t MinHeapSize                              = 8388608                                   {product} {ergonomic}
    uintx NonNMethodCodeHeapSize                   = 5839372                                {pd product} {ergonomic}
    uintx NonProfiledCodeHeapSize                  = 122909434                              {pd product} {ergonomic}
    uintx ProfiledCodeHeapSize                     = 122909434                              {pd product} {ergonomic}
    uintx ReservedCodeCacheSize                    = 251658240                              {pd product} {ergonomic}
     bool SegmentedCodeCache                       = true                                      {product} {ergonomic}
   size_t SoftMaxHeapSize                          = 2147483648                             {manageable} {ergonomic}
     bool UseCompressedClassPointers               = true                           {product lp64_product} {ergonomic}
     bool UseCompressedOops                        = true                           {product lp64_product} {ergonomic}
     bool UseG1GC                                  = true                                      {product} {ergonomic}
     bool UseLargePagesIndividualAllocation        = false                                  {pd product} {ergonomic}

Logging:
Log output configuration:
 #0: stdout all=warning uptime,level,tags
 #1: stderr all=off uptime,level,tags

Environment Variables:
JAVA_HOME=C:\Program Files\Java\jdk-18.0.2\bin
PATH=C:\Python311\Scripts\;C:\Python311\;"C:\xampp\php;C:\app\micha\product\18.0.0\dbhomeXE\bin";C:\Program Files\Common Files\Oracle\Java\javapath;C:\Program Files (x86)\Common Files\Oracle\Java\javapath;C:\Windows\system32;C:\Windows;C:\Windows\System32\Wbem;C:\Windows\System32\WindowsPowerShell\v1.0\;C:\Windows\System32\OpenSSH\;C:\Program Files\NVIDIA Corporation\NVIDIA NvDLISR;C:\Program Files (x86)\NVIDIA Corporation\PhysX\Common;C:\Program Files\Microsoft SQL Server\Client SDK\ODBC\170\Tools\Binn\;C:\Program Files (x86)\Microsoft SQL Server\150\Tools\Binn\;C:\Program Files\Microsoft SQL Server\150\Tools\Binn\;C:\Program Files\Microsoft SQL Server\150\DTS\Binn\;C:\Program Files\Git\cmd;C:\Program Files\dotnet\;C:\Program Files (x86)\dotnet\;C:\Program Files\Java\jdk-18.0.2\bin;C:\WINDOWS\system32;C:\WINDOWS;C:\WINDOWS\System32\Wbem;C:\WINDOWS\System32\WindowsPowerShell\v1.0\;C:\WINDOWS\System32\OpenSSH\;C:\xampp\php;C:\Program Files\nodejs\;C:\ProgramData\chocolatey\bin;C:\Users\micha\AppData\Local\Microsoft\WindowsApps;C:\Program Files\Azure Data Studio\bin;C:\Program Files\JetBrains\IntelliJ IDEA Community Edition 2021.3.3\bin;;C:\Users\micha\AppData\Local\Programs\Microsoft VS Code\bin;C:\Users\micha\AppData\Roaming\npm
USERNAME=micha
OS=Windows_NT
PROCESSOR_IDENTIFIER=Intel64 Family 6 Model 158 Stepping 10, GenuineIntel
TMP=C:\Users\micha\AppData\Local\Temp
TEMP=C:\Users\micha\AppData\Local\Temp



---------------  S Y S T E M  ---------------

OS:
 Windows 11 , 64 bit Build 22621 (10.0.22621.1635)
OS uptime: 0 days 1:26 hours

CPU: total 8 (initial active 8) (4 cores per cpu, 2 threads per core) family 6 model 158 stepping 10 microcode 0xde, cx8, cmov, fxsr, ht, mmx, 3dnowpref, sse, sse2, sse3, ssse3, sse4.1, sse4.2, popcnt, lzcnt, tsc, tscinvbit, avx, avx2, aes, erms, clmul, bmi1, bmi2, adx, fma, vzeroupper, clflush, clflushopt

Memory: 4k page, system-wide physical 8072M (281M free)
TotalPageFile size 17010M (AvailPageFile size 235M)
current process WorkingSet (physical memory assigned to process): 513M, peak: 513M
current process commit charge ("private bytes"): 548M, peak: 963M

vm_info: OpenJDK 64-Bit Server VM (17.0.6+0-b2043.56-9586694) for windows-amd64 JRE (17.0.6+0-b2043.56-9586694), built on Feb  9 2023 20:06:20 by "androidbuild" with MS VC++ 16.10 / 16.11 (VS2019)

END.
