#
# There is insufficient memory for the Java Runtime Environment to continue.
# Native memory allocation (mmap) failed to map 193986560 bytes for G1 virtual space
# Possible reasons:
#   The system is out of physical RAM or swap space
#   The process is running with CompressedOops enabled, and the Java Heap may be blocking the growth of the native heap
# Possible solutions:
#   Reduce memory load on the system
#   Increase physical memory or swap space
#   Check if swap backing store is full
#   Decrease Java heap size (-Xmx/-Xms)
#   Decrease number of Java threads
#   Decrease Java thread stack sizes (-Xss)
#   Set larger code cache with -XX:ReservedCodeCacheSize=
#   JVM is running with Unscaled Compressed Oops mode in which the Java heap is
#     placed in the first 4GB address space. The Java Heap base address is the
#     maximum limit for the native heap growth. Please use -XX:HeapBaseMinAddress
#     to set the Java Heap base and to place the Java Heap above 4GB virtual address.
# This output file may be truncated or incomplete.
#
#  Out of Memory Error (os_windows.cpp:3769), pid=3548, tid=1692
#
# JRE version: OpenJDK Runtime Environment (17.0.6) (build 17.0.6+0-b2043.56-9586694)
# Java VM: OpenJDK 64-Bit Server VM (17.0.6+0-b2043.56-9586694, mixed mode, tiered, compressed oops, compressed class ptrs, g1 gc, windows-amd64)
# No core dump will be written. Minidumps are not enabled by default on client versions of Windows
#

---------------  S U M M A R Y ------------

Command Line: --add-opens=java.base/java.util=ALL-UNNAMED --add-opens=java.base/java.lang=ALL-UNNAMED --add-opens=java.base/java.lang.invoke=ALL-UNNAMED --add-opens=java.prefs/java.util.prefs=ALL-UNNAMED --add-opens=java.base/java.nio.charset=ALL-UNNAMED --add-opens=java.base/java.net=ALL-UNNAMED --add-opens=java.base/java.util.concurrent.atomic=ALL-UNNAMED -Xmx2048m -Dfile.encoding=UTF-8 -Duser.country=ZA -Duser.language=en -Duser.variant org.gradle.launcher.daemon.bootstrap.GradleDaemon 8.0

Host: Intel(R) Core(TM) i5-9300H CPU @ 2.40GHz, 8 cores, 7G,  Windows 11 , 64 bit Build 22621 (10.0.22621.1635)
Time: Fri May 19 00:39:34 2023 South Africa Standard Time elapsed time: 14.283208 seconds (0d 0h 0m 14s)

---------------  T H R E A D  ---------------

Current thread (0x000001d8b1813a30):  VMThread "VM Thread" [stack: 0x0000004bb6100000,0x0000004bb6200000] [id=1692]

Stack: [0x0000004bb6100000,0x0000004bb6200000]
Native frames: (J=compiled Java code, j=interpreted, Vv=VM code, C=native code)
V  [jvm.dll+0x683b4a]
V  [jvm.dll+0x842654]
V  [jvm.dll+0x843dfe]
V  [jvm.dll+0x844463]
V  [jvm.dll+0x249b75]
V  [jvm.dll+0x680a19]
V  [jvm.dll+0x674f0a]
V  [jvm.dll+0x309acb]
V  [jvm.dll+0x310f86]
V  [jvm.dll+0x3608ee]
V  [jvm.dll+0x360b1f]
V  [jvm.dll+0x2dfbf8]
V  [jvm.dll+0x2ddec4]
V  [jvm.dll+0x2dd4cc]
V  [jvm.dll+0x321f3b]
V  [jvm.dll+0x84893b]
V  [jvm.dll+0x849674]
V  [jvm.dll+0x849b8d]
V  [jvm.dll+0x849f64]
V  [jvm.dll+0x84a030]
V  [jvm.dll+0x7f25fa]
V  [jvm.dll+0x682985]
C  [ucrtbase.dll+0x29363]
C  [KERNEL32.DLL+0x126ad]
C  [ntdll.dll+0x5a9f8]

VM_Operation (0x0000004bbcbfc920): G1CollectForAllocation, mode: safepoint, requested by thread 0x000001d8b26464b0


---------------  P R O C E S S  ---------------

Threads class SMR info:
_java_thread_list=0x000001d8b589a080, length=135, elements={
0x000001d894de05a0, 0x000001d8b0c3bd20, 0x000001d8b0c49a90, 0x000001d8b1827e10,
0x000001d8b18287d0, 0x000001d8b1829280, 0x000001d8b182ac40, 0x000001d8b182b9d0,
0x000001d8b18384d0, 0x000001d8b183c3c0, 0x000001d8b1846570, 0x000001d8b19ec450,
0x000001d8b1bbcff0, 0x000001d8b3d782a0, 0x000001d8b439aae0, 0x000001d8b4692830,
0x000001d8b302a6b0, 0x000001d8b33be040, 0x000001d8b2644730, 0x000001d8b4dca890,
0x000001d8b263e760, 0x000001d8b2642120, 0x000001d8b263ec30, 0x000001d8b263faa0,
0x000001d8b263ff70, 0x000001d8b2640440, 0x000001d8b2641780, 0x000001d8b263f100,
0x000001d8b2640de0, 0x000001d8b26412b0, 0x000001d8b2641c50, 0x000001d8b468ba80,
0x000001d8b4685570, 0x000001d8b468bf50, 0x000001d8b468b5b0, 0x000001d8b468c420,
0x000001d8b4685f10, 0x000001d8b46898d0, 0x000001d8b4689da0, 0x000001d8b4687250,
0x000001d8b46850a0, 0x000001d8b46863e0, 0x000001d8b4688f30, 0x000001d8b468a740,
0x000001d8b4688590, 0x000001d8b468ac10, 0x000001d8b468b0e0, 0x000001d8b4684bd0,
0x000001d8b46868b0, 0x000001d8b4687720, 0x000001d8b4687bf0, 0x000001d8b46880c0,
0x000001d8b4349c80, 0x000001d8b4346790, 0x000001d8b43462c0, 0x000001d8b43497b0,
0x000001d8b434d170, 0x000001d8b434afc0, 0x000001d8b4346c60, 0x000001d8b4347600,
0x000001d8b434a150, 0x000001d8b434c300, 0x000001d8b434a620, 0x000001d8b434b490,
0x000001d8b4348940, 0x000001d8b4345920, 0x000001d8b4345df0, 0x000001d8b434b960,
0x000001d8b434aaf0, 0x000001d8b434be30, 0x000001d8b434c7d0, 0x000001d8b4347130,
0x000001d8b4347ad0, 0x000001d8b434cca0, 0x000001d8b4347fa0, 0x000001d8b4348470,
0x000001d8b4348e10, 0x000001d8b43492e0, 0x000001d8b264bb50, 0x000001d8b264c020,
0x000001d8b264a810, 0x000001d8b2647320, 0x000001d8b2648660, 0x000001d8b2649000,
0x000001d8b26499a0, 0x000001d8b2648b30, 0x000001d8b2645b10, 0x000001d8b26494d0,
0x000001d8b2645640, 0x000001d8b2649e70, 0x000001d8b2648190, 0x000001d8b264ace0,
0x000001d8b2645170, 0x000001d8b264b1b0, 0x000001d8b264a340, 0x000001d8b2645fe0,
0x000001d8b264c4f0, 0x000001d8b26464b0, 0x000001d8b264b680, 0x000001d8b26477f0,
0x000001d8b2646980, 0x000001d8b2647cc0, 0x000001d8b2646e50, 0x000001d8b264c9c0,
0x000001d8b5b5f330, 0x000001d8b5b61010, 0x000001d8b5b60670, 0x000001d8b5b60b40,
0x000001d8b5b614e0, 0x000001d8b5b61e80, 0x000001d8b5b619b0, 0x000001d8b5b5fcd0,
0x000001d8b5b5e4c0, 0x000001d8b5b5e990, 0x000001d8b5b5ee60, 0x000001d8b5b5f800,
0x000001d8b5b601a0, 0x000001d8b197f770, 0x000001d8b197e900, 0x000001d8b1980f80,
0x000001d8b197aa70, 0x000001d8b1981df0, 0x000001d8b197af40, 0x000001d8b19822c0,
0x000001d8b197b410, 0x000001d8b197bdb0, 0x000001d8b197d0f0, 0x000001d8b197e430,
0x000001d8b197edd0, 0x000001d8b197f2a0, 0x000001d8b1980110, 0x000001d8b1980ab0,
0x000001d8b3fc0d80, 0x000001d8b3fbcef0, 0x000001d8b3fbc550
}

Java Threads: ( => current thread )
  0x000001d894de05a0 JavaThread "main" [_thread_blocked, id=18020, stack(0x0000004bb5b00000,0x0000004bb5c00000)]
  0x000001d8b0c3bd20 JavaThread "Reference Handler" daemon [_thread_blocked, id=5188, stack(0x0000004bb6200000,0x0000004bb6300000)]
  0x000001d8b0c49a90 JavaThread "Finalizer" daemon [_thread_blocked, id=3656, stack(0x0000004bb6300000,0x0000004bb6400000)]
  0x000001d8b1827e10 JavaThread "Signal Dispatcher" daemon [_thread_blocked, id=5664, stack(0x0000004bb6400000,0x0000004bb6500000)]
  0x000001d8b18287d0 JavaThread "Attach Listener" daemon [_thread_blocked, id=5660, stack(0x0000004bb6500000,0x0000004bb6600000)]
  0x000001d8b1829280 JavaThread "Service Thread" daemon [_thread_blocked, id=2700, stack(0x0000004bb6600000,0x0000004bb6700000)]
  0x000001d8b182ac40 JavaThread "Monitor Deflation Thread" daemon [_thread_blocked, id=7056, stack(0x0000004bb6700000,0x0000004bb6800000)]
  0x000001d8b182b9d0 JavaThread "C2 CompilerThread0" daemon [_thread_in_native, id=2536, stack(0x0000004bb6800000,0x0000004bb6900000)]
  0x000001d8b18384d0 JavaThread "C1 CompilerThread0" daemon [_thread_blocked, id=8460, stack(0x0000004bb6900000,0x0000004bb6a00000)]
  0x000001d8b183c3c0 JavaThread "Sweeper thread" daemon [_thread_blocked, id=16828, stack(0x0000004bb6a00000,0x0000004bb6b00000)]
  0x000001d8b1846570 JavaThread "Common-Cleaner" daemon [_thread_blocked, id=5024, stack(0x0000004bb6b00000,0x0000004bb6c00000)]
  0x000001d8b19ec450 JavaThread "Notification Thread" daemon [_thread_blocked, id=17124, stack(0x0000004bb6c00000,0x0000004bb6d00000)]
  0x000001d8b1bbcff0 JavaThread "C2 CompilerThread1" daemon [_thread_in_native, id=16012, stack(0x0000004bb6e00000,0x0000004bb6f00000)]
  0x000001d8b3d782a0 JavaThread "Daemon health stats" [_thread_blocked, id=2424, stack(0x0000004bb7300000,0x0000004bb7400000)]
  0x000001d8b439aae0 JavaThread "Incoming local TCP Connector on port 60116" [_thread_in_native, id=10920, stack(0x0000004bb7400000,0x0000004bb7500000)]
  0x000001d8b4692830 JavaThread "Daemon periodic checks" [_thread_blocked, id=1820, stack(0x0000004bb7500000,0x0000004bb7600000)]
  0x000001d8b302a6b0 JavaThread "Daemon" [_thread_blocked, id=14032, stack(0x0000004bb7600000,0x0000004bb7700000)]
  0x000001d8b33be040 JavaThread "Handler for socket connection from /127.0.0.1:60116 to /127.0.0.1:60117" [_thread_in_native, id=6452, stack(0x0000004bb7700000,0x0000004bb7800000)]
  0x000001d8b2644730 JavaThread "Cancel handler" [_thread_blocked, id=5580, stack(0x0000004bb7800000,0x0000004bb7900000)]
  0x000001d8b4dca890 JavaThread "Daemon worker" [_thread_blocked, id=5624, stack(0x0000004bb7900000,0x0000004bb7a00000)]
  0x000001d8b263e760 JavaThread "Asynchronous log dispatcher for DefaultDaemonConnection: socket connection from /127.0.0.1:60116 to /127.0.0.1:60117" [_thread_blocked, id=17804, stack(0x0000004bb7a00000,0x0000004bb7b00000)]
  0x000001d8b2642120 JavaThread "Stdin handler" [_thread_blocked, id=10848, stack(0x0000004bb7b00000,0x0000004bb7c00000)]
  0x000001d8b263ec30 JavaThread "Daemon client event forwarder" [_thread_blocked, id=15168, stack(0x0000004bb7c00000,0x0000004bb7d00000)]
  0x000001d8b263faa0 JavaThread "Cache worker for journal cache (C:\Users\micha\.gradle\caches\journal-1)" [_thread_blocked, id=13812, stack(0x0000004bb8100000,0x0000004bb8200000)]
  0x000001d8b263ff70 JavaThread "File lock request listener" [_thread_in_native, id=15908, stack(0x0000004bb8200000,0x0000004bb8300000)]
  0x000001d8b2640440 JavaThread "Cache worker for file hash cache (C:\Users\micha\.gradle\caches\8.0\fileHashes)" [_thread_blocked, id=15664, stack(0x0000004bb8300000,0x0000004bb8400000)]
  0x000001d8b2641780 JavaThread "File watcher server" daemon [_thread_blocked, id=3032, stack(0x0000004bb8400000,0x0000004bb8500000)]
  0x000001d8b263f100 JavaThread "File watcher consumer" daemon [_thread_blocked, id=18192, stack(0x0000004bb8500000,0x0000004bb8600000)]
  0x000001d8b2640de0 JavaThread "Cache worker for checksums cache (C:\Users\micha\AndroidStudioProjects\theone\.gradle\8.0\checksums)" [_thread_blocked, id=1400, stack(0x0000004bb8600000,0x0000004bb8700000)]
  0x000001d8b26412b0 JavaThread "Cache worker for cache directory md-rule (C:\Users\micha\.gradle\caches\8.0\md-rule)" [_thread_blocked, id=17948, stack(0x0000004bb8700000,0x0000004bb8800000)]
  0x000001d8b2641c50 JavaThread "Cache worker for file content cache (C:\Users\micha\.gradle\caches\8.0\fileContent)" [_thread_blocked, id=1956, stack(0x0000004bb8800000,0x0000004bb8900000)]
  0x000001d8b468ba80 JavaThread "Cache worker for file hash cache (C:\Users\micha\AndroidStudioProjects\theone\.gradle\8.0\fileHashes)" [_thread_blocked, id=14128, stack(0x0000004bb8900000,0x0000004bb8a00000)]
  0x000001d8b4685570 JavaThread "Cache worker for cache directory md-supplier (C:\Users\micha\.gradle\caches\8.0\md-supplier)" [_thread_blocked, id=6248, stack(0x0000004bb8a00000,0x0000004bb8b00000)]
  0x000001d8b468bf50 JavaThread "Cache worker for execution history cache (C:\Users\micha\.gradle\caches\8.0\executionHistory)" [_thread_blocked, id=2528, stack(0x0000004bb8b00000,0x0000004bb8c00000)]
  0x000001d8b468b5b0 JavaThread "jar transforms" [_thread_blocked, id=16168, stack(0x0000004bb8c00000,0x0000004bb8d00000)]
  0x000001d8b468c420 JavaThread "jar transforms Thread 2" [_thread_blocked, id=1976, stack(0x0000004bb8d00000,0x0000004bb8e00000)]
  0x000001d8b4685f10 JavaThread "jar transforms Thread 3" [_thread_blocked, id=17856, stack(0x0000004bb8e00000,0x0000004bb8f00000)]
  0x000001d8b46898d0 JavaThread "jar transforms Thread 4" [_thread_blocked, id=17128, stack(0x0000004bb8f00000,0x0000004bb9000000)]
  0x000001d8b4689da0 JavaThread "Cache worker for dependencies-accessors (C:\Users\micha\AndroidStudioProjects\theone\.gradle\8.0\dependencies-accessors)" [_thread_blocked, id=6944, stack(0x0000004bb9000000,0x0000004bb9100000)]
  0x000001d8b4687250 JavaThread "jar transforms Thread 5" [_thread_blocked, id=15076, stack(0x0000004bb9100000,0x0000004bb9200000)]
  0x000001d8b46850a0 JavaThread "Cache worker for Build Output Cleanup Cache (C:\Users\micha\AndroidStudioProjects\theone\.gradle\buildOutputCleanup)" [_thread_blocked, id=10532, stack(0x0000004bb9200000,0x0000004bb9300000)]
  0x000001d8b46863e0 JavaThread "Unconstrained build operations" [_thread_blocked, id=2592, stack(0x0000004bb9300000,0x0000004bb9400000)]
  0x000001d8b4688f30 JavaThread "Unconstrained build operations Thread 2" [_thread_blocked, id=13512, stack(0x0000004bb9400000,0x0000004bb9500000)]
  0x000001d8b468a740 JavaThread "Unconstrained build operations Thread 3" [_thread_blocked, id=4652, stack(0x0000004bb9500000,0x0000004bb9600000)]
  0x000001d8b4688590 JavaThread "Unconstrained build operations Thread 4" [_thread_blocked, id=12872, stack(0x0000004bb9600000,0x0000004bb9700000)]
  0x000001d8b468ac10 JavaThread "Unconstrained build operations Thread 5" [_thread_blocked, id=6380, stack(0x0000004bb9700000,0x0000004bb9800000)]
  0x000001d8b468b0e0 JavaThread "Unconstrained build operations Thread 6" [_thread_blocked, id=8604, stack(0x0000004bb9800000,0x0000004bb9900000)]
  0x000001d8b4684bd0 JavaThread "Unconstrained build operations Thread 7" [_thread_blocked, id=9276, stack(0x0000004bb9900000,0x0000004bb9a00000)]
  0x000001d8b46868b0 JavaThread "Unconstrained build operations Thread 8" [_thread_blocked, id=6228, stack(0x0000004bb9a00000,0x0000004bb9b00000)]
  0x000001d8b4687720 JavaThread "Unconstrained build operations Thread 9" [_thread_blocked, id=1540, stack(0x0000004bb9b00000,0x0000004bb9c00000)]
  0x000001d8b4687bf0 JavaThread "Unconstrained build operations Thread 10" [_thread_blocked, id=3340, stack(0x0000004bb9c00000,0x0000004bb9d00000)]
  0x000001d8b46880c0 JavaThread "Unconstrained build operations Thread 11" [_thread_blocked, id=12876, stack(0x0000004bb9d00000,0x0000004bb9e00000)]
  0x000001d8b4349c80 JavaThread "Unconstrained build operations Thread 12" [_thread_blocked, id=8236, stack(0x0000004bb9e00000,0x0000004bb9f00000)]
  0x000001d8b4346790 JavaThread "Unconstrained build operations Thread 13" [_thread_blocked, id=3856, stack(0x0000004bb9f00000,0x0000004bba000000)]
  0x000001d8b43462c0 JavaThread "Unconstrained build operations Thread 14" [_thread_blocked, id=6968, stack(0x0000004bba000000,0x0000004bba100000)]
  0x000001d8b43497b0 JavaThread "Unconstrained build operations Thread 15" [_thread_blocked, id=8, stack(0x0000004bba100000,0x0000004bba200000)]
  0x000001d8b434d170 JavaThread "Unconstrained build operations Thread 16" [_thread_blocked, id=8500, stack(0x0000004bba200000,0x0000004bba300000)]
  0x000001d8b434afc0 JavaThread "Unconstrained build operations Thread 17" [_thread_blocked, id=7936, stack(0x0000004bba300000,0x0000004bba400000)]
  0x000001d8b4346c60 JavaThread "Unconstrained build operations Thread 18" [_thread_blocked, id=16736, stack(0x0000004bba400000,0x0000004bba500000)]
  0x000001d8b4347600 JavaThread "Unconstrained build operations Thread 19" [_thread_blocked, id=5912, stack(0x0000004bba500000,0x0000004bba600000)]
  0x000001d8b434a150 JavaThread "Unconstrained build operations Thread 20" [_thread_blocked, id=13580, stack(0x0000004bba600000,0x0000004bba700000)]
  0x000001d8b434c300 JavaThread "Unconstrained build operations Thread 21" [_thread_blocked, id=18032, stack(0x0000004bba700000,0x0000004bba800000)]
  0x000001d8b434a620 JavaThread "Unconstrained build operations Thread 22" [_thread_blocked, id=1612, stack(0x0000004bba800000,0x0000004bba900000)]
  0x000001d8b434b490 JavaThread "Unconstrained build operations Thread 23" [_thread_blocked, id=3868, stack(0x0000004bba900000,0x0000004bbaa00000)]
  0x000001d8b4348940 JavaThread "Unconstrained build operations Thread 24" [_thread_blocked, id=10704, stack(0x0000004bbaa00000,0x0000004bbab00000)]
  0x000001d8b4345920 JavaThread "Unconstrained build operations Thread 25" [_thread_blocked, id=9504, stack(0x0000004bbab00000,0x0000004bbac00000)]
  0x000001d8b4345df0 JavaThread "Unconstrained build operations Thread 26" [_thread_blocked, id=8568, stack(0x0000004bbac00000,0x0000004bbad00000)]
  0x000001d8b434b960 JavaThread "Unconstrained build operations Thread 27" [_thread_blocked, id=8772, stack(0x0000004bbad00000,0x0000004bbae00000)]
  0x000001d8b434aaf0 JavaThread "Unconstrained build operations Thread 28" [_thread_blocked, id=7776, stack(0x0000004bbae00000,0x0000004bbaf00000)]
  0x000001d8b434be30 JavaThread "Unconstrained build operations Thread 29" [_thread_blocked, id=10544, stack(0x0000004bbaf00000,0x0000004bbb000000)]
  0x000001d8b434c7d0 JavaThread "Unconstrained build operations Thread 30" [_thread_blocked, id=12732, stack(0x0000004bbb000000,0x0000004bbb100000)]
  0x000001d8b4347130 JavaThread "Unconstrained build operations Thread 31" [_thread_blocked, id=13220, stack(0x0000004bbb100000,0x0000004bbb200000)]
  0x000001d8b4347ad0 JavaThread "Unconstrained build operations Thread 32" [_thread_blocked, id=5716, stack(0x0000004bbb200000,0x0000004bbb300000)]
  0x000001d8b434cca0 JavaThread "Unconstrained build operations Thread 33" [_thread_blocked, id=8768, stack(0x0000004bbb300000,0x0000004bbb400000)]
  0x000001d8b4347fa0 JavaThread "Unconstrained build operations Thread 34" [_thread_blocked, id=4176, stack(0x0000004bbb400000,0x0000004bbb500000)]
  0x000001d8b4348470 JavaThread "Unconstrained build operations Thread 35" [_thread_blocked, id=18344, stack(0x0000004bbb500000,0x0000004bbb600000)]
  0x000001d8b4348e10 JavaThread "Unconstrained build operations Thread 36" [_thread_blocked, id=17516, stack(0x0000004bbb600000,0x0000004bbb700000)]
  0x000001d8b43492e0 JavaThread "Unconstrained build operations Thread 37" [_thread_blocked, id=7924, stack(0x0000004bbb700000,0x0000004bbb800000)]
  0x000001d8b264bb50 JavaThread "Unconstrained build operations Thread 38" [_thread_blocked, id=5064, stack(0x0000004bbb800000,0x0000004bbb900000)]
  0x000001d8b264c020 JavaThread "Unconstrained build operations Thread 39" [_thread_blocked, id=7948, stack(0x0000004bbb900000,0x0000004bbba00000)]
  0x000001d8b264a810 JavaThread "Unconstrained build operations Thread 40" [_thread_blocked, id=3344, stack(0x0000004bbba00000,0x0000004bbbb00000)]
  0x000001d8b2647320 JavaThread "Unconstrained build operations Thread 41" [_thread_blocked, id=15692, stack(0x0000004bbbb00000,0x0000004bbbc00000)]
  0x000001d8b2648660 JavaThread "Unconstrained build operations Thread 42" [_thread_blocked, id=7632, stack(0x0000004bbbc00000,0x0000004bbbd00000)]
  0x000001d8b2649000 JavaThread "Unconstrained build operations Thread 43" [_thread_blocked, id=3796, stack(0x0000004bbbd00000,0x0000004bbbe00000)]
  0x000001d8b26499a0 JavaThread "Unconstrained build operations Thread 44" [_thread_blocked, id=3772, stack(0x0000004bbbe00000,0x0000004bbbf00000)]
  0x000001d8b2648b30 JavaThread "Unconstrained build operations Thread 45" [_thread_blocked, id=972, stack(0x0000004bbbf00000,0x0000004bbc000000)]
  0x000001d8b2645b10 JavaThread "Unconstrained build operations Thread 46" [_thread_blocked, id=3784, stack(0x0000004bbc000000,0x0000004bbc100000)]
  0x000001d8b26494d0 JavaThread "Unconstrained build operations Thread 47" [_thread_blocked, id=17080, stack(0x0000004bbc100000,0x0000004bbc200000)]
  0x000001d8b2645640 JavaThread "Unconstrained build operations Thread 48" [_thread_blocked, id=17276, stack(0x0000004bbc200000,0x0000004bbc300000)]
  0x000001d8b2649e70 JavaThread "Unconstrained build operations Thread 49" [_thread_blocked, id=13224, stack(0x0000004bbc300000,0x0000004bbc400000)]
  0x000001d8b2648190 JavaThread "Unconstrained build operations Thread 50" [_thread_blocked, id=11240, stack(0x0000004bbc400000,0x0000004bbc500000)]
  0x000001d8b264ace0 JavaThread "Unconstrained build operations Thread 51" [_thread_blocked, id=13256, stack(0x0000004bbc500000,0x0000004bbc600000)]
  0x000001d8b2645170 JavaThread "Unconstrained build operations Thread 52" [_thread_blocked, id=11076, stack(0x0000004bbc600000,0x0000004bbc700000)]
  0x000001d8b264b1b0 JavaThread "Unconstrained build operations Thread 53" [_thread_blocked, id=12316, stack(0x0000004bbc700000,0x0000004bbc800000)]
  0x000001d8b264a340 JavaThread "Unconstrained build operations Thread 54" [_thread_blocked, id=12320, stack(0x0000004bbc800000,0x0000004bbc900000)]
  0x000001d8b2645fe0 JavaThread "Unconstrained build operations Thread 55" [_thread_blocked, id=13120, stack(0x0000004bbc900000,0x0000004bbca00000)]
  0x000001d8b264c4f0 JavaThread "Unconstrained build operations Thread 56" [_thread_blocked, id=3092, stack(0x0000004bbca00000,0x0000004bbcb00000)]
  0x000001d8b26464b0 JavaThread "Unconstrained build operations Thread 57" [_thread_blocked, id=7744, stack(0x0000004bbcb00000,0x0000004bbcc00000)]
  0x000001d8b264b680 JavaThread "Unconstrained build operations Thread 58" [_thread_blocked, id=18280, stack(0x0000004bbcc00000,0x0000004bbcd00000)]
  0x000001d8b26477f0 JavaThread "Unconstrained build operations Thread 59" [_thread_blocked, id=17816, stack(0x0000004bbcd00000,0x0000004bbce00000)]
  0x000001d8b2646980 JavaThread "Unconstrained build operations Thread 60" [_thread_blocked, id=17780, stack(0x0000004bbce00000,0x0000004bbcf00000)]
  0x000001d8b2647cc0 JavaThread "Unconstrained build operations Thread 61" [_thread_blocked, id=17784, stack(0x0000004bbcf00000,0x0000004bbd000000)]
  0x000001d8b2646e50 JavaThread "Unconstrained build operations Thread 62" [_thread_blocked, id=18248, stack(0x0000004bbd000000,0x0000004bbd100000)]
  0x000001d8b264c9c0 JavaThread "Unconstrained build operations Thread 63" [_thread_blocked, id=17828, stack(0x0000004bbd100000,0x0000004bbd200000)]
  0x000001d8b5b5f330 JavaThread "Unconstrained build operations Thread 64" [_thread_blocked, id=18288, stack(0x0000004bbd200000,0x0000004bbd300000)]
  0x000001d8b5b61010 JavaThread "Unconstrained build operations Thread 65" [_thread_blocked, id=10164, stack(0x0000004bbd300000,0x0000004bbd400000)]
  0x000001d8b5b60670 JavaThread "Unconstrained build operations Thread 66" [_thread_blocked, id=3916, stack(0x0000004bbd400000,0x0000004bbd500000)]
  0x000001d8b5b60b40 JavaThread "Unconstrained build operations Thread 67" [_thread_blocked, id=4168, stack(0x0000004bbd500000,0x0000004bbd600000)]
  0x000001d8b5b614e0 JavaThread "Unconstrained build operations Thread 68" [_thread_blocked, id=18004, stack(0x0000004bbd600000,0x0000004bbd700000)]
  0x000001d8b5b61e80 JavaThread "Unconstrained build operations Thread 69" [_thread_blocked, id=5324, stack(0x0000004bbd700000,0x0000004bbd800000)]
  0x000001d8b5b619b0 JavaThread "Unconstrained build operations Thread 70" [_thread_blocked, id=8000, stack(0x0000004bbd800000,0x0000004bbd900000)]
  0x000001d8b5b5fcd0 JavaThread "Unconstrained build operations Thread 71" [_thread_blocked, id=14156, stack(0x0000004bbd900000,0x0000004bbda00000)]
  0x000001d8b5b5e4c0 JavaThread "Unconstrained build operations Thread 72" [_thread_blocked, id=7784, stack(0x0000004bbda00000,0x0000004bbdb00000)]
  0x000001d8b5b5e990 JavaThread "Unconstrained build operations Thread 73" [_thread_blocked, id=13260, stack(0x0000004bbdb00000,0x0000004bbdc00000)]
  0x000001d8b5b5ee60 JavaThread "Unconstrained build operations Thread 74" [_thread_blocked, id=3160, stack(0x0000004bbdc00000,0x0000004bbdd00000)]
  0x000001d8b5b5f800 JavaThread "Unconstrained build operations Thread 75" [_thread_blocked, id=18108, stack(0x0000004bbdd00000,0x0000004bbde00000)]
  0x000001d8b5b601a0 JavaThread "Unconstrained build operations Thread 76" [_thread_blocked, id=13868, stack(0x0000004bbde00000,0x0000004bbdf00000)]
  0x000001d8b197f770 JavaThread "Unconstrained build operations Thread 77" [_thread_blocked, id=13888, stack(0x0000004bbdf00000,0x0000004bbe000000)]
  0x000001d8b197e900 JavaThread "Unconstrained build operations Thread 78" [_thread_blocked, id=11468, stack(0x0000004bbe000000,0x0000004bbe100000)]
  0x000001d8b1980f80 JavaThread "Unconstrained build operations Thread 79" [_thread_blocked, id=7636, stack(0x0000004bbe100000,0x0000004bbe200000)]
  0x000001d8b197aa70 JavaThread "Unconstrained build operations Thread 80" [_thread_blocked, id=18056, stack(0x0000004bbe200000,0x0000004bbe300000)]
  0x000001d8b1981df0 JavaThread "jar transforms Thread 6" [_thread_blocked, id=9544, stack(0x0000004bbe300000,0x0000004bbe400000)]
  0x000001d8b197af40 JavaThread "jar transforms Thread 7" [_thread_blocked, id=14200, stack(0x0000004bbe400000,0x0000004bbe500000)]
  0x000001d8b19822c0 JavaThread "jar transforms Thread 8" [_thread_blocked, id=6948, stack(0x0000004bbe500000,0x0000004bbe600000)]
  0x000001d8b197b410 JavaThread "build event listener" [_thread_blocked, id=9212, stack(0x0000004bbe700000,0x0000004bbe800000)]
  0x000001d8b197bdb0 JavaThread "Memory manager" [_thread_blocked, id=14624, stack(0x0000004bbe800000,0x0000004bbe900000)]
  0x000001d8b197d0f0 JavaThread "included builds" [_thread_blocked, id=15088, stack(0x0000004bbe900000,0x0000004bbea00000)]
  0x000001d8b197e430 JavaThread "Execution worker" [_thread_blocked, id=8484, stack(0x0000004bbea00000,0x0000004bbeb00000)]
  0x000001d8b197edd0 JavaThread "Execution worker Thread 2" [_thread_blocked, id=3376, stack(0x0000004bbeb00000,0x0000004bbec00000)]
  0x000001d8b197f2a0 JavaThread "Execution worker Thread 3" [_thread_blocked, id=9520, stack(0x0000004bbec00000,0x0000004bbed00000)]
  0x000001d8b1980110 JavaThread "Execution worker Thread 4" [_thread_blocked, id=18060, stack(0x0000004bbed00000,0x0000004bbee00000)]
  0x000001d8b1980ab0 JavaThread "Execution worker Thread 5" [_thread_blocked, id=696, stack(0x0000004bbee00000,0x0000004bbef00000)]
  0x000001d8b3fc0d80 JavaThread "Execution worker Thread 6" [_thread_blocked, id=16448, stack(0x0000004bbef00000,0x0000004bbf000000)]
  0x000001d8b3fbcef0 JavaThread "Execution worker Thread 7" [_thread_blocked, id=2648, stack(0x0000004bbf000000,0x0000004bbf100000)]
  0x000001d8b3fbc550 JavaThread "Cache worker for execution history cache (C:\Users\micha\AndroidStudioProjects\theone\.gradle\8.0\executionHistory)" [_thread_blocked, id=10508, stack(0x0000004bbf100000,0x0000004bbf200000)]

Other Threads:
=>0x000001d8b1813a30 VMThread "VM Thread" [stack: 0x0000004bb6100000,0x0000004bb6200000] [id=1692]
  0x000001d894e612c0 WatcherThread [stack: 0x0000004bb6d00000,0x0000004bb6e00000] [id=18184]
  0x000001d894e3e620 GCTaskThread "GC Thread#0" [stack: 0x0000004bb5c00000,0x0000004bb5d00000] [id=5500]
  0x000001d8b2530ed0 GCTaskThread "GC Thread#1" [stack: 0x0000004bb6f00000,0x0000004bb7000000] [id=10684]
  0x000001d8b265d110 GCTaskThread "GC Thread#2" [stack: 0x0000004bb7000000,0x0000004bb7100000] [id=5760]
  0x000001d8b2110c20 GCTaskThread "GC Thread#3" [stack: 0x0000004bb7100000,0x0000004bb7200000] [id=15080]
  0x000001d8b1b86f80 GCTaskThread "GC Thread#4" [stack: 0x0000004bb7200000,0x0000004bb7300000] [id=15972]
  0x000001d8b3e02320 GCTaskThread "GC Thread#5" [stack: 0x0000004bb7d00000,0x0000004bb7e00000] [id=17748]
  0x000001d8b3e035f0 GCTaskThread "GC Thread#6" [stack: 0x0000004bb7e00000,0x0000004bb7f00000] [id=17740]
  0x000001d8b3e02880 GCTaskThread "GC Thread#7" [stack: 0x0000004bb7f00000,0x0000004bb8000000] [id=17220]
  0x000001d894e4f790 ConcurrentGCThread "G1 Main Marker" [stack: 0x0000004bb5d00000,0x0000004bb5e00000] [id=14368]
  0x000001d894e517f0 ConcurrentGCThread "G1 Conc#0" [stack: 0x0000004bb5e00000,0x0000004bb5f00000] [id=11448]
  0x000001d8b3e02b30 ConcurrentGCThread "G1 Conc#1" [stack: 0x0000004bb8000000,0x0000004bb8100000] [id=12624]
  0x000001d8b0a9c110 ConcurrentGCThread "G1 Refine#0" [stack: 0x0000004bb5f00000,0x0000004bb6000000] [id=6516]
  0x000001d8b6e972d0 ConcurrentGCThread "G1 Refine#1" [stack: 0x0000004bbe600000,0x0000004bbe700000] [id=8880]
  0x000001d8b0a9c9d0 ConcurrentGCThread "G1 Service" [stack: 0x0000004bb6000000,0x0000004bb6100000] [id=1676]

Threads with active compile tasks:
C2 CompilerThread0    14352 11721       4       org.gradle.internal.logging.sink.OutputEventTransformer::onOutput (399 bytes)
C2 CompilerThread1    14352 11379       4       org.gradle.internal.instantiation.generator.AbstractClassGenerator::inspectType (560 bytes)

VM state: at safepoint (normal execution)

VM Mutex/Monitor currently owned by a thread:  ([mutex/lock_event])
[0x000001d894ddc0d0] Threads_lock - owner thread: 0x000001d8b1813a30
[0x000001d894ddba10] Heap_lock - owner thread: 0x000001d8b26464b0

Heap address: 0x0000000080000000, size: 2048 MB, Compressed Oops mode: 32-bit

CDS archive(s) not mapped
Compressed class space mapped at: 0x0000000100000000-0x0000000140000000, reserved size: 1073741824
Narrow klass base: 0x0000000000000000, Narrow klass shift: 3, Narrow klass range: 0x140000000

GC Precious Log:
 CPUs: 8 total, 8 available
 Memory: 8072M
 Large Page Support: Disabled
 NUMA Support: Disabled
 Compressed Oops: Enabled (32-bit)
 Heap Region Size: 1M
 Heap Min Capacity: 8M
 Heap Initial Capacity: 128M
 Heap Max Capacity: 2G
 Pre-touch: Disabled
 Parallel Workers: 8
 Concurrent Workers: 2
 Concurrent Refinement Workers: 8
 Periodic GC: Disabled

Heap:
 garbage-first heap   total 189440K, used 106257K [0x0000000080000000, 0x0000000100000000)
  region size 1024K, 4 young (4096K), 4 survivors (4096K)
 Metaspace       used 90583K, committed 91200K, reserved 1130496K
  class space    used 12379K, committed 12672K, reserved 1048576K

Heap Regions: E=young(eden), S=young(survivor), O=old, HS=humongous(starts), HC=humongous(continues), CS=collection set, F=free, OA=open archive, CA=closed archive, TAMS=top-at-mark-start (previous, next)
|   0|0x0000000080000000, 0x0000000080100000, 0x0000000080100000|100%|HS|  |TAMS 0x0000000080100000, 0x0000000080000000| Complete 
|   1|0x0000000080100000, 0x0000000080200000, 0x0000000080200000|100%|HC|  |TAMS 0x0000000080200000, 0x0000000080100000| Complete 
|   2|0x0000000080200000, 0x0000000080300000, 0x0000000080300000|100%|HC|  |TAMS 0x0000000080300000, 0x0000000080200000| Complete 
|   3|0x0000000080300000, 0x0000000080400000, 0x0000000080400000|100%|HC|  |TAMS 0x0000000080400000, 0x0000000080300000| Complete 
|   4|0x0000000080400000, 0x0000000080500000, 0x0000000080500000|100%| O|  |TAMS 0x0000000080500000, 0x0000000080400000| Untracked 
|   5|0x0000000080500000, 0x0000000080600000, 0x0000000080600000|100%| O|  |TAMS 0x0000000080600000, 0x0000000080500000| Untracked 
|   6|0x0000000080600000, 0x0000000080700000, 0x0000000080700000|100%| O|  |TAMS 0x0000000080700000, 0x0000000080600000| Untracked 
|   7|0x0000000080700000, 0x0000000080800000, 0x0000000080800000|100%| O|  |TAMS 0x0000000080800000, 0x0000000080700000| Untracked 
|   8|0x0000000080800000, 0x0000000080900000, 0x0000000080900000|100%| O|  |TAMS 0x0000000080900000, 0x0000000080800000| Untracked 
|   9|0x0000000080900000, 0x0000000080a00000, 0x0000000080a00000|100%| O|  |TAMS 0x0000000080a00000, 0x0000000080900000| Untracked 
|  10|0x0000000080a00000, 0x0000000080b00000, 0x0000000080b00000|100%| O|  |TAMS 0x0000000080b00000, 0x0000000080a00000| Untracked 
|  11|0x0000000080b00000, 0x0000000080c00000, 0x0000000080c00000|100%| O|  |TAMS 0x0000000080c00000, 0x0000000080b00000| Untracked 
|  12|0x0000000080c00000, 0x0000000080d00000, 0x0000000080d00000|100%|HS|  |TAMS 0x0000000080d00000, 0x0000000080c00000| Complete 
|  13|0x0000000080d00000, 0x0000000080e00000, 0x0000000080e00000|100%| O|  |TAMS 0x0000000080e00000, 0x0000000080d00000| Untracked 
|  14|0x0000000080e00000, 0x0000000080f00000, 0x0000000080f00000|100%| O|  |TAMS 0x0000000080f00000, 0x0000000080e00000| Untracked 
|  15|0x0000000080f00000, 0x0000000081000000, 0x0000000081000000|100%| O|  |TAMS 0x0000000081000000, 0x0000000080f00000| Untracked 
|  16|0x0000000081000000, 0x0000000081100000, 0x0000000081100000|100%| O|  |TAMS 0x0000000081100000, 0x0000000081000000| Untracked 
|  17|0x0000000081100000, 0x0000000081200000, 0x0000000081200000|100%| O|  |TAMS 0x0000000081200000, 0x0000000081100000| Untracked 
|  18|0x0000000081200000, 0x0000000081300000, 0x0000000081300000|100%| O|  |TAMS 0x0000000081300000, 0x0000000081200000| Untracked 
|  19|0x0000000081300000, 0x0000000081400000, 0x0000000081400000|100%| O|  |TAMS 0x0000000081400000, 0x0000000081300000| Untracked 
|  20|0x0000000081400000, 0x0000000081500000, 0x0000000081500000|100%| O|  |TAMS 0x0000000081500000, 0x0000000081400000| Untracked 
|  21|0x0000000081500000, 0x0000000081600000, 0x0000000081600000|100%| O|  |TAMS 0x0000000081600000, 0x0000000081500000| Untracked 
|  22|0x0000000081600000, 0x0000000081700000, 0x0000000081700000|100%| O|  |TAMS 0x0000000081700000, 0x0000000081600000| Untracked 
|  23|0x0000000081700000, 0x0000000081800000, 0x0000000081800000|100%| O|  |TAMS 0x0000000081800000, 0x0000000081700000| Untracked 
|  24|0x0000000081800000, 0x0000000081900000, 0x0000000081900000|100%| O|  |TAMS 0x0000000081900000, 0x0000000081800000| Untracked 
|  25|0x0000000081900000, 0x0000000081a00000, 0x0000000081a00000|100%| O|  |TAMS 0x0000000081a00000, 0x0000000081900000| Untracked 
|  26|0x0000000081a00000, 0x0000000081b00000, 0x0000000081b00000|100%| O|  |TAMS 0x0000000081b00000, 0x0000000081a00000| Untracked 
|  27|0x0000000081b00000, 0x0000000081c00000, 0x0000000081c00000|100%| O|  |TAMS 0x0000000081c00000, 0x0000000081b00000| Untracked 
|  28|0x0000000081c00000, 0x0000000081d00000, 0x0000000081d00000|100%| O|  |TAMS 0x0000000081d00000, 0x0000000081c00000| Untracked 
|  29|0x0000000081d00000, 0x0000000081e00000, 0x0000000081e00000|100%| O|  |TAMS 0x0000000081e00000, 0x0000000081d00000| Untracked 
|  30|0x0000000081e00000, 0x0000000081f00000, 0x0000000081f00000|100%| O|  |TAMS 0x0000000081f00000, 0x0000000081e00000| Untracked 
|  31|0x0000000081f00000, 0x0000000082000000, 0x0000000082000000|100%| O|  |TAMS 0x0000000082000000, 0x0000000081f00000| Untracked 
|  32|0x0000000082000000, 0x0000000082100000, 0x0000000082100000|100%|HS|  |TAMS 0x0000000082100000, 0x0000000082000000| Complete 
|  33|0x0000000082100000, 0x0000000082200000, 0x0000000082200000|100%|HS|  |TAMS 0x0000000082200000, 0x0000000082100000| Complete 
|  34|0x0000000082200000, 0x0000000082300000, 0x0000000082300000|100%|HS|  |TAMS 0x0000000082300000, 0x0000000082200000| Complete 
|  35|0x0000000082300000, 0x0000000082400000, 0x0000000082400000|100%|HC|  |TAMS 0x0000000082400000, 0x0000000082300000| Complete 
|  36|0x0000000082400000, 0x0000000082500000, 0x0000000082500000|100%|HC|  |TAMS 0x0000000082500000, 0x0000000082400000| Complete 
|  37|0x0000000082500000, 0x0000000082600000, 0x0000000082600000|100%|HC|  |TAMS 0x0000000082600000, 0x0000000082500000| Complete 
|  38|0x0000000082600000, 0x0000000082700000, 0x0000000082700000|100%| O|  |TAMS 0x0000000082700000, 0x0000000082600000| Untracked 
|  39|0x0000000082700000, 0x0000000082800000, 0x0000000082800000|100%| O|  |TAMS 0x0000000082800000, 0x0000000082700000| Untracked 
|  40|0x0000000082800000, 0x0000000082900000, 0x0000000082900000|100%| O|  |TAMS 0x0000000082900000, 0x0000000082800000| Untracked 
|  41|0x0000000082900000, 0x0000000082a00000, 0x0000000082a00000|100%| O|  |TAMS 0x0000000082a00000, 0x0000000082900000| Untracked 
|  42|0x0000000082a00000, 0x0000000082b00000, 0x0000000082b00000|100%| O|  |TAMS 0x0000000082b00000, 0x0000000082a00000| Untracked 
|  43|0x0000000082b00000, 0x0000000082c00000, 0x0000000082c00000|100%| O|  |TAMS 0x0000000082c00000, 0x0000000082b00000| Untracked 
|  44|0x0000000082c00000, 0x0000000082d00000, 0x0000000082d00000|100%| O|  |TAMS 0x0000000082d00000, 0x0000000082c00000| Untracked 
|  45|0x0000000082d00000, 0x0000000082e00000, 0x0000000082e00000|100%| O|  |TAMS 0x0000000082e00000, 0x0000000082d00000| Untracked 
|  46|0x0000000082e00000, 0x0000000082f00000, 0x0000000082f00000|100%| O|  |TAMS 0x0000000082f00000, 0x0000000082e00000| Untracked 
|  47|0x0000000082f00000, 0x0000000083000000, 0x0000000083000000|100%| O|  |TAMS 0x0000000083000000, 0x0000000082f00000| Untracked 
|  48|0x0000000083000000, 0x0000000083100000, 0x0000000083100000|100%| O|  |TAMS 0x0000000083100000, 0x0000000083000000| Untracked 
|  49|0x0000000083100000, 0x0000000083200000, 0x0000000083200000|100%| O|  |TAMS 0x0000000083200000, 0x0000000083100000| Untracked 
|  50|0x0000000083200000, 0x0000000083300000, 0x0000000083300000|100%| O|  |TAMS 0x0000000083300000, 0x0000000083200000| Untracked 
|  51|0x0000000083300000, 0x0000000083400000, 0x0000000083400000|100%| O|  |TAMS 0x0000000083400000, 0x0000000083300000| Untracked 
|  52|0x0000000083400000, 0x0000000083500000, 0x0000000083500000|100%| O|  |TAMS 0x0000000083500000, 0x0000000083400000| Untracked 
|  53|0x0000000083500000, 0x0000000083600000, 0x0000000083600000|100%| O|  |TAMS 0x0000000083600000, 0x0000000083500000| Untracked 
|  54|0x0000000083600000, 0x0000000083700000, 0x0000000083700000|100%| O|  |TAMS 0x0000000083700000, 0x0000000083600000| Untracked 
|  55|0x0000000083700000, 0x0000000083800000, 0x0000000083800000|100%| O|  |TAMS 0x0000000083800000, 0x0000000083700000| Untracked 
|  56|0x0000000083800000, 0x0000000083900000, 0x0000000083900000|100%| O|  |TAMS 0x0000000083900000, 0x0000000083800000| Untracked 
|  57|0x0000000083900000, 0x0000000083a00000, 0x0000000083a00000|100%| O|  |TAMS 0x0000000083a00000, 0x0000000083900000| Untracked 
|  58|0x0000000083a00000, 0x0000000083b00000, 0x0000000083b00000|100%| O|  |TAMS 0x0000000083b00000, 0x0000000083a00000| Untracked 
|  59|0x0000000083b00000, 0x0000000083c00000, 0x0000000083c00000|100%| O|  |TAMS 0x0000000083c00000, 0x0000000083b00000| Untracked 
|  60|0x0000000083c00000, 0x0000000083d00000, 0x0000000083d00000|100%| O|  |TAMS 0x0000000083d00000, 0x0000000083c00000| Untracked 
|  61|0x0000000083d00000, 0x0000000083e00000, 0x0000000083e00000|100%| O|  |TAMS 0x0000000083e00000, 0x0000000083d00000| Untracked 
|  62|0x0000000083e00000, 0x0000000083f00000, 0x0000000083f00000|100%| O|  |TAMS 0x0000000083f00000, 0x0000000083e00000| Untracked 
|  63|0x0000000083f00000, 0x0000000084000000, 0x0000000084000000|100%| O|  |TAMS 0x0000000084000000, 0x0000000083f00000| Untracked 
|  64|0x0000000084000000, 0x0000000084100000, 0x0000000084100000|100%| O|  |TAMS 0x0000000084100000, 0x0000000084000000| Untracked 
|  65|0x0000000084100000, 0x0000000084200000, 0x0000000084200000|100%| O|  |TAMS 0x0000000084200000, 0x0000000084100000| Untracked 
|  66|0x0000000084200000, 0x0000000084300000, 0x0000000084300000|100%| O|  |TAMS 0x0000000084300000, 0x0000000084200000| Untracked 
|  67|0x0000000084300000, 0x0000000084400000, 0x0000000084400000|100%| O|  |TAMS 0x0000000084400000, 0x0000000084300000| Untracked 
|  68|0x0000000084400000, 0x0000000084500000, 0x0000000084500000|100%| O|  |TAMS 0x0000000084500000, 0x0000000084400000| Untracked 
|  69|0x0000000084500000, 0x0000000084600000, 0x0000000084600000|100%| O|  |TAMS 0x0000000084600000, 0x0000000084500000| Untracked 
|  70|0x0000000084600000, 0x0000000084700000, 0x0000000084700000|100%| O|  |TAMS 0x0000000084700000, 0x0000000084600000| Untracked 
|  71|0x0000000084700000, 0x0000000084800000, 0x0000000084800000|100%| O|  |TAMS 0x0000000084800000, 0x0000000084700000| Untracked 
|  72|0x0000000084800000, 0x0000000084900000, 0x0000000084900000|100%| O|  |TAMS 0x0000000084900000, 0x0000000084800000| Untracked 
|  73|0x0000000084900000, 0x0000000084a00000, 0x0000000084a00000|100%| O|  |TAMS 0x0000000084a00000, 0x0000000084900000| Untracked 
|  74|0x0000000084a00000, 0x0000000084b00000, 0x0000000084b00000|100%| O|  |TAMS 0x0000000084a00000, 0x0000000084a00000| Untracked 
|  75|0x0000000084b00000, 0x0000000084c00000, 0x0000000084c00000|100%| O|  |TAMS 0x0000000084c00000, 0x0000000084b00000| Untracked 
|  76|0x0000000084c00000, 0x0000000084d00000, 0x0000000084d00000|100%| O|  |TAMS 0x0000000084d00000, 0x0000000084c00000| Untracked 
|  77|0x0000000084d00000, 0x0000000084e00000, 0x0000000084e00000|100%| O|  |TAMS 0x0000000084e00000, 0x0000000084d00000| Untracked 
|  78|0x0000000084e00000, 0x0000000084f00000, 0x0000000084f00000|100%| O|  |TAMS 0x0000000084f00000, 0x0000000084e00000| Untracked 
|  79|0x0000000084f00000, 0x0000000085000000, 0x0000000085000000|100%| O|  |TAMS 0x0000000085000000, 0x0000000084f00000| Untracked 
|  80|0x0000000085000000, 0x0000000085100000, 0x0000000085100000|100%| O|  |TAMS 0x0000000085100000, 0x0000000085000000| Untracked 
|  81|0x0000000085100000, 0x0000000085200000, 0x0000000085200000|100%| O|  |TAMS 0x0000000085200000, 0x0000000085100000| Untracked 
|  82|0x0000000085200000, 0x0000000085300000, 0x0000000085300000|100%| O|  |TAMS 0x0000000085300000, 0x0000000085200000| Untracked 
|  83|0x0000000085300000, 0x0000000085400000, 0x0000000085400000|100%| O|  |TAMS 0x0000000085400000, 0x0000000085300000| Untracked 
|  84|0x0000000085400000, 0x0000000085500000, 0x0000000085500000|100%| O|  |TAMS 0x0000000085500000, 0x0000000085400000| Untracked 
|  85|0x0000000085500000, 0x0000000085600000, 0x0000000085600000|100%| O|  |TAMS 0x0000000085600000, 0x0000000085500000| Untracked 
|  86|0x0000000085600000, 0x0000000085600000, 0x0000000085700000|  0%| F|  |TAMS 0x0000000085600000, 0x0000000085600000| Untracked 
|  87|0x0000000085700000, 0x0000000085800000, 0x0000000085800000|100%| O|  |TAMS 0x0000000085800000, 0x0000000085700000| Untracked 
|  88|0x0000000085800000, 0x0000000085900000, 0x0000000085900000|100%| O|  |TAMS 0x0000000085900000, 0x0000000085800000| Untracked 
|  89|0x0000000085900000, 0x0000000085a00000, 0x0000000085a00000|100%| O|  |TAMS 0x0000000085a00000, 0x0000000085900000| Untracked 
|  90|0x0000000085a00000, 0x0000000085b00000, 0x0000000085b00000|100%| O|  |TAMS 0x0000000085b00000, 0x0000000085a00000| Untracked 
|  91|0x0000000085b00000, 0x0000000085c00000, 0x0000000085c00000|100%| O|  |TAMS 0x0000000085c00000, 0x0000000085b00000| Untracked 
|  92|0x0000000085c00000, 0x0000000085d00000, 0x0000000085d00000|100%| O|  |TAMS 0x0000000085d00000, 0x0000000085c00000| Untracked 
|  93|0x0000000085d00000, 0x0000000085e00000, 0x0000000085e00000|100%| O|  |TAMS 0x0000000085db4600, 0x0000000085d00000| Untracked 
|  94|0x0000000085e00000, 0x0000000085f00000, 0x0000000085f00000|100%| O|  |TAMS 0x0000000085e00000, 0x0000000085e00000| Untracked 
|  95|0x0000000085f00000, 0x0000000086000000, 0x0000000086000000|100%| O|  |TAMS 0x0000000085f00000, 0x0000000085f00000| Untracked 
|  96|0x0000000086000000, 0x0000000086100000, 0x0000000086100000|100%| O|  |TAMS 0x0000000086000000, 0x0000000086000000| Untracked 
|  97|0x0000000086100000, 0x0000000086200000, 0x0000000086200000|100%| O|  |TAMS 0x0000000086100000, 0x0000000086100000| Untracked 
|  98|0x0000000086200000, 0x0000000086300000, 0x0000000086300000|100%| O|  |TAMS 0x0000000086200000, 0x0000000086200000| Untracked 
|  99|0x0000000086300000, 0x0000000086400000, 0x0000000086400000|100%| O|  |TAMS 0x0000000086300000, 0x0000000086300000| Untracked 
| 100|0x0000000086400000, 0x0000000086500000, 0x0000000086500000|100%| O|  |TAMS 0x0000000086400000, 0x0000000086400000| Untracked 
| 101|0x0000000086500000, 0x0000000086576e00, 0x0000000086600000| 46%| O|  |TAMS 0x0000000086500000, 0x0000000086500000| Untracked 
| 102|0x0000000086600000, 0x0000000086600000, 0x0000000086700000|  0%| F|  |TAMS 0x0000000086600000, 0x0000000086600000| Untracked 
| 103|0x0000000086700000, 0x0000000086700000, 0x0000000086800000|  0%| F|  |TAMS 0x0000000086700000, 0x0000000086700000| Untracked 
| 104|0x0000000086800000, 0x0000000086800000, 0x0000000086900000|  0%| F|  |TAMS 0x0000000086800000, 0x0000000086800000| Untracked 
| 105|0x0000000086900000, 0x0000000086900000, 0x0000000086a00000|  0%| F|  |TAMS 0x0000000086900000, 0x0000000086900000| Untracked 
| 106|0x0000000086a00000, 0x0000000086a00000, 0x0000000086b00000|  0%| F|  |TAMS 0x0000000086a00000, 0x0000000086a00000| Untracked 
| 107|0x0000000086b00000, 0x0000000086b00000, 0x0000000086c00000|  0%| F|  |TAMS 0x0000000086b00000, 0x0000000086b00000| Untracked 
| 108|0x0000000086c00000, 0x0000000086c00000, 0x0000000086d00000|  0%| F|  |TAMS 0x0000000086c00000, 0x0000000086c00000| Untracked 
| 109|0x0000000086d00000, 0x0000000086d00000, 0x0000000086e00000|  0%| F|  |TAMS 0x0000000086d00000, 0x0000000086d00000| Untracked 
| 110|0x0000000086e00000, 0x0000000086e00000, 0x0000000086f00000|  0%| F|  |TAMS 0x0000000086e00000, 0x0000000086e00000| Untracked 
| 111|0x0000000086f00000, 0x0000000086f00000, 0x0000000087000000|  0%| F|  |TAMS 0x0000000086f00000, 0x0000000086f00000| Untracked 
| 112|0x0000000087000000, 0x0000000087000000, 0x0000000087100000|  0%| F|  |TAMS 0x0000000087000000, 0x0000000087000000| Untracked 
| 113|0x0000000087100000, 0x0000000087100000, 0x0000000087200000|  0%| F|  |TAMS 0x0000000087100000, 0x0000000087100000| Untracked 
| 114|0x0000000087200000, 0x0000000087200000, 0x0000000087300000|  0%| F|  |TAMS 0x0000000087200000, 0x0000000087200000| Untracked 
| 115|0x0000000087300000, 0x0000000087300000, 0x0000000087400000|  0%| F|  |TAMS 0x0000000087300000, 0x0000000087300000| Untracked 
| 116|0x0000000087400000, 0x0000000087400000, 0x0000000087500000|  0%| F|  |TAMS 0x0000000087400000, 0x0000000087400000| Untracked 
| 117|0x0000000087500000, 0x0000000087500000, 0x0000000087600000|  0%| F|  |TAMS 0x0000000087500000, 0x0000000087500000| Untracked 
| 118|0x0000000087600000, 0x0000000087600000, 0x0000000087700000|  0%| F|  |TAMS 0x0000000087600000, 0x0000000087600000| Untracked 
| 119|0x0000000087700000, 0x0000000087700000, 0x0000000087800000|  0%| F|  |TAMS 0x0000000087700000, 0x0000000087700000| Untracked 
| 120|0x0000000087800000, 0x0000000087800000, 0x0000000087900000|  0%| F|  |TAMS 0x0000000087800000, 0x0000000087800000| Untracked 
| 121|0x0000000087900000, 0x0000000087900000, 0x0000000087a00000|  0%| F|  |TAMS 0x0000000087900000, 0x0000000087900000| Untracked 
| 122|0x0000000087a00000, 0x0000000087a00000, 0x0000000087b00000|  0%| F|  |TAMS 0x0000000087a00000, 0x0000000087a00000| Untracked 
| 123|0x0000000087b00000, 0x0000000087b00000, 0x0000000087c00000|  0%| F|  |TAMS 0x0000000087b00000, 0x0000000087b00000| Untracked 
| 124|0x0000000087c00000, 0x0000000087c00000, 0x0000000087d00000|  0%| F|  |TAMS 0x0000000087c00000, 0x0000000087c00000| Untracked 
| 125|0x0000000087d00000, 0x0000000087d00000, 0x0000000087e00000|  0%| F|  |TAMS 0x0000000087d00000, 0x0000000087d00000| Untracked 
| 126|0x0000000087e00000, 0x0000000087e00000, 0x0000000087f00000|  0%| F|  |TAMS 0x0000000087e00000, 0x0000000087e00000| Untracked 
| 127|0x0000000087f00000, 0x0000000087f00000, 0x0000000088000000|  0%| F|  |TAMS 0x0000000087f00000, 0x0000000087f00000| Untracked 
| 128|0x0000000088000000, 0x0000000088000000, 0x0000000088100000|  0%| F|  |TAMS 0x0000000088000000, 0x0000000088000000| Untracked 
| 129|0x0000000088100000, 0x000000008814d640, 0x0000000088200000| 30%| S|CS|TAMS 0x0000000088100000, 0x0000000088100000| Complete 
| 130|0x0000000088200000, 0x0000000088300000, 0x0000000088300000|100%| S|CS|TAMS 0x0000000088200000, 0x0000000088200000| Complete 
| 131|0x0000000088300000, 0x0000000088400000, 0x0000000088400000|100%| S|CS|TAMS 0x0000000088300000, 0x0000000088300000| Complete 
| 132|0x0000000088400000, 0x0000000088500000, 0x0000000088500000|100%| S|CS|TAMS 0x0000000088400000, 0x0000000088400000| Complete 
| 133|0x0000000088500000, 0x0000000088500000, 0x0000000088600000|  0%| F|  |TAMS 0x0000000088500000, 0x0000000088500000| Untracked 
| 134|0x0000000088600000, 0x0000000088600000, 0x0000000088700000|  0%| F|  |TAMS 0x0000000088600000, 0x0000000088600000| Untracked 
| 135|0x0000000088700000, 0x0000000088700000, 0x0000000088800000|  0%| F|  |TAMS 0x0000000088700000, 0x0000000088700000| Untracked 
| 136|0x0000000088800000, 0x0000000088800000, 0x0000000088900000|  0%| F|  |TAMS 0x0000000088800000, 0x0000000088800000| Untracked 
| 137|0x0000000088900000, 0x0000000088900000, 0x0000000088a00000|  0%| F|  |TAMS 0x0000000088900000, 0x0000000088900000| Untracked 
| 138|0x0000000088a00000, 0x0000000088a00000, 0x0000000088b00000|  0%| F|  |TAMS 0x0000000088a00000, 0x0000000088a00000| Untracked 
| 139|0x0000000088b00000, 0x0000000088b00000, 0x0000000088c00000|  0%| F|  |TAMS 0x0000000088b00000, 0x0000000088b00000| Untracked 
| 140|0x0000000088c00000, 0x0000000088c00000, 0x0000000088d00000|  0%| F|  |TAMS 0x0000000088c00000, 0x0000000088c00000| Untracked 
| 141|0x0000000088d00000, 0x0000000088d00000, 0x0000000088e00000|  0%| F|  |TAMS 0x0000000088d00000, 0x0000000088d00000| Untracked 
| 142|0x0000000088e00000, 0x0000000088e00000, 0x0000000088f00000|  0%| F|  |TAMS 0x0000000088e00000, 0x0000000088e00000| Untracked 
| 143|0x0000000088f00000, 0x0000000088f00000, 0x0000000089000000|  0%| F|  |TAMS 0x0000000088f00000, 0x0000000088f00000| Untracked 
| 144|0x0000000089000000, 0x0000000089000000, 0x0000000089100000|  0%| F|  |TAMS 0x0000000089000000, 0x0000000089000000| Untracked 
| 145|0x0000000089100000, 0x0000000089100000, 0x0000000089200000|  0%| F|  |TAMS 0x0000000089100000, 0x0000000089100000| Untracked 
| 146|0x0000000089200000, 0x0000000089200000, 0x0000000089300000|  0%| F|  |TAMS 0x0000000089200000, 0x0000000089200000| Untracked 
| 147|0x0000000089300000, 0x0000000089300000, 0x0000000089400000|  0%| F|  |TAMS 0x0000000089300000, 0x0000000089300000| Untracked 
| 148|0x0000000089400000, 0x0000000089400000, 0x0000000089500000|  0%| F|  |TAMS 0x0000000089400000, 0x0000000089400000| Untracked 
| 149|0x0000000089500000, 0x0000000089500000, 0x0000000089600000|  0%| F|  |TAMS 0x0000000089500000, 0x0000000089500000| Untracked 
| 150|0x0000000089600000, 0x0000000089600000, 0x0000000089700000|  0%| F|  |TAMS 0x0000000089600000, 0x0000000089600000| Untracked 
| 151|0x0000000089700000, 0x0000000089700000, 0x0000000089800000|  0%| F|  |TAMS 0x0000000089700000, 0x0000000089700000| Untracked 
| 152|0x0000000089800000, 0x0000000089800000, 0x0000000089900000|  0%| F|  |TAMS 0x0000000089800000, 0x0000000089800000| Untracked 
| 153|0x0000000089900000, 0x0000000089900000, 0x0000000089a00000|  0%| F|  |TAMS 0x0000000089900000, 0x0000000089900000| Untracked 
| 154|0x0000000089a00000, 0x0000000089a00000, 0x0000000089b00000|  0%| F|  |TAMS 0x0000000089a00000, 0x0000000089a00000| Untracked 
| 155|0x0000000089b00000, 0x0000000089b00000, 0x0000000089c00000|  0%| F|  |TAMS 0x0000000089b00000, 0x0000000089b00000| Untracked 
| 156|0x0000000089c00000, 0x0000000089c00000, 0x0000000089d00000|  0%| F|  |TAMS 0x0000000089c00000, 0x0000000089c00000| Untracked 
| 157|0x0000000089d00000, 0x0000000089d00000, 0x0000000089e00000|  0%| F|  |TAMS 0x0000000089d00000, 0x0000000089d00000| Untracked 
| 158|0x0000000089e00000, 0x0000000089e00000, 0x0000000089f00000|  0%| F|  |TAMS 0x0000000089e00000, 0x0000000089e00000| Untracked 
| 159|0x0000000089f00000, 0x0000000089f00000, 0x000000008a000000|  0%| F|  |TAMS 0x0000000089f00000, 0x0000000089f00000| Untracked 
| 160|0x000000008a000000, 0x000000008a000000, 0x000000008a100000|  0%| F|  |TAMS 0x000000008a000000, 0x000000008a000000| Untracked 
| 161|0x000000008a100000, 0x000000008a100000, 0x000000008a200000|  0%| F|  |TAMS 0x000000008a100000, 0x000000008a100000| Untracked 
| 162|0x000000008a200000, 0x000000008a200000, 0x000000008a300000|  0%| F|  |TAMS 0x000000008a200000, 0x000000008a200000| Untracked 
| 163|0x000000008a300000, 0x000000008a300000, 0x000000008a400000|  0%| F|  |TAMS 0x000000008a300000, 0x000000008a300000| Untracked 
| 164|0x000000008a400000, 0x000000008a400000, 0x000000008a500000|  0%| F|  |TAMS 0x000000008a400000, 0x000000008a400000| Untracked 
| 165|0x000000008a500000, 0x000000008a500000, 0x000000008a600000|  0%| F|  |TAMS 0x000000008a500000, 0x000000008a500000| Untracked 
| 166|0x000000008a600000, 0x000000008a600000, 0x000000008a700000|  0%| F|  |TAMS 0x000000008a600000, 0x000000008a600000| Untracked 
| 167|0x000000008a700000, 0x000000008a700000, 0x000000008a800000|  0%| F|  |TAMS 0x000000008a700000, 0x000000008a700000| Untracked 
| 168|0x000000008a800000, 0x000000008a800000, 0x000000008a900000|  0%| F|  |TAMS 0x000000008a800000, 0x000000008a800000| Untracked 
| 169|0x000000008a900000, 0x000000008a900000, 0x000000008aa00000|  0%| F|  |TAMS 0x000000008a900000, 0x000000008a900000| Untracked 
| 170|0x000000008aa00000, 0x000000008aa00000, 0x000000008ab00000|  0%| F|  |TAMS 0x000000008aa00000, 0x000000008aa00000| Untracked 
| 171|0x000000008ab00000, 0x000000008ab00000, 0x000000008ac00000|  0%| F|  |TAMS 0x000000008ab00000, 0x000000008ab00000| Untracked 
| 172|0x000000008ac00000, 0x000000008ac00000, 0x000000008ad00000|  0%| F|  |TAMS 0x000000008ac00000, 0x000000008ac00000| Untracked 
| 173|0x000000008ad00000, 0x000000008ad00000, 0x000000008ae00000|  0%| F|  |TAMS 0x000000008ad00000, 0x000000008ad00000| Untracked 
| 174|0x000000008ae00000, 0x000000008ae00000, 0x000000008af00000|  0%| F|  |TAMS 0x000000008ae00000, 0x000000008ae00000| Untracked 
| 175|0x000000008af00000, 0x000000008af00000, 0x000000008b000000|  0%| F|  |TAMS 0x000000008af00000, 0x000000008af00000| Untracked 
| 176|0x000000008b000000, 0x000000008b000000, 0x000000008b100000|  0%| F|  |TAMS 0x000000008b000000, 0x000000008b000000| Untracked 
| 177|0x000000008b100000, 0x000000008b100000, 0x000000008b200000|  0%| F|  |TAMS 0x000000008b100000, 0x000000008b100000| Untracked 
| 178|0x000000008b200000, 0x000000008b200000, 0x000000008b300000|  0%| F|  |TAMS 0x000000008b200000, 0x000000008b200000| Untracked 
| 179|0x000000008b300000, 0x000000008b300000, 0x000000008b400000|  0%| F|  |TAMS 0x000000008b300000, 0x000000008b300000| Untracked 
| 180|0x000000008b400000, 0x000000008b400000, 0x000000008b500000|  0%| F|  |TAMS 0x000000008b400000, 0x000000008b400000| Untracked 
| 181|0x000000008b500000, 0x000000008b500000, 0x000000008b600000|  0%| F|  |TAMS 0x000000008b500000, 0x000000008b500000| Untracked 
| 182|0x000000008b600000, 0x000000008b600000, 0x000000008b700000|  0%| F|  |TAMS 0x000000008b600000, 0x000000008b600000| Untracked 
| 183|0x000000008b700000, 0x000000008b700000, 0x000000008b800000|  0%| F|  |TAMS 0x000000008b700000, 0x000000008b700000| Untracked 
| 184|0x000000008b800000, 0x000000008b800000, 0x000000008b900000|  0%| F|  |TAMS 0x000000008b800000, 0x000000008b800000| Untracked 

Card table byte_map: [0x000001d8a9930000,0x000001d8a9d30000] _byte_map_base: 0x000001d8a9530000

Marking Bits (Prev, Next): (CMBitMap*) 0x000001d894e3ec70, (CMBitMap*) 0x000001d894e3ec30
 Prev Bits: [0x000001d8ac130000, 0x000001d8ae130000)
 Next Bits: [0x000001d8aa130000, 0x000001d8ac130000)

Polling page: 0x000001d894ea0000

Metaspace:

Usage:
  Non-class:     76.37 MB used.
      Class:     12.09 MB used.
       Both:     88.46 MB used.

Virtual space:
  Non-class space:       80.00 MB reserved,      76.69 MB ( 96%) committed,  10 nodes.
      Class space:        1.00 GB reserved,      12.38 MB (  1%) committed,  1 nodes.
             Both:        1.08 GB reserved,      89.06 MB (  8%) committed. 

Chunk freelists:
   Non-Class:  3.16 MB
       Class:  3.60 MB
        Both:  6.76 MB

MaxMetaspaceSize: unlimited
CompressedClassSpaceSize: 1.00 GB
Initial GC threshold: 21.00 MB
Current GC threshold: 147.81 MB
CDS: off
MetaspaceReclaimPolicy: balanced
 - commit_granule_bytes: 65536.
 - commit_granule_words: 8192.
 - virtual_space_node_default_size: 1048576.
 - enlarge_chunks_in_place: 1.
 - new_chunks_are_fully_committed: 0.
 - uncommit_free_chunks: 1.
 - use_allocation_guard: 0.
 - handle_deallocations: 1.


Internal statistics:

num_allocs_failed_limit: 6.
num_arena_births: 914.
num_arena_deaths: 14.
num_vsnodes_births: 11.
num_vsnodes_deaths: 0.
num_space_committed: 1425.
num_space_uncommitted: 0.
num_chunks_returned_to_freelist: 23.
num_chunks_taken_from_freelist: 4312.
num_chunk_merges: 13.
num_chunk_splits: 2775.
num_chunks_enlarged: 1769.
num_purges: 2.
num_inconsistent_stats: 0.

CodeHeap 'non-profiled nmethods': size=120000Kb used=5297Kb max_used=5803Kb free=114702Kb
 bounds [0x000001d8a1590000, 0x000001d8a1b40000, 0x000001d8a8ac0000]
CodeHeap 'profiled nmethods': size=120000Kb used=20386Kb max_used=21496Kb free=99613Kb
 bounds [0x000001d899ac0000, 0x000001d89afc0000, 0x000001d8a0ff0000]
CodeHeap 'non-nmethods': size=5760Kb used=2374Kb max_used=2487Kb free=3385Kb
 bounds [0x000001d8a0ff0000, 0x000001d8a1270000, 0x000001d8a1590000]
 total_blobs=11383 nmethods=10482 adapters=813
 compilation: enabled
              stopped_count=0, restarted_count=0
 full_count=0

Compilation events (20 events):
Event: 14.207 Thread 0x000001d8b18384d0 11793       2       java.util.BitSet::or (105 bytes)
Event: 14.208 Thread 0x000001d8b18384d0 nmethod 11793 0x000001d899b77d90 code [0x000001d899b77f60, 0x000001d899b782a8]
Event: 14.208 Thread 0x000001d8b18384d0 11794       2       org.gradle.internal.snapshot.impl.EnumValueSnapshot::equals (63 bytes)
Event: 14.209 Thread 0x000001d8b18384d0 nmethod 11794 0x000001d899b0b310 code [0x000001d899b0b4e0, 0x000001d899b0b758]
Event: 14.211 Thread 0x000001d8b18384d0 11795       2       org.gradle.internal.Deferrable$$Lambda$1193/0x0000000100c36160::get (14 bytes)
Event: 14.211 Thread 0x000001d8b18384d0 nmethod 11795 0x000001d899e85590 code [0x000001d899e85740, 0x000001d899e85a88]
Event: 14.211 Thread 0x000001d8b18384d0 11796       2       org.gradle.internal.Deferrable::lambda$flatMap$1 (11 bytes)
Event: 14.212 Thread 0x000001d8b18384d0 nmethod 11796 0x000001d899d97410 code [0x000001d899d975c0, 0x000001d899d97888]
Event: 14.212 Thread 0x000001d8b18384d0 11797       2       org.gradle.internal.Deferrable$$Lambda$1201/0x0000000100c373a0::<init> (15 bytes)
Event: 14.212 Thread 0x000001d8b18384d0 nmethod 11797 0x000001d899e83990 code [0x000001d899e83b20, 0x000001d899e83cd8]
Event: 14.219 Thread 0x000001d8b18384d0 11798       2       org.gradle.internal.Deferrable$$Lambda$1201/0x0000000100c373a0::get (14 bytes)
Event: 14.219 Thread 0x000001d8b18384d0 nmethod 11798 0x000001d899b3a290 code [0x000001d899b3a460, 0x000001d899b3a688]
Event: 14.219 Thread 0x000001d8b18384d0 11799       2       org.gradle.internal.Deferrable::lambda$flatMap$0 (21 bytes)
Event: 14.219 Thread 0x000001d8b18384d0 nmethod 11799 0x000001d899af4290 code [0x000001d899af4440, 0x000001d899af4608]
Event: 14.230 Thread 0x000001d8b18384d0 11800       2       org.gradle.internal.operations.DefaultBuildOperationQueue$WorkerRunnable::<init> (6 bytes)
Event: 14.230 Thread 0x000001d8b18384d0 nmethod 11800 0x000001d899c24f90 code [0x000001d899c25120, 0x000001d899c25278]
Event: 14.230 Thread 0x000001d8b18384d0 11801       2       org.gradle.internal.operations.DefaultBuildOperationQueue$WorkerRunnable::<init> (10 bytes)
Event: 14.230 Thread 0x000001d8b18384d0 nmethod 11801 0x000001d899cda090 code [0x000001d899cda220, 0x000001d899cda378]
Event: 14.242 Thread 0x000001d8b18384d0 11802       3       org.gradle.internal.snapshot.VfsRelativePath::lengthOfCommonPrefix (173 bytes)
Event: 14.246 Thread 0x000001d8b18384d0 nmethod 11802 0x000001d899e7d910 code [0x000001d899e7dd40, 0x000001d899e7ff68]

GC Heap History (20 events):
Event: 10.305 GC heap after
{Heap after GC invocations=30 (full 0):
 garbage-first heap   total 150528K, used 73970K [0x0000000080000000, 0x0000000100000000)
  region size 1024K, 7 young (7168K), 7 survivors (7168K)
 Metaspace       used 78400K, committed 78976K, reserved 1122304K
  class space    used 10614K, committed 10880K, reserved 1048576K
}
Event: 11.025 GC heap before
{Heap before GC invocations=30 (full 0):
 garbage-first heap   total 150528K, used 119026K [0x0000000080000000, 0x0000000100000000)
  region size 1024K, 51 young (52224K), 7 survivors (7168K)
 Metaspace       used 84257K, committed 84864K, reserved 1122304K
  class space    used 11469K, committed 11776K, reserved 1048576K
}
Event: 11.033 GC heap after
{Heap after GC invocations=31 (full 0):
 garbage-first heap   total 150528K, used 77442K [0x0000000080000000, 0x0000000100000000)
  region size 1024K, 4 young (4096K), 4 survivors (4096K)
 Metaspace       used 84257K, committed 84864K, reserved 1122304K
  class space    used 11469K, committed 11776K, reserved 1048576K
}
Event: 11.470 GC heap before
{Heap before GC invocations=31 (full 0):
 garbage-first heap   total 150528K, used 120450K [0x0000000080000000, 0x0000000100000000)
  region size 1024K, 46 young (47104K), 4 survivors (4096K)
 Metaspace       used 86613K, committed 87232K, reserved 1130496K
  class space    used 11778K, committed 12096K, reserved 1048576K
}
Event: 11.477 GC heap after
{Heap after GC invocations=32 (full 0):
 garbage-first heap   total 150528K, used 82490K [0x0000000080000000, 0x0000000100000000)
  region size 1024K, 6 young (6144K), 6 survivors (6144K)
 Metaspace       used 86613K, committed 87232K, reserved 1130496K
  class space    used 11778K, committed 12096K, reserved 1048576K
}
Event: 11.773 GC heap before
{Heap before GC invocations=33 (full 0):
 garbage-first heap   total 153600K, used 121402K [0x0000000080000000, 0x0000000100000000)
  region size 1024K, 45 young (46080K), 6 survivors (6144K)
 Metaspace       used 87408K, committed 88000K, reserved 1130496K
  class space    used 11936K, committed 12224K, reserved 1048576K
}
Event: 11.782 GC heap after
{Heap after GC invocations=34 (full 0):
 garbage-first heap   total 153600K, used 88858K [0x0000000080000000, 0x0000000100000000)
  region size 1024K, 6 young (6144K), 6 survivors (6144K)
 Metaspace       used 87408K, committed 88000K, reserved 1130496K
  class space    used 11936K, committed 12224K, reserved 1048576K
}
Event: 12.384 GC heap before
{Heap before GC invocations=34 (full 0):
 garbage-first heap   total 153600K, used 123674K [0x0000000080000000, 0x0000000100000000)
  region size 1024K, 41 young (41984K), 6 survivors (6144K)
 Metaspace       used 89207K, committed 89856K, reserved 1130496K
  class space    used 12281K, committed 12544K, reserved 1048576K
}
Event: 12.392 GC heap after
{Heap after GC invocations=35 (full 0):
 garbage-first heap   total 184320K, used 93312K [0x0000000080000000, 0x0000000100000000)
  region size 1024K, 5 young (5120K), 5 survivors (5120K)
 Metaspace       used 89207K, committed 89856K, reserved 1130496K
  class space    used 12281K, committed 12544K, reserved 1048576K
}
Event: 12.888 GC heap before
{Heap before GC invocations=36 (full 0):
 garbage-first heap   total 184320K, used 145536K [0x0000000080000000, 0x0000000100000000)
  region size 1024K, 57 young (58368K), 5 survivors (5120K)
 Metaspace       used 89486K, committed 90048K, reserved 1130496K
  class space    used 12283K, committed 12544K, reserved 1048576K
}
Event: 12.893 GC heap after
{Heap after GC invocations=37 (full 0):
 garbage-first heap   total 184320K, used 95836K [0x0000000080000000, 0x0000000100000000)
  region size 1024K, 7 young (7168K), 7 survivors (7168K)
 Metaspace       used 89486K, committed 90048K, reserved 1130496K
  class space    used 12283K, committed 12544K, reserved 1048576K
}
Event: 12.911 GC heap before
{Heap before GC invocations=37 (full 0):
 garbage-first heap   total 184320K, used 96860K [0x0000000080000000, 0x0000000100000000)
  region size 1024K, 9 young (9216K), 7 survivors (7168K)
 Metaspace       used 89495K, committed 90112K, reserved 1130496K
  class space    used 12283K, committed 12544K, reserved 1048576K
}
Event: 12.917 GC heap after
{Heap after GC invocations=38 (full 0):
 garbage-first heap   total 184320K, used 95953K [0x0000000080000000, 0x0000000100000000)
  region size 1024K, 1 young (1024K), 1 survivors (1024K)
 Metaspace       used 89495K, committed 90112K, reserved 1130496K
  class space    used 12283K, committed 12544K, reserved 1048576K
}
Event: 13.487 GC heap before
{Heap before GC invocations=38 (full 0):
 garbage-first heap   total 184320K, used 149201K [0x0000000080000000, 0x0000000100000000)
  region size 1024K, 54 young (55296K), 1 survivors (1024K)
 Metaspace       used 90118K, committed 90752K, reserved 1130496K
  class space    used 12339K, committed 12608K, reserved 1048576K
}
Event: 13.493 GC heap after
{Heap after GC invocations=39 (full 0):
 garbage-first heap   total 184320K, used 98987K [0x0000000080000000, 0x0000000100000000)
  region size 1024K, 4 young (4096K), 4 survivors (4096K)
 Metaspace       used 90118K, committed 90752K, reserved 1130496K
  class space    used 12339K, committed 12608K, reserved 1048576K
}
Event: 13.948 GC heap before
{Heap before GC invocations=40 (full 0):
 garbage-first heap   total 189440K, used 150187K [0x0000000080000000, 0x0000000100000000)
  region size 1024K, 55 young (56320K), 4 survivors (4096K)
 Metaspace       used 90508K, committed 91136K, reserved 1130496K
  class space    used 12375K, committed 12672K, reserved 1048576K
}
Event: 13.955 GC heap after
{Heap after GC invocations=41 (full 0):
 garbage-first heap   total 189440K, used 103149K [0x0000000080000000, 0x0000000100000000)
  region size 1024K, 5 young (5120K), 5 survivors (5120K)
 Metaspace       used 90508K, committed 91136K, reserved 1130496K
  class space    used 12375K, committed 12672K, reserved 1048576K
}
Event: 13.974 GC heap before
{Heap before GC invocations=41 (full 0):
 garbage-first heap   total 189440K, used 107245K [0x0000000080000000, 0x0000000100000000)
  region size 1024K, 9 young (9216K), 5 survivors (5120K)
 Metaspace       used 90522K, committed 91136K, reserved 1130496K
  class space    used 12375K, committed 12672K, reserved 1048576K
}
Event: 13.979 GC heap after
{Heap after GC invocations=42 (full 0):
 garbage-first heap   total 189440K, used 103644K [0x0000000080000000, 0x0000000100000000)
  region size 1024K, 1 young (1024K), 1 survivors (1024K)
 Metaspace       used 90522K, committed 91136K, reserved 1130496K
  class space    used 12375K, committed 12672K, reserved 1048576K
}
Event: 14.274 GC heap before
{Heap before GC invocations=42 (full 0):
 garbage-first heap   total 189440K, used 154844K [0x0000000080000000, 0x0000000100000000)
  region size 1024K, 52 young (53248K), 1 survivors (1024K)
 Metaspace       used 90583K, committed 91200K, reserved 1130496K
  class space    used 12379K, committed 12672K, reserved 1048576K
}

Dll operation events (2 events):
Event: 0.009 Loaded shared library C:\Program Files\Android\Android Studio\jbr\bin\java.dll
Event: 0.499 Loaded shared library C:\Program Files\Android\Android Studio\jbr\bin\verify.dll

Deoptimization events (20 events):
Event: 14.031 Thread 0x000001d8b197edd0 DEOPT PACKING pc=0x000001d8a1a0acdc sp=0x0000004bbebfd110
Event: 14.031 Thread 0x000001d8b197edd0 DEOPT UNPACKING pc=0x000001d8a10469a3 sp=0x0000004bbebfd0a8 mode 2
Event: 14.032 Thread 0x000001d8b197edd0 DEOPT PACKING pc=0x000001d89a87d7ce sp=0x0000004bbebfdf30
Event: 14.032 Thread 0x000001d8b197edd0 DEOPT UNPACKING pc=0x000001d8a1047143 sp=0x0000004bbebfd458 mode 0
Event: 14.068 Thread 0x000001d8b197edd0 Uncommon trap: trap_request=0xffffff45 fr.pc=0x000001d8a1ab7814 relative=0x0000000000000094
Event: 14.068 Thread 0x000001d8b197edd0 Uncommon trap: reason=unstable_if action=reinterpret pc=0x000001d8a1ab7814 method=com.google.common.cache.LongAdder.add(J)V @ 24 c2
Event: 14.068 Thread 0x000001d8b197edd0 DEOPT PACKING pc=0x000001d8a1ab7814 sp=0x0000004bbebf9f20
Event: 14.068 Thread 0x000001d8b197edd0 DEOPT UNPACKING pc=0x000001d8a10469a3 sp=0x0000004bbebf9e60 mode 2
Event: 14.100 Thread 0x000001d8b197edd0 Uncommon trap: trap_request=0xffffffc6 fr.pc=0x000001d8a1a0acdc relative=0x000000000000013c
Event: 14.100 Thread 0x000001d8b197edd0 Uncommon trap: reason=bimorphic_or_optimized_type_check action=maybe_recompile pc=0x000001d8a1a0acdc method=com.google.common.collect.RegularImmutableMap.checkNoConflictInKeyBucket(Ljava/lang/Object;Ljava/lang/Object;Lcom/google/common/collect/ImmutableMa
Event: 14.100 Thread 0x000001d8b197edd0 DEOPT PACKING pc=0x000001d8a1a0acdc sp=0x0000004bbebfd110
Event: 14.100 Thread 0x000001d8b197edd0 DEOPT UNPACKING pc=0x000001d8a10469a3 sp=0x0000004bbebfd0a8 mode 2
Event: 14.125 Thread 0x000001d8b197edd0 Uncommon trap: trap_request=0xffffff45 fr.pc=0x000001d8a1b07450 relative=0x0000000000000a30
Event: 14.125 Thread 0x000001d8b197edd0 Uncommon trap: reason=unstable_if action=reinterpret pc=0x000001d8a1b07450 method=org.gradle.internal.snapshot.VfsRelativePath.lengthOfCommonPrefix(Ljava/lang/String;Lorg/gradle/internal/snapshot/CaseSensitivity;)I @ 165 c2
Event: 14.125 Thread 0x000001d8b197edd0 DEOPT PACKING pc=0x000001d8a1b07450 sp=0x0000004bbebfad40
Event: 14.125 Thread 0x000001d8b197edd0 DEOPT UNPACKING pc=0x000001d8a10469a3 sp=0x0000004bbebfacd0 mode 2
Event: 14.158 Thread 0x000001d8b434c7d0 DEOPT PACKING pc=0x000001d89af9e58f sp=0x0000004bbb0fe350
Event: 14.158 Thread 0x000001d8b434c7d0 DEOPT UNPACKING pc=0x000001d8a1047143 sp=0x0000004bbb0fd810 mode 0
Event: 14.242 Thread 0x000001d8b46880c0 DEOPT PACKING pc=0x000001d89a231189 sp=0x0000004bb9dfb800
Event: 14.242 Thread 0x000001d8b46880c0 DEOPT UNPACKING pc=0x000001d8a1047143 sp=0x0000004bb9dfad38 mode 0

Classes unloaded (7 events):
Event: 13.608 Thread 0x000001d8b1813a30 Unloading class 0x0000000100c3dc00 'java/lang/invoke/LambdaForm$DMH+0x0000000100c3dc00'
Event: 13.608 Thread 0x000001d8b1813a30 Unloading class 0x0000000100c3d800 'java/lang/invoke/LambdaForm$DMH+0x0000000100c3d800'
Event: 13.608 Thread 0x000001d8b1813a30 Unloading class 0x0000000100c3d400 'java/lang/invoke/LambdaForm$DMH+0x0000000100c3d400'
Event: 13.608 Thread 0x000001d8b1813a30 Unloading class 0x0000000100c3d000 'java/lang/invoke/LambdaForm$DMH+0x0000000100c3d000'
Event: 13.608 Thread 0x000001d8b1813a30 Unloading class 0x0000000100c3cc00 'java/lang/invoke/LambdaForm$DMH+0x0000000100c3cc00'
Event: 13.608 Thread 0x000001d8b1813a30 Unloading class 0x0000000100c3c800 'java/lang/invoke/LambdaForm$DMH+0x0000000100c3c800'
Event: 13.608 Thread 0x000001d8b1813a30 Unloading class 0x0000000100c3c000 'java/lang/invoke/LambdaForm$DMH+0x0000000100c3c000'

Classes redefined (0 events):
No events

Internal exceptions (20 events):
Event: 12.269 Thread 0x000001d8b264a340 Exception <a 'java/lang/NoSuchMethodError'{0x0000000087fcfd58}: 'java.lang.Object java.lang.invoke.DirectMethodHandle$Holder.invokeSpecialIFC(java.lang.Object, java.lang.Object, java.lang.Object)'> (0x0000000087fcfd58) 
thrown [s\src\hotspot\share\interpreter\linkResolver.cpp, line 771]
Event: 12.269 Thread 0x000001d8b4688f30 Exception <a 'java/lang/NoSuchMethodError'{0x0000000087fdcf78}: 'java.lang.Object java.lang.invoke.DirectMethodHandle$Holder.invokeSpecialIFC(java.lang.Object, java.lang.Object, java.lang.Object)'> (0x0000000087fdcf78) 
thrown [s\src\hotspot\share\interpreter\linkResolver.cpp, line 771]
Event: 12.269 Thread 0x000001d8b197d0f0 Exception <a 'java/lang/NoSuchMethodError'{0x0000000087f95810}: 'java.lang.Object java.lang.invoke.DirectMethodHandle$Holder.invokeSpecialIFC(java.lang.Object, java.lang.Object, java.lang.Object)'> (0x0000000087f95810) 
thrown [s\src\hotspot\share\interpreter\linkResolver.cpp, line 771]
Event: 12.269 Thread 0x000001d8b264c020 Exception <a 'java/lang/NoSuchMethodError'{0x0000000087fc6028}: 'java.lang.Object java.lang.invoke.DirectMethodHandle$Holder.invokeSpecialIFC(java.lang.Object, java.lang.Object, java.lang.Object)'> (0x0000000087fc6028) 
thrown [s\src\hotspot\share\interpreter\linkResolver.cpp, line 771]
Event: 12.269 Thread 0x000001d8b43462c0 Exception <a 'java/lang/NoSuchMethodError'{0x0000000087ff6598}: 'java.lang.Object java.lang.invoke.DirectMethodHandle$Holder.invokeSpecialIFC(java.lang.Object, java.lang.Object, java.lang.Object)'> (0x0000000087ff6598) 
thrown [s\src\hotspot\share\interpreter\linkResolver.cpp, line 771]
Event: 12.269 Thread 0x000001d8b5b5fcd0 Exception <a 'java/lang/NoSuchMethodError'{0x0000000087fb8788}: 'java.lang.Object java.lang.invoke.DirectMethodHandle$Holder.invokeSpecialIFC(java.lang.Object, java.lang.Object, java.lang.Object)'> (0x0000000087fb8788) 
thrown [s\src\hotspot\share\interpreter\linkResolver.cpp, line 771]
Event: 12.473 Thread 0x000001d8b264a340 Exception <a 'java/lang/NoSuchMethodError'{0x000000008ab00e28}: 'void java.lang.invoke.DirectMethodHandle$Holder.invokeVirtual(java.lang.Object, java.lang.Object)'> (0x000000008ab00e28) 
thrown [s\src\hotspot\share\interpreter\linkResolver.cpp, line 771]
Event: 12.698 Thread 0x000001d8b2647320 Implicit null exception at 0x000001d8a1ab5008 to 0x000001d8a1ab5194
Event: 13.506 Thread 0x000001d8b197edd0 Exception <a 'java/lang/NoSuchMethodError'{0x000000008b243908}: static Lcom/android/build/gradle/internal/scope/InternalArtifactType;.<clinit>()V> (0x000000008b243908) 
thrown [s\src\hotspot\share\prims\jni.cpp, line 1108]
Event: 13.507 Thread 0x000001d8b197edd0 Exception <a 'java/lang/NoSuchMethodError'{0x000000008b245060}: static Lcom/android/build/gradle/internal/scope/InternalArtifactType;.<clinit>()V> (0x000000008b245060) 
thrown [s\src\hotspot\share\prims\jni.cpp, line 1108]
Event: 13.507 Thread 0x000001d8b197edd0 Exception <a 'java/lang/NoSuchMethodError'{0x000000008b2481f0}: static Lcom/android/build/api/artifact/Artifact$Single;.<clinit>()V> (0x000000008b2481f0) 
thrown [s\src\hotspot\share\prims\jni.cpp, line 1108]
Event: 13.507 Thread 0x000001d8b197edd0 Exception <a 'java/lang/NoSuchMethodError'{0x000000008b24a768}: static Ljava/lang/Object;.<clinit>()V> (0x000000008b24a768) 
thrown [s\src\hotspot\share\prims\jni.cpp, line 1108]
Event: 13.508 Thread 0x000001d8b197edd0 Exception <a 'java/lang/NoSuchMethodError'{0x000000008b261880}: static Lcom/android/build/api/artifact/ArtifactKind;.<clinit>()V> (0x000000008b261880) 
thrown [s\src\hotspot\share\prims\jni.cpp, line 1108]
Event: 13.508 Thread 0x000001d8b197edd0 Exception <a 'java/lang/NoSuchMethodError'{0x000000008b262a40}: static Lcom/android/build/api/artifact/ArtifactKind;.<clinit>()V> (0x000000008b262a40) 
thrown [s\src\hotspot\share\prims\jni.cpp, line 1108]
Event: 13.871 Thread 0x000001d8b197edd0 Exception <a 'sun/nio/fs/WindowsException'{0x0000000088a0bed0}> (0x0000000088a0bed0) 
thrown [s\src\hotspot\share\prims\jni.cpp, line 517]
Event: 13.871 Thread 0x000001d8b197edd0 Exception <a 'sun/nio/fs/WindowsException'{0x0000000088a0db78}> (0x0000000088a0db78) 
thrown [s\src\hotspot\share\prims\jni.cpp, line 517]
Event: 13.878 Thread 0x000001d8b197edd0 Exception <a 'java/lang/NoSuchMethodError'{0x0000000088a3bf88}: 'int java.lang.invoke.DirectMethodHandle$Holder.invokeSpecial(java.lang.Object, java.lang.Object, java.lang.Object, java.lang.Object, java.lang.Object)'> (0x0000000088a3bf88) 
thrown [s\src\hotspot\share\interpreter\linkResolver.cpp, line 771]
Event: 13.917 Thread 0x000001d8b197edd0 Exception <a 'java/lang/NoSuchMethodError'{0x0000000088972680}: static Ljava/lang/Object;.<clinit>()V> (0x0000000088972680) 
thrown [s\src\hotspot\share\prims\jni.cpp, line 1108]
Event: 14.033 Thread 0x000001d8b197edd0 Exception <a 'sun/nio/fs/WindowsException'{0x000000008ae03610}> (0x000000008ae03610) 
thrown [s\src\hotspot\share\prims\jni.cpp, line 517]
Event: 14.105 Thread 0x000001d8b197edd0 Exception <a 'sun/nio/fs/WindowsException'{0x000000008a2366d8}> (0x000000008a2366d8) 
thrown [s\src\hotspot\share\prims\jni.cpp, line 517]

VM Operations (20 events):
Event: 13.526 Executing VM operation: HandshakeAllThreads done
Event: 13.528 Executing VM operation: HandshakeAllThreads
Event: 13.528 Executing VM operation: HandshakeAllThreads done
Event: 13.607 Executing VM operation: G1Concurrent
Event: 13.618 Executing VM operation: G1Concurrent done
Event: 13.669 Executing VM operation: G1Concurrent
Event: 13.669 Executing VM operation: G1Concurrent done
Event: 13.876 Executing VM operation: HandshakeAllThreads
Event: 13.876 Executing VM operation: HandshakeAllThreads done
Event: 13.918 Executing VM operation: ICBufferFull
Event: 13.918 Executing VM operation: ICBufferFull done
Event: 13.948 Executing VM operation: G1CollectForAllocation
Event: 13.955 Executing VM operation: G1CollectForAllocation done
Event: 13.974 Executing VM operation: G1CollectForAllocation
Event: 13.980 Executing VM operation: G1CollectForAllocation done
Event: 14.074 Executing VM operation: HandshakeAllThreads
Event: 14.075 Executing VM operation: HandshakeAllThreads done
Event: 14.125 Executing VM operation: HandshakeAllThreads
Event: 14.125 Executing VM operation: HandshakeAllThreads done
Event: 14.274 Executing VM operation: G1CollectForAllocation

Events (20 events):
Event: 14.141 Thread 0x000001d8b183c3c0 flushing nmethod 0x000001d89a5fdd10
Event: 14.141 Thread 0x000001d8b183c3c0 flushing nmethod 0x000001d89a5fe890
Event: 14.141 Thread 0x000001d8b183c3c0 flushing nmethod 0x000001d89a5ffc90
Event: 14.141 Thread 0x000001d8b183c3c0 flushing nmethod 0x000001d89a600f90
Event: 14.141 Thread 0x000001d8b183c3c0 flushing nmethod 0x000001d89a60a610
Event: 14.141 Thread 0x000001d8b183c3c0 flushing nmethod 0x000001d89a614a10
Event: 14.141 Thread 0x000001d8b183c3c0 flushing nmethod 0x000001d89a645390
Event: 14.141 Thread 0x000001d8b183c3c0 flushing nmethod 0x000001d89a66a090
Event: 14.141 Thread 0x000001d8b183c3c0 flushing nmethod 0x000001d89a66f490
Event: 14.141 Thread 0x000001d8b183c3c0 flushing nmethod 0x000001d89a685910
Event: 14.141 Thread 0x000001d8b183c3c0 flushing nmethod 0x000001d89a689410
Event: 14.141 Thread 0x000001d8b183c3c0 flushing nmethod 0x000001d89a68a790
Event: 14.141 Thread 0x000001d8b183c3c0 flushing nmethod 0x000001d89a691010
Event: 14.141 Thread 0x000001d8b183c3c0 flushing nmethod 0x000001d89a6c6590
Event: 14.141 Thread 0x000001d8b183c3c0 flushing nmethod 0x000001d89a6d8a10
Event: 14.142 Thread 0x000001d8b183c3c0 flushing nmethod 0x000001d89a729a10
Event: 14.142 Thread 0x000001d8b183c3c0 flushing nmethod 0x000001d89a75ec10
Event: 14.142 Thread 0x000001d8b183c3c0 flushing nmethod 0x000001d89a79c590
Event: 14.142 Thread 0x000001d8b183c3c0 flushing nmethod 0x000001d89a7e2090
Event: 14.143 Thread 0x000001d8b183c3c0 flushing nmethod 0x000001d89a88f110


Dynamic libraries:
0x00007ff7d7f30000 - 0x00007ff7d7f3a000 	C:\Program Files\Android\Android Studio\jbr\bin\java.exe
0x00007fff87c50000 - 0x00007fff87e64000 	C:\WINDOWS\SYSTEM32\ntdll.dll
0x00007fff40980000 - 0x00007fff40999000 	C:\Program Files\Avast Software\Avast\aswhook.dll
0x00007fff872a0000 - 0x00007fff87362000 	C:\WINDOWS\System32\KERNEL32.DLL
0x00007fff854d0000 - 0x00007fff85873000 	C:\WINDOWS\System32\KERNELBASE.dll
0x00007fff85330000 - 0x00007fff85441000 	C:\WINDOWS\System32\ucrtbase.dll
0x00007fff5e0d0000 - 0x00007fff5e0e7000 	C:\Program Files\Android\Android Studio\jbr\bin\jli.dll
0x00007fff64ad0000 - 0x00007fff64aeb000 	C:\Program Files\Android\Android Studio\jbr\bin\VCRUNTIME140.dll
0x00007fff87370000 - 0x00007fff8751b000 	C:\WINDOWS\System32\USER32.dll
0x00007fff6e820000 - 0x00007fff6eaae000 	C:\WINDOWS\WinSxS\amd64_microsoft.windows.common-controls_6595b64144ccf1df_6.0.22621.1635_none_270f70857386168e\COMCTL32.dll
0x00007fff85070000 - 0x00007fff85096000 	C:\WINDOWS\System32\win32u.dll
0x00007fff86dc0000 - 0x00007fff86e67000 	C:\WINDOWS\System32\msvcrt.dll
0x00007fff85cc0000 - 0x00007fff85ce9000 	C:\WINDOWS\System32\GDI32.dll
0x00007fff85210000 - 0x00007fff85328000 	C:\WINDOWS\System32\gdi32full.dll
0x00007fff858f0000 - 0x00007fff8598a000 	C:\WINDOWS\System32\msvcp_win.dll
0x00007fff86e70000 - 0x00007fff86ea1000 	C:\WINDOWS\System32\IMM32.DLL
0x00007fff63d30000 - 0x00007fff63d3c000 	C:\Program Files\Android\Android Studio\jbr\bin\vcruntime140_1.dll
0x00007fff2ddf0000 - 0x00007fff2de7d000 	C:\Program Files\Android\Android Studio\jbr\bin\msvcp140.dll
0x00007fff12680000 - 0x00007fff132ed000 	C:\Program Files\Android\Android Studio\jbr\bin\server\jvm.dll
0x00007fff85ad0000 - 0x00007fff85b7e000 	C:\WINDOWS\System32\ADVAPI32.dll
0x00007fff877c0000 - 0x00007fff87864000 	C:\WINDOWS\System32\sechost.dll
0x00007fff86ca0000 - 0x00007fff86db7000 	C:\WINDOWS\System32\RPCRT4.dll
0x00007fff7ce40000 - 0x00007fff7ce74000 	C:\WINDOWS\SYSTEM32\WINMM.dll
0x00007fff709b0000 - 0x00007fff709b9000 	C:\WINDOWS\SYSTEM32\WSOCK32.dll
0x00007fff7d8a0000 - 0x00007fff7d8aa000 	C:\WINDOWS\SYSTEM32\VERSION.dll
0x00007fff87740000 - 0x00007fff877b1000 	C:\WINDOWS\System32\WS2_32.dll
0x00007fff840c0000 - 0x00007fff840d8000 	C:\WINDOWS\SYSTEM32\kernel.appcore.dll
0x00007fff7e220000 - 0x00007fff7e22a000 	C:\Program Files\Android\Android Studio\jbr\bin\jimage.dll
0x00007fff82a50000 - 0x00007fff82c7e000 	C:\WINDOWS\SYSTEM32\DBGHELP.DLL
0x00007fff87870000 - 0x00007fff87bf9000 	C:\WINDOWS\System32\combase.dll
0x00007fff85b80000 - 0x00007fff85c57000 	C:\WINDOWS\System32\OLEAUT32.dll
0x00007fff76d70000 - 0x00007fff76da2000 	C:\WINDOWS\SYSTEM32\dbgcore.DLL
0x00007fff85450000 - 0x00007fff854cb000 	C:\WINDOWS\System32\bcryptPrimitives.dll
0x00007fff7e1f0000 - 0x00007fff7e215000 	C:\Program Files\Android\Android Studio\jbr\bin\java.dll
0x00007fff7e1d0000 - 0x00007fff7e1e8000 	C:\Program Files\Android\Android Studio\jbr\bin\zip.dll
0x00007fff85f40000 - 0x00007fff8673a000 	C:\WINDOWS\System32\SHELL32.dll
0x00007fff83070000 - 0x00007fff8393e000 	C:\WINDOWS\SYSTEM32\windows.storage.dll
0x00007fff82f30000 - 0x00007fff8306e000 	C:\WINDOWS\SYSTEM32\wintypes.dll
0x00007fff87070000 - 0x00007fff87161000 	C:\WINDOWS\System32\SHCORE.dll
0x00007fff85a50000 - 0x00007fff85aae000 	C:\WINDOWS\System32\shlwapi.dll
0x00007fff84fa0000 - 0x00007fff84fc1000 	C:\WINDOWS\SYSTEM32\profapi.dll
0x00007fff7e060000 - 0x00007fff7e079000 	C:\Program Files\Android\Android Studio\jbr\bin\net.dll
0x00007fff7c680000 - 0x00007fff7c7b7000 	C:\WINDOWS\SYSTEM32\WINHTTP.dll
0x00007fff84530000 - 0x00007fff84599000 	C:\WINDOWS\system32\mswsock.dll
0x00007fff7e040000 - 0x00007fff7e056000 	C:\Program Files\Android\Android Studio\jbr\bin\nio.dll
0x00007fff7f860000 - 0x00007fff7f870000 	C:\Program Files\Android\Android Studio\jbr\bin\verify.dll
0x00007fff63970000 - 0x00007fff63997000 	C:\Users\micha\.gradle\native\68d5fa5c4cc2d200863cafc0d521ce42e7d3e7ee720ec0a83991735586a16f82\windows-amd64\native-platform.dll
0x00007fff2d0d0000 - 0x00007fff2d214000 	C:\Users\micha\.gradle\native\e376f236ea51e6404a007f0833ffe2c6e607c4080706a723a18a27aeea778392\windows-amd64\native-platform-file-events.dll
0x00007fff7f880000 - 0x00007fff7f889000 	C:\Program Files\Android\Android Studio\jbr\bin\management.dll
0x00007fff7f870000 - 0x00007fff7f87b000 	C:\Program Files\Android\Android Studio\jbr\bin\management_ext.dll
0x00007fff86eb0000 - 0x00007fff86eb8000 	C:\WINDOWS\System32\PSAPI.DLL
0x00007fff84790000 - 0x00007fff847ab000 	C:\WINDOWS\SYSTEM32\CRYPTSP.dll
0x00007fff84030000 - 0x00007fff84065000 	C:\WINDOWS\system32\rsaenh.dll
0x00007fff84630000 - 0x00007fff84658000 	C:\WINDOWS\SYSTEM32\USERENV.dll
0x00007fff84930000 - 0x00007fff84958000 	C:\WINDOWS\SYSTEM32\bcrypt.dll
0x00007fff847b0000 - 0x00007fff847bc000 	C:\WINDOWS\SYSTEM32\CRYPTBASE.dll
0x00007fff83ba0000 - 0x00007fff83bcd000 	C:\WINDOWS\SYSTEM32\IPHLPAPI.DLL
0x00007fff87170000 - 0x00007fff87179000 	C:\WINDOWS\System32\NSI.dll
0x00007fff7c660000 - 0x00007fff7c679000 	C:\WINDOWS\SYSTEM32\dhcpcsvc6.DLL
0x00007fff7c5c0000 - 0x00007fff7c5df000 	C:\WINDOWS\SYSTEM32\dhcpcsvc.DLL
0x00007fff83c10000 - 0x00007fff83d03000 	C:\WINDOWS\SYSTEM32\DNSAPI.dll
0x00007fff7ee90000 - 0x00007fff7ee98000 	C:\WINDOWS\system32\wshunix.dll

dbghelp: loaded successfully - version: 4.0.5 - missing functions: none
symbol engine: initialized successfully - sym options: 0x614 - pdb path: .;C:\Program Files\Android\Android Studio\jbr\bin;C:\WINDOWS\SYSTEM32;C:\Program Files\Avast Software\Avast;C:\WINDOWS\WinSxS\amd64_microsoft.windows.common-controls_6595b64144ccf1df_6.0.22621.1635_none_270f70857386168e;C:\Program Files\Android\Android Studio\jbr\bin\server;C:\Users\micha\.gradle\native\68d5fa5c4cc2d200863cafc0d521ce42e7d3e7ee720ec0a83991735586a16f82\windows-amd64;C:\Users\micha\.gradle\native\e376f236ea51e6404a007f0833ffe2c6e607c4080706a723a18a27aeea778392\windows-amd64

VM Arguments:
jvm_args: --add-opens=java.base/java.util=ALL-UNNAMED --add-opens=java.base/java.lang=ALL-UNNAMED --add-opens=java.base/java.lang.invoke=ALL-UNNAMED --add-opens=java.prefs/java.util.prefs=ALL-UNNAMED --add-opens=java.base/java.nio.charset=ALL-UNNAMED --add-opens=java.base/java.net=ALL-UNNAMED --add-opens=java.base/java.util.concurrent.atomic=ALL-UNNAMED -Xmx2048m -Dfile.encoding=UTF-8 -Duser.country=ZA -Duser.language=en -Duser.variant 
java_command: org.gradle.launcher.daemon.bootstrap.GradleDaemon 8.0
java_class_path (initial): C:\Users\micha\.gradle\wrapper\dists\gradle-8.0-bin\ca5e32bp14vu59qr306oxotwh\gradle-8.0\lib\gradle-launcher-8.0.jar
Launcher Type: SUN_STANDARD

[Global flags]
     intx CICompilerCount                          = 4                                         {product} {ergonomic}
     uint ConcGCThreads                            = 2                                         {product} {ergonomic}
     uint G1ConcRefinementThreads                  = 8                                         {product} {ergonomic}
   size_t G1HeapRegionSize                         = 1048576                                   {product} {ergonomic}
    uintx GCDrainStackTargetSize                   = 64                                        {product} {ergonomic}
   size_t InitialHeapSize                          = 134217728                                 {product} {ergonomic}
   size_t MarkStackSize                            = 4194304                                   {product} {ergonomic}
   size_t MaxHeapSize                              = 2147483648                                {product} {command line}
   size_t MaxNewSize                               = 1287651328                                {product} {ergonomic}
   size_t MinHeapDeltaBytes                        = 1048576                                   {product} {ergonomic}
   size_t MinHeapSize                              = 8388608                                   {product} {ergonomic}
    uintx NonNMethodCodeHeapSize                   = 5839372                                {pd product} {ergonomic}
    uintx NonProfiledCodeHeapSize                  = 122909434                              {pd product} {ergonomic}
    uintx ProfiledCodeHeapSize                     = 122909434                              {pd product} {ergonomic}
    uintx ReservedCodeCacheSize                    = 251658240                              {pd product} {ergonomic}
     bool SegmentedCodeCache                       = true                                      {product} {ergonomic}
   size_t SoftMaxHeapSize                          = 2147483648                             {manageable} {ergonomic}
     bool UseCompressedClassPointers               = true                           {product lp64_product} {ergonomic}
     bool UseCompressedOops                        = true                           {product lp64_product} {ergonomic}
     bool UseG1GC                                  = true                                      {product} {ergonomic}
     bool UseLargePagesIndividualAllocation        = false                                  {pd product} {ergonomic}

Logging:
Log output configuration:
 #0: stdout all=warning uptime,level,tags
 #1: stderr all=off uptime,level,tags

Environment Variables:
JAVA_HOME=C:\Program Files\Java\jdk-18.0.2\bin
PATH=C:\Python311\Scripts\;C:\Python311\;"C:\xampp\php;C:\app\micha\product\18.0.0\dbhomeXE\bin";C:\Program Files\Common Files\Oracle\Java\javapath;C:\Program Files (x86)\Common Files\Oracle\Java\javapath;C:\Windows\system32;C:\Windows;C:\Windows\System32\Wbem;C:\Windows\System32\WindowsPowerShell\v1.0\;C:\Windows\System32\OpenSSH\;C:\Program Files\NVIDIA Corporation\NVIDIA NvDLISR;C:\Program Files (x86)\NVIDIA Corporation\PhysX\Common;C:\Program Files\Microsoft SQL Server\Client SDK\ODBC\170\Tools\Binn\;C:\Program Files (x86)\Microsoft SQL Server\150\Tools\Binn\;C:\Program Files\Microsoft SQL Server\150\Tools\Binn\;C:\Program Files\Microsoft SQL Server\150\DTS\Binn\;C:\Program Files\Git\cmd;C:\Program Files\dotnet\;C:\Program Files (x86)\dotnet\;C:\Program Files\Java\jdk-18.0.2\bin;C:\WINDOWS\system32;C:\WINDOWS;C:\WINDOWS\System32\Wbem;C:\WINDOWS\System32\WindowsPowerShell\v1.0\;C:\WINDOWS\System32\OpenSSH\;C:\xampp\php;C:\Program Files\nodejs\;C:\ProgramData\chocolatey\bin;C:\Users\micha\AppData\Local\Microsoft\WindowsApps;C:\Program Files\Azure Data Studio\bin;C:\Program Files\JetBrains\IntelliJ IDEA Community Edition 2021.3.3\bin;;C:\Users\micha\AppData\Local\Programs\Microsoft VS Code\bin;C:\Users\micha\AppData\Roaming\npm
USERNAME=micha
OS=Windows_NT
PROCESSOR_IDENTIFIER=Intel64 Family 6 Model 158 Stepping 10, GenuineIntel
TMP=C:\Users\micha\AppData\Local\Temp
TEMP=C:\Users\micha\AppData\Local\Temp



---------------  S Y S T E M  ---------------

OS:
 Windows 11 , 64 bit Build 22621 (10.0.22621.1635)
OS uptime: 0 days 0:17 hours

CPU: total 8 (initial active 8) (4 cores per cpu, 2 threads per core) family 6 model 158 stepping 10 microcode 0xde, cx8, cmov, fxsr, ht, mmx, 3dnowpref, sse, sse2, sse3, ssse3, sse4.1, sse4.2, popcnt, lzcnt, tsc, tscinvbit, avx, avx2, aes, erms, clmul, bmi1, bmi2, adx, fma, vzeroupper, clflush, clflushopt

Memory: 4k page, system-wide physical 8072M (243M free)
TotalPageFile size 16240M (AvailPageFile size 131M)
current process WorkingSet (physical memory assigned to process): 453M, peak: 453M
current process commit charge ("private bytes"): 487M, peak: 670M

vm_info: OpenJDK 64-Bit Server VM (17.0.6+0-b2043.56-9586694) for windows-amd64 JRE (17.0.6+0-b2043.56-9586694), built on Feb  9 2023 20:06:20 by "androidbuild" with MS VC++ 16.10 / 16.11 (VS2019)

END.
